{
  "uid" : "38096d29b4cb947e",
  "name" : "basicTransactV3",
  "fullName" : "API.dotCoreTests.regression_Raas_Transact_V3.basicTransactV3",
  "historyId" : "36d7ae3940a416be3191666b9187fef7",
  "time" : {
    "start" : 1583485881226,
    "stop" : 1583485884321,
    "duration" : 3095
  },
  "description" : "Transact V3 Success test",
  "descriptionHtml" : "<p>Transact V3 Success test</p>\n",
  "status" : "failed",
  "statusMessage" : "expected [0000] but found [0001]",
  "statusTrace" : "java.lang.AssertionError: expected [0000] but found [0001]\r\n\tat org.testng.Assert.fail(Assert.java:96)\r\n\tat org.testng.Assert.failNotEquals(Assert.java:776)\r\n\tat org.testng.Assert.assertEqualsImpl(Assert.java:137)\r\n\tat org.testng.Assert.assertEquals(Assert.java:118)\r\n\tat org.testng.Assert.assertEquals(Assert.java:453)\r\n\tat org.testng.Assert.assertEquals(Assert.java:463)\r\n\tat API.dotCoreTests.regression_Raas_Transact_V3.basicTransactV3(regression_Raas_Transact_V3.java:142)\r\n\tat sun.reflect.NativeMethodAccessorImpl.invoke0(Native Method)\r\n\tat sun.reflect.NativeMethodAccessorImpl.invoke(NativeMethodAccessorImpl.java:62)\r\n\tat sun.reflect.DelegatingMethodAccessorImpl.invoke(DelegatingMethodAccessorImpl.java:43)\r\n\tat java.lang.reflect.Method.invoke(Method.java:498)\r\n\tat org.testng.internal.MethodInvocationHelper.invokeMethod(MethodInvocationHelper.java:124)\r\n\tat org.testng.internal.Invoker.invokeMethod(Invoker.java:583)\r\n\tat org.testng.internal.Invoker.invokeTestMethod(Invoker.java:719)\r\n\tat org.testng.internal.TestMethodWithDataProviderMethodWorker.call(TestMethodWithDataProviderMethodWorker.java:71)\r\n\tat org.testng.internal.TestMethodWithDataProviderMethodWorker.call(TestMethodWithDataProviderMethodWorker.java:14)\r\n\tat java.util.concurrent.FutureTask.run(FutureTask.java:266)\r\n\tat java.util.concurrent.Executors$RunnableAdapter.call(Executors.java:511)\r\n\tat java.util.concurrent.FutureTask.run(FutureTask.java:266)\r\n\tat java.util.concurrent.ThreadPoolExecutor.runWorker(ThreadPoolExecutor.java:1149)\r\n\tat java.util.concurrent.ThreadPoolExecutor$Worker.run(ThreadPoolExecutor.java:624)\r\n\tat java.lang.Thread.run(Thread.java:748)\r\n",
  "flaky" : false,
  "newFailed" : false,
  "beforeStages" : [ ],
  "testStage" : {
    "description" : "Transact V3 Success test",
    "status" : "failed",
    "statusMessage" : "expected [0000] but found [0001]",
    "statusTrace" : "java.lang.AssertionError: expected [0000] but found [0001]\r\n\tat org.testng.Assert.fail(Assert.java:96)\r\n\tat org.testng.Assert.failNotEquals(Assert.java:776)\r\n\tat org.testng.Assert.assertEqualsImpl(Assert.java:137)\r\n\tat org.testng.Assert.assertEquals(Assert.java:118)\r\n\tat org.testng.Assert.assertEquals(Assert.java:453)\r\n\tat org.testng.Assert.assertEquals(Assert.java:463)\r\n\tat API.dotCoreTests.regression_Raas_Transact_V3.basicTransactV3(regression_Raas_Transact_V3.java:142)\r\n\tat sun.reflect.NativeMethodAccessorImpl.invoke0(Native Method)\r\n\tat sun.reflect.NativeMethodAccessorImpl.invoke(NativeMethodAccessorImpl.java:62)\r\n\tat sun.reflect.DelegatingMethodAccessorImpl.invoke(DelegatingMethodAccessorImpl.java:43)\r\n\tat java.lang.reflect.Method.invoke(Method.java:498)\r\n\tat org.testng.internal.MethodInvocationHelper.invokeMethod(MethodInvocationHelper.java:124)\r\n\tat org.testng.internal.Invoker.invokeMethod(Invoker.java:583)\r\n\tat org.testng.internal.Invoker.invokeTestMethod(Invoker.java:719)\r\n\tat org.testng.internal.TestMethodWithDataProviderMethodWorker.call(TestMethodWithDataProviderMethodWorker.java:71)\r\n\tat org.testng.internal.TestMethodWithDataProviderMethodWorker.call(TestMethodWithDataProviderMethodWorker.java:14)\r\n\tat java.util.concurrent.FutureTask.run(FutureTask.java:266)\r\n\tat java.util.concurrent.Executors$RunnableAdapter.call(Executors.java:511)\r\n\tat java.util.concurrent.FutureTask.run(FutureTask.java:266)\r\n\tat java.util.concurrent.ThreadPoolExecutor.runWorker(ThreadPoolExecutor.java:1149)\r\n\tat java.util.concurrent.ThreadPoolExecutor$Worker.run(ThreadPoolExecutor.java:624)\r\n\tat java.lang.Thread.run(Thread.java:748)\r\n",
    "steps" : [ {
      "name" : "Transact V3 Success",
      "time" : {
        "start" : 1583485881244,
        "stop" : 1583485884293,
        "duration" : 3049
      },
      "status" : "failed",
      "statusMessage" : "expected [0000] but found [0001]",
      "statusTrace" : "java.lang.AssertionError: expected [0000] but found [0001]\r\n\tat org.testng.Assert.fail(Assert.java:96)\r\n\tat org.testng.Assert.failNotEquals(Assert.java:776)\r\n\tat org.testng.Assert.assertEqualsImpl(Assert.java:137)\r\n\tat org.testng.Assert.assertEquals(Assert.java:118)\r\n\tat org.testng.Assert.assertEquals(Assert.java:453)\r\n\tat org.testng.Assert.assertEquals(Assert.java:463)\r\n\tat API.dotCoreTests.regression_Raas_Transact_V3.basicTransactV3(regression_Raas_Transact_V3.java:142)\r\n\tat sun.reflect.NativeMethodAccessorImpl.invoke0(Native Method)\r\n\tat sun.reflect.NativeMethodAccessorImpl.invoke(NativeMethodAccessorImpl.java:62)\r\n\tat sun.reflect.DelegatingMethodAccessorImpl.invoke(DelegatingMethodAccessorImpl.java:43)\r\n\tat java.lang.reflect.Method.invoke(Method.java:498)\r\n\tat org.testng.internal.MethodInvocationHelper.invokeMethod(MethodInvocationHelper.java:124)\r\n\tat org.testng.internal.Invoker.invokeMethod(Invoker.java:583)\r\n\tat org.testng.internal.Invoker.invokeTestMethod(Invoker.java:719)\r\n\tat org.testng.internal.TestMethodWithDataProviderMethodWorker.call(TestMethodWithDataProviderMethodWorker.java:71)\r\n\tat org.testng.internal.TestMethodWithDataProviderMethodWorker.call(TestMethodWithDataProviderMethodWorker.java:14)\r\n\tat java.util.concurrent.FutureTask.run(FutureTask.java:266)\r\n\tat java.util.concurrent.Executors$RunnableAdapter.call(Executors.java:511)\r\n\tat java.util.concurrent.FutureTask.run(FutureTask.java:266)\r\n\tat java.util.concurrent.ThreadPoolExecutor.runWorker(ThreadPoolExecutor.java:1149)\r\n\tat java.util.concurrent.ThreadPoolExecutor$Worker.run(ThreadPoolExecutor.java:624)\r\n\tat java.lang.Thread.run(Thread.java:748)\r\n",
      "steps" : [ ],
      "attachments" : [ ],
      "parameters" : [ {
        "name" : "accountIdentifier",
        "value" : "testaccount"
      }, {
        "name" : "purchaseAmount",
        "value" : "5900"
      }, {
        "name" : "channelId",
        "value" : "8"
      }, {
        "name" : "channelName",
        "value" : "test"
      }, {
        "name" : "channelSessionId",
        "value" : "2022564675"
      }, {
        "name" : "clientId",
        "value" : "2"
      }, {
        "name" : "clientTxnRef",
        "value" : "test123"
      }, {
        "name" : "productId",
        "value" : "60"
      }, {
        "name" : "sourceIdentifier",
        "value" : "27731304702"
      }, {
        "name" : "targetIdentifier",
        "value" : "27731304702"
      }, {
        "name" : "timeStamp",
        "value" : "2019-09-03T15:35:26.720+02:00"
      }, {
        "name" : "reserveFundsTxnRef",
        "value" : "de1cb702-10a7-4656-8598-f9ebd"
      }, {
        "name" : "feeAmount",
        "value" : "0"
      }, {
        "name" : "currencyCode",
        "value" : "ZAR"
      }, {
        "name" : "expectedRaasResponseCode",
        "value" : "0000"
      }, {
        "name" : "expectedMessage",
        "value" : "Processing request (funds reserved)"
      }, {
        "name" : "expectedHTTPResponseCode",
        "value" : "200"
      }, {
        "name" : "expectedRaasResultRequestResponseCode",
        "value" : "0000"
      }, {
        "name" : "expectedRaasResultResponseResponseCode",
        "value" : "202"
      }, {
        "name" : "expectedCTXTransactionResponseCode",
        "value" : "0"
      } ],
      "hasContent" : true,
      "stepsCount" : 0,
      "shouldDisplayMessage" : true,
      "attachmentsCount" : 0
    } ],
    "attachments" : [ {
      "uid" : "fd18253c60f575f4",
      "name" : "request",
      "source" : "fd18253c60f575f4.txt",
      "type" : "text/plain",
      "size" : 1174
    }, {
      "uid" : "75f7a8cf080e7f8c",
      "name" : "response",
      "source" : "75f7a8cf080e7f8c.txt",
      "type" : "text/plain",
      "size" : 1092
    } ],
    "parameters" : [ ],
    "hasContent" : true,
    "stepsCount" : 1,
    "shouldDisplayMessage" : false,
    "attachmentsCount" : 2
  },
  "afterStages" : [ ],
  "labels" : [ {
    "name" : "package",
    "value" : "API.dotCoreTests.regression_Raas_Transact_V3"
  }, {
    "name" : "testClass",
    "value" : "API.dotCoreTests.regression_Raas_Transact_V3"
  }, {
    "name" : "testMethod",
    "value" : "basicTransactV3"
  }, {
    "name" : "parentSuite",
    "value" : "Transact V3 Test Suite"
  }, {
    "name" : "suite",
    "value" : "regression_Raas_Transact_V3.java"
  }, {
    "name" : "subSuite",
    "value" : "API.dotCoreTests.regression_Raas_Transact_V3"
  }, {
    "name" : "host",
    "value" : "FANB0610"
  }, {
    "name" : "thread",
    "value" : "20264@FANB0610.TestNG-PoolService-0(15)"
  }, {
    "name" : "framework",
    "value" : "testng"
  }, {
    "name" : "language",
    "value" : "java"
  }, {
    "name" : "resultFormat",
    "value" : "allure2"
  } ],
  "parameters" : [ {
    "name" : "arg0",
    "value" : "testaccount"
  }, {
    "name" : "arg1",
    "value" : "5900"
  }, {
    "name" : "arg10",
    "value" : "2019-09-03T15:35:26.720+02:00"
  }, {
    "name" : "arg11",
    "value" : "de1cb702-10a7-4656-8598-f9ebd"
  }, {
    "name" : "arg12",
    "value" : "0"
  }, {
    "name" : "arg13",
    "value" : "ZAR"
  }, {
    "name" : "arg14",
    "value" : "0000"
  }, {
    "name" : "arg15",
    "value" : "Processing request (funds reserved)"
  }, {
    "name" : "arg16",
    "value" : "200"
  }, {
    "name" : "arg17",
    "value" : "0000"
  }, {
    "name" : "arg18",
    "value" : "202"
  }, {
    "name" : "arg19",
    "value" : "0"
  }, {
    "name" : "arg2",
    "value" : "8"
  }, {
    "name" : "arg3",
    "value" : "test"
  }, {
    "name" : "arg4",
    "value" : "2022564675"
  }, {
    "name" : "arg5",
    "value" : "2"
  }, {
    "name" : "arg6",
    "value" : "test123"
  }, {
    "name" : "arg7",
    "value" : "60"
  }, {
    "name" : "arg8",
    "value" : "27731304702"
  }, {
    "name" : "arg9",
    "value" : "27731304702"
  } ],
  "links" : [ ],
  "hidden" : false,
  "retry" : false,
  "extra" : {
    "severity" : "normal",
    "retries" : [ ],
    "categories" : [ {
      "name" : "Product defects",
      "matchedStatuses" : [ ],
      "flaky" : false
    } ],
    "tags" : [ ]
  },
  "source" : "38096d29b4cb947e.json",
  "parameterValues" : [ "testaccount", "5900", "2019-09-03T15:35:26.720+02:00", "de1cb702-10a7-4656-8598-f9ebd", "0", "ZAR", "0000", "Processing request (funds reserved)", "200", "0000", "202", "0", "8", "test", "2022564675", "2", "test123", "60", "27731304702", "27731304702" ]
}