{
  "uid" : "3d369def52df312a",
  "name" : "transactV4VendorPendingToRetryableDeclineToNonRetryableDeclineTests",
  "fullName" : "API.dotCoreTests.regression_Raas_Transact_V4.transactV4VendorPendingToRetryableDeclineToNonRetryableDeclineTests",
  "historyId" : "ca7ad895745a3af1e836feb14aa9a1a3",
  "time" : {
    "start" : 1603988878309,
    "stop" : 1603988912965,
    "duration" : 34656
  },
  "status" : "failed",
  "statusMessage" : "expected [2240] but found [0]",
  "statusTrace" : "java.lang.AssertionError: expected [2240] but found [0]\r\n\tat org.testng.Assert.fail(Assert.java:97)\r\n\tat org.testng.Assert.assertEqualsImpl(Assert.java:136)\r\n\tat org.testng.Assert.assertEquals(Assert.java:118)\r\n\tat org.testng.Assert.assertEquals(Assert.java:575)\r\n\tat org.testng.Assert.assertEquals(Assert.java:585)\r\n\tat API.dotCoreTests.regression_Raas_Transact_V4.transactV4VendorPendingToRetryableDeclineToNonRetryableDeclineTests(regression_Raas_Transact_V4.java:3645)\r\n\tat sun.reflect.NativeMethodAccessorImpl.invoke0(Native Method)\r\n\tat sun.reflect.NativeMethodAccessorImpl.invoke(NativeMethodAccessorImpl.java:62)\r\n\tat sun.reflect.DelegatingMethodAccessorImpl.invoke(DelegatingMethodAccessorImpl.java:43)\r\n\tat java.lang.reflect.Method.invoke(Method.java:498)\r\n\tat org.testng.internal.MethodInvocationHelper.invokeMethod(MethodInvocationHelper.java:131)\r\n\tat org.testng.internal.TestInvoker.invokeMethod(TestInvoker.java:570)\r\n\tat org.testng.internal.TestInvoker.invokeTestMethod(TestInvoker.java:170)\r\n\tat org.testng.internal.MethodRunner.runInSequence(MethodRunner.java:46)\r\n\tat org.testng.internal.TestInvoker$MethodInvocationAgent.invoke(TestInvoker.java:790)\r\n\tat org.testng.internal.TestInvoker.invokeTestMethods(TestInvoker.java:143)\r\n\tat org.testng.internal.TestMethodWorker.invokeTestMethods(TestMethodWorker.java:146)\r\n\tat org.testng.internal.TestMethodWorker.run(TestMethodWorker.java:128)\r\n\tat java.util.concurrent.ThreadPoolExecutor.runWorker(ThreadPoolExecutor.java:1149)\r\n\tat java.util.concurrent.ThreadPoolExecutor$Worker.run(ThreadPoolExecutor.java:624)\r\n\tat java.lang.Thread.run(Thread.java:748)\r\n",
  "flaky" : false,
  "newFailed" : false,
  "beforeStages" : [ {
    "name" : "setUp",
    "time" : {
      "start" : 1603988831751,
      "stop" : 1603988831756,
      "duration" : 5
    },
    "description" : "",
    "status" : "passed",
    "steps" : [ ],
    "attachments" : [ ],
    "parameters" : [ ],
    "shouldDisplayMessage" : false,
    "attachmentsCount" : 0,
    "stepsCount" : 0,
    "hasContent" : false
  } ],
  "testStage" : {
    "status" : "failed",
    "statusMessage" : "expected [2240] but found [0]",
    "statusTrace" : "java.lang.AssertionError: expected [2240] but found [0]\r\n\tat org.testng.Assert.fail(Assert.java:97)\r\n\tat org.testng.Assert.assertEqualsImpl(Assert.java:136)\r\n\tat org.testng.Assert.assertEquals(Assert.java:118)\r\n\tat org.testng.Assert.assertEquals(Assert.java:575)\r\n\tat org.testng.Assert.assertEquals(Assert.java:585)\r\n\tat API.dotCoreTests.regression_Raas_Transact_V4.transactV4VendorPendingToRetryableDeclineToNonRetryableDeclineTests(regression_Raas_Transact_V4.java:3645)\r\n\tat sun.reflect.NativeMethodAccessorImpl.invoke0(Native Method)\r\n\tat sun.reflect.NativeMethodAccessorImpl.invoke(NativeMethodAccessorImpl.java:62)\r\n\tat sun.reflect.DelegatingMethodAccessorImpl.invoke(DelegatingMethodAccessorImpl.java:43)\r\n\tat java.lang.reflect.Method.invoke(Method.java:498)\r\n\tat org.testng.internal.MethodInvocationHelper.invokeMethod(MethodInvocationHelper.java:131)\r\n\tat org.testng.internal.TestInvoker.invokeMethod(TestInvoker.java:570)\r\n\tat org.testng.internal.TestInvoker.invokeTestMethod(TestInvoker.java:170)\r\n\tat org.testng.internal.MethodRunner.runInSequence(MethodRunner.java:46)\r\n\tat org.testng.internal.TestInvoker$MethodInvocationAgent.invoke(TestInvoker.java:790)\r\n\tat org.testng.internal.TestInvoker.invokeTestMethods(TestInvoker.java:143)\r\n\tat org.testng.internal.TestMethodWorker.invokeTestMethods(TestMethodWorker.java:146)\r\n\tat org.testng.internal.TestMethodWorker.run(TestMethodWorker.java:128)\r\n\tat java.util.concurrent.ThreadPoolExecutor.runWorker(ThreadPoolExecutor.java:1149)\r\n\tat java.util.concurrent.ThreadPoolExecutor$Worker.run(ThreadPoolExecutor.java:624)\r\n\tat java.lang.Thread.run(Thread.java:748)\r\n",
    "steps" : [ {
      "name" : "8. POST Vendor Simulator, Pending to Retryable Decline To Non Retryable Decline scenarios",
      "time" : {
        "start" : 1603988878309,
        "stop" : 1603988912960,
        "duration" : 34651
      },
      "status" : "failed",
      "statusMessage" : "expected [2240] but found [0]",
      "statusTrace" : "java.lang.AssertionError: expected [2240] but found [0]\r\n\tat org.testng.Assert.fail(Assert.java:97)\r\n\tat org.testng.Assert.assertEqualsImpl(Assert.java:136)\r\n\tat org.testng.Assert.assertEquals(Assert.java:118)\r\n\tat org.testng.Assert.assertEquals(Assert.java:575)\r\n\tat org.testng.Assert.assertEquals(Assert.java:585)\r\n\tat API.dotCoreTests.regression_Raas_Transact_V4.transactV4VendorPendingToRetryableDeclineToNonRetryableDeclineTests(regression_Raas_Transact_V4.java:3645)\r\n\tat sun.reflect.NativeMethodAccessorImpl.invoke0(Native Method)\r\n\tat sun.reflect.NativeMethodAccessorImpl.invoke(NativeMethodAccessorImpl.java:62)\r\n\tat sun.reflect.DelegatingMethodAccessorImpl.invoke(DelegatingMethodAccessorImpl.java:43)\r\n\tat java.lang.reflect.Method.invoke(Method.java:498)\r\n\tat org.testng.internal.MethodInvocationHelper.invokeMethod(MethodInvocationHelper.java:131)\r\n\tat org.testng.internal.TestInvoker.invokeMethod(TestInvoker.java:570)\r\n\tat org.testng.internal.TestInvoker.invokeTestMethod(TestInvoker.java:170)\r\n\tat org.testng.internal.MethodRunner.runInSequence(MethodRunner.java:46)\r\n\tat org.testng.internal.TestInvoker$MethodInvocationAgent.invoke(TestInvoker.java:790)\r\n\tat org.testng.internal.TestInvoker.invokeTestMethods(TestInvoker.java:143)\r\n\tat org.testng.internal.TestMethodWorker.invokeTestMethods(TestMethodWorker.java:146)\r\n\tat org.testng.internal.TestMethodWorker.run(TestMethodWorker.java:128)\r\n\tat java.util.concurrent.ThreadPoolExecutor.runWorker(ThreadPoolExecutor.java:1149)\r\n\tat java.util.concurrent.ThreadPoolExecutor$Worker.run(ThreadPoolExecutor.java:624)\r\n\tat java.lang.Thread.run(Thread.java:748)\r\n",
      "steps" : [ {
        "name" : "Action Test Step 1 : Set Vendor simulator to fail (MTNNG EXCEPTION)",
        "time" : {
          "start" : 1603988878309,
          "stop" : 1603988878309,
          "duration" : 0
        },
        "status" : "passed",
        "steps" : [ ],
        "attachments" : [ ],
        "parameters" : [ ],
        "shouldDisplayMessage" : false,
        "attachmentsCount" : 0,
        "stepsCount" : 0,
        "hasContent" : false
      }, {
        "name" : "Action Test Step 2 : Wait 5 seconds for simulator to run",
        "time" : {
          "start" : 1603988879647,
          "stop" : 1603988879647,
          "duration" : 0
        },
        "status" : "passed",
        "steps" : [ ],
        "attachments" : [ ],
        "parameters" : [ ],
        "shouldDisplayMessage" : false,
        "attachmentsCount" : 0,
        "stepsCount" : 0,
        "hasContent" : false
      }, {
        "name" : "Action Test Step 3 : Execute Fin Terms Calculate REST Request",
        "time" : {
          "start" : 1603988884650,
          "stop" : 1603988884650,
          "duration" : 0
        },
        "status" : "passed",
        "steps" : [ ],
        "attachments" : [ ],
        "parameters" : [ ],
        "shouldDisplayMessage" : false,
        "attachmentsCount" : 0,
        "stepsCount" : 0,
        "hasContent" : false
      }, {
        "name" : "Action Test Step 4 : Execute Transact V4 REST Request",
        "time" : {
          "start" : 1603988884780,
          "stop" : 1603988884780,
          "duration" : 0
        },
        "status" : "passed",
        "steps" : [ ],
        "attachments" : [ ],
        "parameters" : [ ],
        "shouldDisplayMessage" : false,
        "attachmentsCount" : 0,
        "stepsCount" : 0,
        "hasContent" : false
      }, {
        "name" : "Action Test Step 5 : Set Vendor simulator to fail (ERROR ERROR_VENDOR_SYSTEM)",
        "time" : {
          "start" : 1603988884977,
          "stop" : 1603988884977,
          "duration" : 0
        },
        "status" : "passed",
        "steps" : [ ],
        "attachments" : [ ],
        "parameters" : [ ],
        "shouldDisplayMessage" : false,
        "attachmentsCount" : 0,
        "stepsCount" : 0,
        "hasContent" : false
      }, {
        "name" : "Action Test Step 6 : Wait 15 seconds for simulator to run and transaction data to process",
        "time" : {
          "start" : 1603988886367,
          "stop" : 1603988886367,
          "duration" : 0
        },
        "status" : "passed",
        "steps" : [ ],
        "attachments" : [ ],
        "parameters" : [ ],
        "shouldDisplayMessage" : false,
        "attachmentsCount" : 0,
        "stepsCount" : 0,
        "hasContent" : false
      }, {
        "name" : "Step.1 --> Financial Terms Calculate response assertions --> Validate clientId field exists (not empty)",
        "time" : {
          "start" : 1603988901372,
          "stop" : 1603988901372,
          "duration" : 0
        },
        "status" : "passed",
        "steps" : [ ],
        "attachments" : [ ],
        "parameters" : [ ],
        "shouldDisplayMessage" : false,
        "attachmentsCount" : 0,
        "stepsCount" : 0,
        "hasContent" : false
      }, {
        "name" : "Step.2 --> Financial Terms Calculate response assertions --> Validate clientId field exists (not null)",
        "time" : {
          "start" : 1603988901381,
          "stop" : 1603988901381,
          "duration" : 0
        },
        "status" : "passed",
        "steps" : [ ],
        "attachments" : [ ],
        "parameters" : [ ],
        "shouldDisplayMessage" : false,
        "attachmentsCount" : 0,
        "stepsCount" : 0,
        "hasContent" : false
      }, {
        "name" : "Step.3 --> Financial Terms Calculate response assertions --> Validate clientId field is correct",
        "time" : {
          "start" : 1603988901388,
          "stop" : 1603988901388,
          "duration" : 0
        },
        "status" : "passed",
        "steps" : [ ],
        "attachments" : [ ],
        "parameters" : [ ],
        "shouldDisplayMessage" : false,
        "attachmentsCount" : 0,
        "stepsCount" : 0,
        "hasContent" : false
      }, {
        "name" : "Step.4 --> Financial Terms Calculate response assertions --> Validate productId field is correct",
        "time" : {
          "start" : 1603988901396,
          "stop" : 1603988901396,
          "duration" : 0
        },
        "status" : "passed",
        "steps" : [ ],
        "attachments" : [ ],
        "parameters" : [ ],
        "shouldDisplayMessage" : false,
        "attachmentsCount" : 0,
        "stepsCount" : 0,
        "hasContent" : false
      }, {
        "name" : "Step.5 --> Financial Terms Calculate response assertions --> Validate purchaseAmount field is correct",
        "time" : {
          "start" : 1603988901403,
          "stop" : 1603988901403,
          "duration" : 0
        },
        "status" : "passed",
        "steps" : [ ],
        "attachments" : [ ],
        "parameters" : [ ],
        "shouldDisplayMessage" : false,
        "attachmentsCount" : 0,
        "stepsCount" : 0,
        "hasContent" : false
      }, {
        "name" : "Step.6 --> Transact V4 REST response assertions --> Validate responseCode field is correct",
        "time" : {
          "start" : 1603988901409,
          "stop" : 1603988901409,
          "duration" : 0
        },
        "status" : "passed",
        "steps" : [ ],
        "attachments" : [ ],
        "parameters" : [ ],
        "shouldDisplayMessage" : false,
        "attachmentsCount" : 0,
        "stepsCount" : 0,
        "hasContent" : false
      }, {
        "name" : "Step.7 --> Transact V4 REST response assertions --> Validate responseMessage field is correct",
        "time" : {
          "start" : 1603988901415,
          "stop" : 1603988901415,
          "duration" : 0
        },
        "status" : "passed",
        "steps" : [ ],
        "attachments" : [ ],
        "parameters" : [ ],
        "shouldDisplayMessage" : false,
        "attachmentsCount" : 0,
        "stepsCount" : 0,
        "hasContent" : false
      }, {
        "name" : "Step.8 --> Transact V4 REST response assertions --> Validate raasTxnRef field exists",
        "time" : {
          "start" : 1603988901421,
          "stop" : 1603988901421,
          "duration" : 0
        },
        "status" : "passed",
        "steps" : [ ],
        "attachments" : [ ],
        "parameters" : [ ],
        "shouldDisplayMessage" : false,
        "attachmentsCount" : 0,
        "stepsCount" : 0,
        "hasContent" : false
      }, {
        "name" : "Step.9 --> Transact V4 REST response assertions --> Validate HTTPResponseCode is correct",
        "time" : {
          "start" : 1603988901428,
          "stop" : 1603988901428,
          "duration" : 0
        },
        "status" : "passed",
        "steps" : [ ],
        "attachments" : [ ],
        "parameters" : [ ],
        "shouldDisplayMessage" : false,
        "attachmentsCount" : 0,
        "stepsCount" : 0,
        "hasContent" : false
      }, {
        "name" : "Step.10 --> RAAS DB assertions --> Table: raas_request --> Validate raas_txn_ref field is correct",
        "time" : {
          "start" : 1603988901428,
          "stop" : 1603988901428,
          "duration" : 0
        },
        "status" : "passed",
        "steps" : [ ],
        "attachments" : [ ],
        "parameters" : [ ],
        "shouldDisplayMessage" : false,
        "attachmentsCount" : 0,
        "stepsCount" : 0,
        "hasContent" : false
      }, {
        "name" : "Step.11 --> RAAS DB assertions --> Table: raas_request --> Validate account_identifier field is correct",
        "time" : {
          "start" : 1603988901688,
          "stop" : 1603988901688,
          "duration" : 0
        },
        "status" : "passed",
        "steps" : [ ],
        "attachments" : [ ],
        "parameters" : [ ],
        "shouldDisplayMessage" : false,
        "attachmentsCount" : 0,
        "stepsCount" : 0,
        "hasContent" : false
      }, {
        "name" : "Step.12 --> RAAS DB assertions --> Table: raas_request --> Validate amount field is correct",
        "time" : {
          "start" : 1603988901958,
          "stop" : 1603988901958,
          "duration" : 0
        },
        "status" : "passed",
        "steps" : [ ],
        "attachments" : [ ],
        "parameters" : [ ],
        "shouldDisplayMessage" : false,
        "attachmentsCount" : 0,
        "stepsCount" : 0,
        "hasContent" : false
      }, {
        "name" : "Step.13 --> RAAS DB assertions --> Table: raas_request --> Validate channel_id field is correct",
        "time" : {
          "start" : 1603988902219,
          "stop" : 1603988902219,
          "duration" : 0
        },
        "status" : "passed",
        "steps" : [ ],
        "attachments" : [ ],
        "parameters" : [ ],
        "shouldDisplayMessage" : false,
        "attachmentsCount" : 0,
        "stepsCount" : 0,
        "hasContent" : false
      }, {
        "name" : "Step.14 --> RAAS DB assertions --> Table: raas_request --> Validate channel_session_id field is correct",
        "time" : {
          "start" : 1603988902499,
          "stop" : 1603988902499,
          "duration" : 0
        },
        "status" : "passed",
        "steps" : [ ],
        "attachments" : [ ],
        "parameters" : [ ],
        "shouldDisplayMessage" : false,
        "attachmentsCount" : 0,
        "stepsCount" : 0,
        "hasContent" : false
      }, {
        "name" : "Step.15 --> RAAS DB assertions --> Table: raas_request --> Validate client_id field is correct",
        "time" : {
          "start" : 1603988902767,
          "stop" : 1603988902767,
          "duration" : 0
        },
        "status" : "passed",
        "steps" : [ ],
        "attachments" : [ ],
        "parameters" : [ ],
        "shouldDisplayMessage" : false,
        "attachmentsCount" : 0,
        "stepsCount" : 0,
        "hasContent" : false
      }, {
        "name" : "Step.16 --> RAAS DB assertions --> Table: raas_request --> Validate client_txn_ref field is correct",
        "time" : {
          "start" : 1603988903031,
          "stop" : 1603988903031,
          "duration" : 0
        },
        "status" : "passed",
        "steps" : [ ],
        "attachments" : [ ],
        "parameters" : [ ],
        "shouldDisplayMessage" : false,
        "attachmentsCount" : 0,
        "stepsCount" : 0,
        "hasContent" : false
      }, {
        "name" : "Step.17 --> RAAS DB assertions --> Table: raas_request --> Validate created field is correct",
        "time" : {
          "start" : 1603988903320,
          "stop" : 1603988903320,
          "duration" : 0
        },
        "status" : "passed",
        "steps" : [ ],
        "attachments" : [ ],
        "parameters" : [ ],
        "shouldDisplayMessage" : false,
        "attachmentsCount" : 0,
        "stepsCount" : 0,
        "hasContent" : false
      }, {
        "name" : "Step.18 --> RAAS DB assertions --> Table: raas_request --> Validate event_type field exists",
        "time" : {
          "start" : 1603988903572,
          "stop" : 1603988903572,
          "duration" : 0
        },
        "status" : "passed",
        "steps" : [ ],
        "attachments" : [ ],
        "parameters" : [ ],
        "shouldDisplayMessage" : false,
        "attachmentsCount" : 0,
        "stepsCount" : 0,
        "hasContent" : false
      }, {
        "name" : "Step.19 --> RAAS DB assertions --> Table: raas_request --> Validate created field exists",
        "time" : {
          "start" : 1603988903829,
          "stop" : 1603988903829,
          "duration" : 0
        },
        "status" : "passed",
        "steps" : [ ],
        "attachments" : [ ],
        "parameters" : [ ],
        "shouldDisplayMessage" : false,
        "attachmentsCount" : 0,
        "stepsCount" : 0,
        "hasContent" : false
      }, {
        "name" : "Step.20 --> RAAS DB assertions --> Table: raas_request --> Validate product_id field is correct",
        "time" : {
          "start" : 1603988904108,
          "stop" : 1603988904108,
          "duration" : 0
        },
        "status" : "passed",
        "steps" : [ ],
        "attachments" : [ ],
        "parameters" : [ ],
        "shouldDisplayMessage" : false,
        "attachmentsCount" : 0,
        "stepsCount" : 0,
        "hasContent" : false
      }, {
        "name" : "Step.21 --> RAAS DB assertions --> Table: raas_request --> Validate source_identifier field is correct",
        "time" : {
          "start" : 1603988904374,
          "stop" : 1603988904374,
          "duration" : 0
        },
        "status" : "passed",
        "steps" : [ ],
        "attachments" : [ ],
        "parameters" : [ ],
        "shouldDisplayMessage" : false,
        "attachmentsCount" : 0,
        "stepsCount" : 0,
        "hasContent" : false
      }, {
        "name" : "Step.22 --> RAAS DB assertions --> Table: raas_request --> Validate target_identifier field is correct",
        "time" : {
          "start" : 1603988904696,
          "stop" : 1603988904696,
          "duration" : 0
        },
        "status" : "passed",
        "steps" : [ ],
        "attachments" : [ ],
        "parameters" : [ ],
        "shouldDisplayMessage" : false,
        "attachmentsCount" : 0,
        "stepsCount" : 0,
        "hasContent" : false
      }, {
        "name" : "Step.23 --> RAAS DB assertions --> Table: raas_request --> Validate timestamp field exists",
        "time" : {
          "start" : 1603988904968,
          "stop" : 1603988904968,
          "duration" : 0
        },
        "status" : "passed",
        "steps" : [ ],
        "attachments" : [ ],
        "parameters" : [ ],
        "shouldDisplayMessage" : false,
        "attachmentsCount" : 0,
        "stepsCount" : 0,
        "hasContent" : false
      }, {
        "name" : "Step.24 --> RAAS DB assertions --> Table: raas_request --> Validate reserve_funds_txn_ref field is correct",
        "time" : {
          "start" : 1603988905237,
          "stop" : 1603988905237,
          "duration" : 0
        },
        "status" : "passed",
        "steps" : [ ],
        "attachments" : [ ],
        "parameters" : [ ],
        "shouldDisplayMessage" : false,
        "attachmentsCount" : 0,
        "stepsCount" : 0,
        "hasContent" : false
      }, {
        "name" : "Step.25 --> RAAS DB assertions --> Table: raas_request --> Validate cdc_update_timestamp field is correct",
        "time" : {
          "start" : 1603988905519,
          "stop" : 1603988905519,
          "duration" : 0
        },
        "status" : "passed",
        "steps" : [ ],
        "attachments" : [ ],
        "parameters" : [ ],
        "shouldDisplayMessage" : false,
        "attachmentsCount" : 0,
        "stepsCount" : 0,
        "hasContent" : false
      }, {
        "name" : "Step.26 --> RAAS DB assertions --> Table: raas_request --> Validate channel_name field is correct",
        "time" : {
          "start" : 1603988905781,
          "stop" : 1603988905781,
          "duration" : 0
        },
        "status" : "passed",
        "steps" : [ ],
        "attachments" : [ ],
        "parameters" : [ ],
        "shouldDisplayMessage" : false,
        "attachmentsCount" : 0,
        "stepsCount" : 0,
        "hasContent" : false
      }, {
        "name" : "Step.27 --> RAAS DB assertions --> Table: raas_request --> Validate fee_amount field exists",
        "time" : {
          "start" : 1603988906053,
          "stop" : 1603988906053,
          "duration" : 0
        },
        "status" : "passed",
        "steps" : [ ],
        "attachments" : [ ],
        "parameters" : [ ],
        "shouldDisplayMessage" : false,
        "attachmentsCount" : 0,
        "stepsCount" : 0,
        "hasContent" : false
      }, {
        "name" : "Step.28 --> RAAS DB assertions --> Table: raas_request --> Validate api_call field is correct",
        "time" : {
          "start" : 1603988906315,
          "stop" : 1603988906316,
          "duration" : 1
        },
        "status" : "passed",
        "steps" : [ ],
        "attachments" : [ ],
        "parameters" : [ ],
        "shouldDisplayMessage" : false,
        "attachmentsCount" : 0,
        "stepsCount" : 0,
        "hasContent" : false
      }, {
        "name" : "Step.29 --> RAAS DB assertions --> Table: raas_response --> Validate raas_txn_ref field is correct",
        "time" : {
          "start" : 1603988906598,
          "stop" : 1603988906598,
          "duration" : 0
        },
        "status" : "passed",
        "steps" : [ ],
        "attachments" : [ ],
        "parameters" : [ ],
        "shouldDisplayMessage" : false,
        "attachmentsCount" : 0,
        "stepsCount" : 0,
        "hasContent" : false
      }, {
        "name" : "Step.30 --> RAAS DB assertions --> Table: raas_response --> Validate created field exists",
        "time" : {
          "start" : 1603988906870,
          "stop" : 1603988906870,
          "duration" : 0
        },
        "status" : "passed",
        "steps" : [ ],
        "attachments" : [ ],
        "parameters" : [ ],
        "shouldDisplayMessage" : false,
        "attachmentsCount" : 0,
        "stepsCount" : 0,
        "hasContent" : false
      }, {
        "name" : "Step.31 --> RAAS DB assertions --> Table: raas_response --> Validate event_type field exists",
        "time" : {
          "start" : 1603988907132,
          "stop" : 1603988907132,
          "duration" : 0
        },
        "status" : "passed",
        "steps" : [ ],
        "attachments" : [ ],
        "parameters" : [ ],
        "shouldDisplayMessage" : false,
        "attachmentsCount" : 0,
        "stepsCount" : 0,
        "hasContent" : false
      }, {
        "name" : "Action Test Step 7 : update cpgtx.tran_log set transactionResponseCode = 2201, transactionType = 'PCH' where transactionResponseCode in (2236, 2240, 2213) and clientTransactionId = '4ddqszjdtlx2eqgduepx2zcl'",
        "time" : {
          "start" : 1603988907437,
          "stop" : 1603988907437,
          "duration" : 0
        },
        "status" : "passed",
        "steps" : [ ],
        "attachments" : [ ],
        "parameters" : [ ],
        "shouldDisplayMessage" : false,
        "attachmentsCount" : 0,
        "stepsCount" : 0,
        "hasContent" : false
      }, {
        "name" : "Action Test Step 8 : Wait 5 seconds for pending transaction to process",
        "time" : {
          "start" : 1603988907699,
          "stop" : 1603988907699,
          "duration" : 0
        },
        "status" : "passed",
        "steps" : [ ],
        "attachments" : [ ],
        "parameters" : [ ],
        "shouldDisplayMessage" : false,
        "attachmentsCount" : 0,
        "stepsCount" : 0,
        "hasContent" : false
      }, {
        "name" : "Step.32 --> CTX DB assertions --> Table: cpgtx.tran_log --> Validate transactionResponseCode field is correct",
        "time" : {
          "start" : 1603988912713,
          "stop" : 1603988912713,
          "duration" : 0
        },
        "status" : "passed",
        "steps" : [ ],
        "attachments" : [ ],
        "parameters" : [ ],
        "shouldDisplayMessage" : false,
        "attachmentsCount" : 0,
        "stepsCount" : 0,
        "hasContent" : false
      } ],
      "attachments" : [ ],
      "parameters" : [ {
        "name" : "accountIdentifier",
        "value" : "d3d4ce83-b6b0-4558-a455-fceb1"
      }, {
        "name" : "purchaseAmount",
        "value" : "15000"
      }, {
        "name" : "channelId",
        "value" : "7"
      }, {
        "name" : "channelName",
        "value" : "test"
      }, {
        "name" : "channelSessionId",
        "value" : "2022564675"
      }, {
        "name" : "clientId",
        "value" : "3"
      }, {
        "name" : "clientTxnRef",
        "value" : "test123"
      }, {
        "name" : "productId",
        "value" : "100"
      }, {
        "name" : "sourceIdentifier",
        "value" : "2341111111111"
      }, {
        "name" : "targetIdentifier",
        "value" : "2341111111111"
      }, {
        "name" : "timeStamp",
        "value" : "2019-09-03T15:35:26.720+02:00"
      }, {
        "name" : "reserveFundsTxnRef",
        "value" : "54840679064361690040001"
      }, {
        "name" : "feeAmount",
        "value" : "0"
      }, {
        "name" : "currencyCode",
        "value" : "NGN"
      }, {
        "name" : "fundingSourceId",
        "value" : "3"
      }, {
        "name" : "expectedRaasResponseCode",
        "value" : "0000"
      }, {
        "name" : "expectedMessage",
        "value" : "Processing request (funds reserved)"
      }, {
        "name" : "expectedHTTPResponseCode",
        "value" : "200"
      }, {
        "name" : "expectedRaasResultRequestResponseCode",
        "value" : "0000"
      }, {
        "name" : "expectedRaasResultResponseResponseCode",
        "value" : "202"
      }, {
        "name" : "expectedCTXTransactionResponseCode",
        "value" : "2240"
      }, {
        "name" : "simulatorScenario",
        "value" : "MTNNG EXCEPTION"
      }, {
        "name" : "simulatorResetState",
        "value" : "MTNNG ERROR ERROR_VENDOR_SYSTEM"
      } ],
      "shouldDisplayMessage" : true,
      "attachmentsCount" : 0,
      "stepsCount" : 40,
      "hasContent" : true
    } ],
    "attachments" : [ {
      "uid" : "2a28150fdb181c3",
      "name" : "request",
      "source" : "2a28150fdb181c3.txt",
      "type" : "text/plain",
      "size" : 1401
    }, {
      "uid" : "e5049941519c783a",
      "name" : "response",
      "source" : "e5049941519c783a.txt",
      "type" : "text/plain",
      "size" : 1543
    } ],
    "parameters" : [ ],
    "shouldDisplayMessage" : false,
    "attachmentsCount" : 2,
    "stepsCount" : 41,
    "hasContent" : true
  },
  "afterStages" : [ ],
  "labels" : [ {
    "name" : "package",
    "value" : "API.dotCoreTests.regression_Raas_Transact_V4"
  }, {
    "name" : "testClass",
    "value" : "API.dotCoreTests.regression_Raas_Transact_V4"
  }, {
    "name" : "testMethod",
    "value" : "transactV4VendorPendingToRetryableDeclineToNonRetryableDeclineTests"
  }, {
    "name" : "parentSuite",
    "value" : "Transact V4 Test Suite"
  }, {
    "name" : "suite",
    "value" : "regression_Raas_Transact_V4.java"
  }, {
    "name" : "subSuite",
    "value" : "API.dotCoreTests.regression_Raas_Transact_V4"
  }, {
    "name" : "host",
    "value" : "FANB0716"
  }, {
    "name" : "thread",
    "value" : "12740@FANB0716.TestNG-test=regression_Raas_Transact_V4.java-4(54)"
  }, {
    "name" : "framework",
    "value" : "testng"
  }, {
    "name" : "language",
    "value" : "java"
  }, {
    "name" : "resultFormat",
    "value" : "allure2"
  } ],
  "parameters" : [ {
    "name" : "arg0",
    "value" : "d3d4ce83-b6b0-4558-a455-fceb1"
  }, {
    "name" : "arg1",
    "value" : "15000"
  }, {
    "name" : "arg10",
    "value" : "2019-09-03T15:35:26.720+02:00"
  }, {
    "name" : "arg11",
    "value" : "54840679064361690040001"
  }, {
    "name" : "arg12",
    "value" : "0"
  }, {
    "name" : "arg13",
    "value" : "NGN"
  }, {
    "name" : "arg14",
    "value" : "3"
  }, {
    "name" : "arg15",
    "value" : "0000"
  }, {
    "name" : "arg16",
    "value" : "Processing request (funds reserved)"
  }, {
    "name" : "arg17",
    "value" : "200"
  }, {
    "name" : "arg18",
    "value" : "0000"
  }, {
    "name" : "arg19",
    "value" : "202"
  }, {
    "name" : "arg2",
    "value" : "7"
  }, {
    "name" : "arg20",
    "value" : "2240"
  }, {
    "name" : "arg21",
    "value" : "MTNNG EXCEPTION"
  }, {
    "name" : "arg22",
    "value" : "MTNNG ERROR ERROR_VENDOR_SYSTEM"
  }, {
    "name" : "arg3",
    "value" : "test"
  }, {
    "name" : "arg4",
    "value" : "2022564675"
  }, {
    "name" : "arg5",
    "value" : "3"
  }, {
    "name" : "arg6",
    "value" : "test123"
  }, {
    "name" : "arg7",
    "value" : "100"
  }, {
    "name" : "arg8",
    "value" : "2341111111111"
  }, {
    "name" : "arg9",
    "value" : "2341111111111"
  } ],
  "links" : [ ],
  "hidden" : false,
  "retry" : false,
  "extra" : {
    "severity" : "normal",
    "retries" : [ ],
    "categories" : [ {
      "name" : "Product defects",
      "matchedStatuses" : [ ],
      "flaky" : false
    } ],
    "tags" : [ ]
  },
  "source" : "3d369def52df312a.json",
  "parameterValues" : [ "d3d4ce83-b6b0-4558-a455-fceb1", "15000", "2019-09-03T15:35:26.720+02:00", "54840679064361690040001", "0", "NGN", "3", "0000", "Processing request (funds reserved)", "200", "0000", "202", "7", "2240", "MTNNG EXCEPTION", "MTNNG ERROR ERROR_VENDOR_SYSTEM", "test", "2022564675", "3", "test123", "100", "2341111111111", "2341111111111" ]
}