{
  "uid" : "819e4a2e25f28b6a",
  "name" : "ReserveAndTransactV2PendingToRetryableDeclineToNonRetryableDeclineTests",
  "fullName" : "API.dotCoreTests.regression_Raas_Reserve_and_Transact_V2.ReserveAndTransactV2PendingToRetryableDeclineToNonRetryableDeclineTests",
  "historyId" : "66165949cf42069074fde2089b7f69a",
  "time" : {
    "start" : 1603991160272,
    "stop" : 1603991202694,
    "duration" : 42422
  },
  "status" : "failed",
  "statusMessage" : "expected [2240] but found [null]",
  "statusTrace" : "java.lang.AssertionError: expected [2240] but found [null]\r\n\tat org.testng.Assert.fail(Assert.java:97)\r\n\tat org.testng.Assert.assertEqualsImpl(Assert.java:136)\r\n\tat org.testng.Assert.assertEquals(Assert.java:118)\r\n\tat org.testng.Assert.assertEquals(Assert.java:575)\r\n\tat org.testng.Assert.assertEquals(Assert.java:585)\r\n\tat API.dotCoreTests.regression_Raas_Reserve_and_Transact_V2.ReserveAndTransactV2PendingToRetryableDeclineToNonRetryableDeclineTests(regression_Raas_Reserve_and_Transact_V2.java:3909)\r\n\tat sun.reflect.NativeMethodAccessorImpl.invoke0(Native Method)\r\n\tat sun.reflect.NativeMethodAccessorImpl.invoke(NativeMethodAccessorImpl.java:62)\r\n\tat sun.reflect.DelegatingMethodAccessorImpl.invoke(DelegatingMethodAccessorImpl.java:43)\r\n\tat java.lang.reflect.Method.invoke(Method.java:498)\r\n\tat org.testng.internal.MethodInvocationHelper.invokeMethod(MethodInvocationHelper.java:131)\r\n\tat org.testng.internal.TestInvoker.invokeMethod(TestInvoker.java:570)\r\n\tat org.testng.internal.TestInvoker.invokeTestMethod(TestInvoker.java:170)\r\n\tat org.testng.internal.MethodRunner.runInSequence(MethodRunner.java:46)\r\n\tat org.testng.internal.TestInvoker$MethodInvocationAgent.invoke(TestInvoker.java:790)\r\n\tat org.testng.internal.TestInvoker.invokeTestMethods(TestInvoker.java:143)\r\n\tat org.testng.internal.TestMethodWorker.invokeTestMethods(TestMethodWorker.java:146)\r\n\tat org.testng.internal.TestMethodWorker.run(TestMethodWorker.java:128)\r\n\tat org.testng.TestRunner.privateRun(TestRunner.java:763)\r\n\tat org.testng.TestRunner.run(TestRunner.java:594)\r\n\tat org.testng.SuiteRunner.runTest(SuiteRunner.java:398)\r\n\tat org.testng.SuiteRunner.runSequentially(SuiteRunner.java:392)\r\n\tat org.testng.SuiteRunner.privateRun(SuiteRunner.java:355)\r\n\tat org.testng.SuiteRunner.run(SuiteRunner.java:304)\r\n\tat org.testng.SuiteRunnerWorker.runSuite(SuiteRunnerWorker.java:53)\r\n\tat org.testng.SuiteRunnerWorker.run(SuiteRunnerWorker.java:96)\r\n\tat org.testng.TestNG.runSuitesSequentially(TestNG.java:1146)\r\n\tat org.testng.TestNG.runSuitesSequentially(TestNG.java:1141)\r\n\tat org.testng.TestNG.runSuitesLocally(TestNG.java:1067)\r\n\tat org.testng.TestNG.runSuites(TestNG.java:997)\r\n\tat org.testng.TestNG.run(TestNG.java:965)\r\n\tat org.apache.maven.surefire.testng.TestNGExecutor.run(TestNGExecutor.java:283)\r\n\tat org.apache.maven.surefire.testng.TestNGXmlTestSuite.execute(TestNGXmlTestSuite.java:75)\r\n\tat org.apache.maven.surefire.testng.TestNGProvider.invoke(TestNGProvider.java:120)\r\n\tat org.apache.maven.surefire.booter.ForkedBooter.invokeProviderInSameClassLoader(ForkedBooter.java:384)\r\n\tat org.apache.maven.surefire.booter.ForkedBooter.runSuitesInProcess(ForkedBooter.java:345)\r\n\tat org.apache.maven.surefire.booter.ForkedBooter.execute(ForkedBooter.java:126)\r\n\tat org.apache.maven.surefire.booter.ForkedBooter.main(ForkedBooter.java:418)\r\n",
  "flaky" : false,
  "newFailed" : false,
  "beforeStages" : [ {
    "name" : "setUp",
    "time" : {
      "start" : 1603990722951,
      "stop" : 1603990722953,
      "duration" : 2
    },
    "description" : "",
    "status" : "passed",
    "steps" : [ ],
    "attachments" : [ ],
    "parameters" : [ ],
    "shouldDisplayMessage" : false,
    "attachmentsCount" : 0,
    "stepsCount" : 0,
    "hasContent" : false
  } ],
  "testStage" : {
    "status" : "failed",
    "statusMessage" : "expected [2240] but found [null]",
    "statusTrace" : "java.lang.AssertionError: expected [2240] but found [null]\r\n\tat org.testng.Assert.fail(Assert.java:97)\r\n\tat org.testng.Assert.assertEqualsImpl(Assert.java:136)\r\n\tat org.testng.Assert.assertEquals(Assert.java:118)\r\n\tat org.testng.Assert.assertEquals(Assert.java:575)\r\n\tat org.testng.Assert.assertEquals(Assert.java:585)\r\n\tat API.dotCoreTests.regression_Raas_Reserve_and_Transact_V2.ReserveAndTransactV2PendingToRetryableDeclineToNonRetryableDeclineTests(regression_Raas_Reserve_and_Transact_V2.java:3909)\r\n\tat sun.reflect.NativeMethodAccessorImpl.invoke0(Native Method)\r\n\tat sun.reflect.NativeMethodAccessorImpl.invoke(NativeMethodAccessorImpl.java:62)\r\n\tat sun.reflect.DelegatingMethodAccessorImpl.invoke(DelegatingMethodAccessorImpl.java:43)\r\n\tat java.lang.reflect.Method.invoke(Method.java:498)\r\n\tat org.testng.internal.MethodInvocationHelper.invokeMethod(MethodInvocationHelper.java:131)\r\n\tat org.testng.internal.TestInvoker.invokeMethod(TestInvoker.java:570)\r\n\tat org.testng.internal.TestInvoker.invokeTestMethod(TestInvoker.java:170)\r\n\tat org.testng.internal.MethodRunner.runInSequence(MethodRunner.java:46)\r\n\tat org.testng.internal.TestInvoker$MethodInvocationAgent.invoke(TestInvoker.java:790)\r\n\tat org.testng.internal.TestInvoker.invokeTestMethods(TestInvoker.java:143)\r\n\tat org.testng.internal.TestMethodWorker.invokeTestMethods(TestMethodWorker.java:146)\r\n\tat org.testng.internal.TestMethodWorker.run(TestMethodWorker.java:128)\r\n\tat org.testng.TestRunner.privateRun(TestRunner.java:763)\r\n\tat org.testng.TestRunner.run(TestRunner.java:594)\r\n\tat org.testng.SuiteRunner.runTest(SuiteRunner.java:398)\r\n\tat org.testng.SuiteRunner.runSequentially(SuiteRunner.java:392)\r\n\tat org.testng.SuiteRunner.privateRun(SuiteRunner.java:355)\r\n\tat org.testng.SuiteRunner.run(SuiteRunner.java:304)\r\n\tat org.testng.SuiteRunnerWorker.runSuite(SuiteRunnerWorker.java:53)\r\n\tat org.testng.SuiteRunnerWorker.run(SuiteRunnerWorker.java:96)\r\n\tat org.testng.TestNG.runSuitesSequentially(TestNG.java:1146)\r\n\tat org.testng.TestNG.runSuitesSequentially(TestNG.java:1141)\r\n\tat org.testng.TestNG.runSuitesLocally(TestNG.java:1067)\r\n\tat org.testng.TestNG.runSuites(TestNG.java:997)\r\n\tat org.testng.TestNG.run(TestNG.java:965)\r\n\tat org.apache.maven.surefire.testng.TestNGExecutor.run(TestNGExecutor.java:283)\r\n\tat org.apache.maven.surefire.testng.TestNGXmlTestSuite.execute(TestNGXmlTestSuite.java:75)\r\n\tat org.apache.maven.surefire.testng.TestNGProvider.invoke(TestNGProvider.java:120)\r\n\tat org.apache.maven.surefire.booter.ForkedBooter.invokeProviderInSameClassLoader(ForkedBooter.java:384)\r\n\tat org.apache.maven.surefire.booter.ForkedBooter.runSuitesInProcess(ForkedBooter.java:345)\r\n\tat org.apache.maven.surefire.booter.ForkedBooter.execute(ForkedBooter.java:126)\r\n\tat org.apache.maven.surefire.booter.ForkedBooter.main(ForkedBooter.java:418)\r\n",
    "steps" : [ {
      "name" : "Reserve and Transact V2 Pending To Retryable Decline To Non Retryable Decline test cases",
      "time" : {
        "start" : 1603991160272,
        "stop" : 1603991202691,
        "duration" : 42419
      },
      "status" : "failed",
      "statusMessage" : "expected [2240] but found [null]",
      "statusTrace" : "java.lang.AssertionError: expected [2240] but found [null]\r\n\tat org.testng.Assert.fail(Assert.java:97)\r\n\tat org.testng.Assert.assertEqualsImpl(Assert.java:136)\r\n\tat org.testng.Assert.assertEquals(Assert.java:118)\r\n\tat org.testng.Assert.assertEquals(Assert.java:575)\r\n\tat org.testng.Assert.assertEquals(Assert.java:585)\r\n\tat API.dotCoreTests.regression_Raas_Reserve_and_Transact_V2.ReserveAndTransactV2PendingToRetryableDeclineToNonRetryableDeclineTests(regression_Raas_Reserve_and_Transact_V2.java:3909)\r\n\tat sun.reflect.NativeMethodAccessorImpl.invoke0(Native Method)\r\n\tat sun.reflect.NativeMethodAccessorImpl.invoke(NativeMethodAccessorImpl.java:62)\r\n\tat sun.reflect.DelegatingMethodAccessorImpl.invoke(DelegatingMethodAccessorImpl.java:43)\r\n\tat java.lang.reflect.Method.invoke(Method.java:498)\r\n\tat org.testng.internal.MethodInvocationHelper.invokeMethod(MethodInvocationHelper.java:131)\r\n\tat org.testng.internal.TestInvoker.invokeMethod(TestInvoker.java:570)\r\n\tat org.testng.internal.TestInvoker.invokeTestMethod(TestInvoker.java:170)\r\n\tat org.testng.internal.MethodRunner.runInSequence(MethodRunner.java:46)\r\n\tat org.testng.internal.TestInvoker$MethodInvocationAgent.invoke(TestInvoker.java:790)\r\n\tat org.testng.internal.TestInvoker.invokeTestMethods(TestInvoker.java:143)\r\n\tat org.testng.internal.TestMethodWorker.invokeTestMethods(TestMethodWorker.java:146)\r\n\tat org.testng.internal.TestMethodWorker.run(TestMethodWorker.java:128)\r\n\tat org.testng.TestRunner.privateRun(TestRunner.java:763)\r\n\tat org.testng.TestRunner.run(TestRunner.java:594)\r\n\tat org.testng.SuiteRunner.runTest(SuiteRunner.java:398)\r\n\tat org.testng.SuiteRunner.runSequentially(SuiteRunner.java:392)\r\n\tat org.testng.SuiteRunner.privateRun(SuiteRunner.java:355)\r\n\tat org.testng.SuiteRunner.run(SuiteRunner.java:304)\r\n\tat org.testng.SuiteRunnerWorker.runSuite(SuiteRunnerWorker.java:53)\r\n\tat org.testng.SuiteRunnerWorker.run(SuiteRunnerWorker.java:96)\r\n\tat org.testng.TestNG.runSuitesSequentially(TestNG.java:1146)\r\n\tat org.testng.TestNG.runSuitesSequentially(TestNG.java:1141)\r\n\tat org.testng.TestNG.runSuitesLocally(TestNG.java:1067)\r\n\tat org.testng.TestNG.runSuites(TestNG.java:997)\r\n\tat org.testng.TestNG.run(TestNG.java:965)\r\n\tat org.apache.maven.surefire.testng.TestNGExecutor.run(TestNGExecutor.java:283)\r\n\tat org.apache.maven.surefire.testng.TestNGXmlTestSuite.execute(TestNGXmlTestSuite.java:75)\r\n\tat org.apache.maven.surefire.testng.TestNGProvider.invoke(TestNGProvider.java:120)\r\n\tat org.apache.maven.surefire.booter.ForkedBooter.invokeProviderInSameClassLoader(ForkedBooter.java:384)\r\n\tat org.apache.maven.surefire.booter.ForkedBooter.runSuitesInProcess(ForkedBooter.java:345)\r\n\tat org.apache.maven.surefire.booter.ForkedBooter.execute(ForkedBooter.java:126)\r\n\tat org.apache.maven.surefire.booter.ForkedBooter.main(ForkedBooter.java:418)\r\n",
      "steps" : [ {
        "name" : "Action Test Step 1 : Set Vendor simulator to fail (MTNNG EXCEPTION)",
        "time" : {
          "start" : 1603991160272,
          "stop" : 1603991160272,
          "duration" : 0
        },
        "status" : "passed",
        "steps" : [ ],
        "attachments" : [ ],
        "parameters" : [ ],
        "shouldDisplayMessage" : false,
        "attachmentsCount" : 0,
        "stepsCount" : 0,
        "hasContent" : false
      }, {
        "name" : "Action Test Step 2 : Wait 5 seconds for simulator to run",
        "time" : {
          "start" : 1603991161597,
          "stop" : 1603991161597,
          "duration" : 0
        },
        "status" : "passed",
        "steps" : [ ],
        "attachments" : [ ],
        "parameters" : [ ],
        "shouldDisplayMessage" : false,
        "attachmentsCount" : 0,
        "stepsCount" : 0,
        "hasContent" : false
      }, {
        "name" : "Action Test Step 3 : Execute Fin Terms Calculate REST Request",
        "time" : {
          "start" : 1603991166601,
          "stop" : 1603991166601,
          "duration" : 0
        },
        "status" : "passed",
        "steps" : [ ],
        "attachments" : [ ],
        "parameters" : [ ],
        "shouldDisplayMessage" : false,
        "attachmentsCount" : 0,
        "stepsCount" : 0,
        "hasContent" : false
      }, {
        "name" : "Action Test Step 4 : Execute Reserve and Transact V2 REST Request",
        "time" : {
          "start" : 1603991166784,
          "stop" : 1603991166784,
          "duration" : 0
        },
        "status" : "passed",
        "steps" : [ ],
        "attachments" : [ ],
        "parameters" : [ ],
        "shouldDisplayMessage" : false,
        "attachmentsCount" : 0,
        "stepsCount" : 0,
        "hasContent" : false
      }, {
        "name" : "Action Test Step 5 : Set Vendor simulator to fail (MTNNG ERROR ERROR_INV_MSISDN)",
        "time" : {
          "start" : 1603991167312,
          "stop" : 1603991167312,
          "duration" : 0
        },
        "status" : "passed",
        "steps" : [ ],
        "attachments" : [ ],
        "parameters" : [ ],
        "shouldDisplayMessage" : false,
        "attachmentsCount" : 0,
        "stepsCount" : 0,
        "hasContent" : false
      }, {
        "name" : "Action Test Step 6 : Wait 10 seconds for simulator to run and transaction data to process",
        "time" : {
          "start" : 1603991168613,
          "stop" : 1603991168613,
          "duration" : 0
        },
        "status" : "passed",
        "steps" : [ ],
        "attachments" : [ ],
        "parameters" : [ ],
        "shouldDisplayMessage" : false,
        "attachmentsCount" : 0,
        "stepsCount" : 0,
        "hasContent" : false
      }, {
        "name" : "Step.1 --> Financial Terms Calculate response assertions --> Validate clientId field exists (not empty)",
        "time" : {
          "start" : 1603991178614,
          "stop" : 1603991178614,
          "duration" : 0
        },
        "status" : "passed",
        "steps" : [ ],
        "attachments" : [ ],
        "parameters" : [ ],
        "shouldDisplayMessage" : false,
        "attachmentsCount" : 0,
        "stepsCount" : 0,
        "hasContent" : false
      }, {
        "name" : "Step.2 --> Financial Terms Calculate response assertions --> Validate clientId field exists (not null)",
        "time" : {
          "start" : 1603991178622,
          "stop" : 1603991178622,
          "duration" : 0
        },
        "status" : "passed",
        "steps" : [ ],
        "attachments" : [ ],
        "parameters" : [ ],
        "shouldDisplayMessage" : false,
        "attachmentsCount" : 0,
        "stepsCount" : 0,
        "hasContent" : false
      }, {
        "name" : "Step.3 --> Financial Terms Calculate response assertions --> Validate clientId field is correct",
        "time" : {
          "start" : 1603991178627,
          "stop" : 1603991178627,
          "duration" : 0
        },
        "status" : "passed",
        "steps" : [ ],
        "attachments" : [ ],
        "parameters" : [ ],
        "shouldDisplayMessage" : false,
        "attachmentsCount" : 0,
        "stepsCount" : 0,
        "hasContent" : false
      }, {
        "name" : "Step.4 --> Financial Terms Calculate response assertions --> Validate productId field is correct",
        "time" : {
          "start" : 1603991178633,
          "stop" : 1603991178633,
          "duration" : 0
        },
        "status" : "passed",
        "steps" : [ ],
        "attachments" : [ ],
        "parameters" : [ ],
        "shouldDisplayMessage" : false,
        "attachmentsCount" : 0,
        "stepsCount" : 0,
        "hasContent" : false
      }, {
        "name" : "Step.5 --> Financial Terms Calculate response assertions --> Validate purchaseAmount field is correct",
        "time" : {
          "start" : 1603991178638,
          "stop" : 1603991178638,
          "duration" : 0
        },
        "status" : "passed",
        "steps" : [ ],
        "attachments" : [ ],
        "parameters" : [ ],
        "shouldDisplayMessage" : false,
        "attachmentsCount" : 0,
        "stepsCount" : 0,
        "hasContent" : false
      }, {
        "name" : "Step.6 --> Reserve and Transact V2 REST response assertions --> Validate responseCode field is correct",
        "time" : {
          "start" : 1603991178643,
          "stop" : 1603991178643,
          "duration" : 0
        },
        "status" : "passed",
        "steps" : [ ],
        "attachments" : [ ],
        "parameters" : [ ],
        "shouldDisplayMessage" : false,
        "attachmentsCount" : 0,
        "stepsCount" : 0,
        "hasContent" : false
      }, {
        "name" : "Step.7 --> Reserve and Transact V2 REST response assertions --> Validate responseMessage field is correct",
        "time" : {
          "start" : 1603991178648,
          "stop" : 1603991178648,
          "duration" : 0
        },
        "status" : "passed",
        "steps" : [ ],
        "attachments" : [ ],
        "parameters" : [ ],
        "shouldDisplayMessage" : false,
        "attachmentsCount" : 0,
        "stepsCount" : 0,
        "hasContent" : false
      }, {
        "name" : "Step.8 --> Reserve and Transact V2 REST response assertions --> Validate raasTxnRef field exists",
        "time" : {
          "start" : 1603991178652,
          "stop" : 1603991178652,
          "duration" : 0
        },
        "status" : "passed",
        "steps" : [ ],
        "attachments" : [ ],
        "parameters" : [ ],
        "shouldDisplayMessage" : false,
        "attachmentsCount" : 0,
        "stepsCount" : 0,
        "hasContent" : false
      }, {
        "name" : "Step.9 --> Reserve and Transact V2 REST response assertions --> Validate HTTPResponseCode field is correct",
        "time" : {
          "start" : 1603991178656,
          "stop" : 1603991178656,
          "duration" : 0
        },
        "status" : "passed",
        "steps" : [ ],
        "attachments" : [ ],
        "parameters" : [ ],
        "shouldDisplayMessage" : false,
        "attachmentsCount" : 0,
        "stepsCount" : 0,
        "hasContent" : false
      }, {
        "name" : "Action Test Step 7 : Wait 10 seconds before executing the RAAS Transaction_Log DB Assertions",
        "time" : {
          "start" : 1603991178656,
          "stop" : 1603991178656,
          "duration" : 0
        },
        "status" : "passed",
        "steps" : [ ],
        "attachments" : [ ],
        "parameters" : [ ],
        "shouldDisplayMessage" : false,
        "attachmentsCount" : 0,
        "stepsCount" : 0,
        "hasContent" : false
      }, {
        "name" : "Step.10 --> RAAS DB assertions --> Table: raas.transaction_log --> Validate raas_txn_ref field is correct",
        "time" : {
          "start" : 1603991188661,
          "stop" : 1603991188661,
          "duration" : 0
        },
        "status" : "passed",
        "steps" : [ ],
        "attachments" : [ ],
        "parameters" : [ ],
        "shouldDisplayMessage" : false,
        "attachmentsCount" : 0,
        "stepsCount" : 0,
        "hasContent" : false
      }, {
        "name" : "Step.11 --> RAAS DB assertions --> Table: raas.transaction_log --> Validate account_identifier field is correct",
        "time" : {
          "start" : 1603991189033,
          "stop" : 1603991189033,
          "duration" : 0
        },
        "status" : "passed",
        "steps" : [ ],
        "attachments" : [ ],
        "parameters" : [ ],
        "shouldDisplayMessage" : false,
        "attachmentsCount" : 0,
        "stepsCount" : 0,
        "hasContent" : false
      }, {
        "name" : "Step.12 --> RAAS DB assertions --> Table: raas.transaction_log --> Validate amount field is correct",
        "time" : {
          "start" : 1603991189322,
          "stop" : 1603991189322,
          "duration" : 0
        },
        "status" : "passed",
        "steps" : [ ],
        "attachments" : [ ],
        "parameters" : [ ],
        "shouldDisplayMessage" : false,
        "attachmentsCount" : 0,
        "stepsCount" : 0,
        "hasContent" : false
      }, {
        "name" : "Step.13 --> RAAS DB assertions --> Table: raas.transaction_log --> Validate channel_id field is correct",
        "time" : {
          "start" : 1603991189641,
          "stop" : 1603991189641,
          "duration" : 0
        },
        "status" : "passed",
        "steps" : [ ],
        "attachments" : [ ],
        "parameters" : [ ],
        "shouldDisplayMessage" : false,
        "attachmentsCount" : 0,
        "stepsCount" : 0,
        "hasContent" : false
      }, {
        "name" : "Step.14 --> RAAS DB assertions --> Table: raas.transaction_log --> Validate channel_session_id field is correct",
        "time" : {
          "start" : 1603991189961,
          "stop" : 1603991189961,
          "duration" : 0
        },
        "status" : "passed",
        "steps" : [ ],
        "attachments" : [ ],
        "parameters" : [ ],
        "shouldDisplayMessage" : false,
        "attachmentsCount" : 0,
        "stepsCount" : 0,
        "hasContent" : false
      }, {
        "name" : "Step.15 --> RAAS DB assertions --> Table: raas.transaction_log --> Validate client_id field is correct",
        "time" : {
          "start" : 1603991190228,
          "stop" : 1603991190228,
          "duration" : 0
        },
        "status" : "passed",
        "steps" : [ ],
        "attachments" : [ ],
        "parameters" : [ ],
        "shouldDisplayMessage" : false,
        "attachmentsCount" : 0,
        "stepsCount" : 0,
        "hasContent" : false
      }, {
        "name" : "Step.16 --> RAAS DB assertions --> Table: raas.transaction_log --> Validate client_txn_ref field is correct",
        "time" : {
          "start" : 1603991190528,
          "stop" : 1603991190528,
          "duration" : 0
        },
        "status" : "passed",
        "steps" : [ ],
        "attachments" : [ ],
        "parameters" : [ ],
        "shouldDisplayMessage" : false,
        "attachmentsCount" : 0,
        "stepsCount" : 0,
        "hasContent" : false
      }, {
        "name" : "Step.17 --> RAAS DB assertions --> Table: raas.transaction_log --> Validate created field exists",
        "time" : {
          "start" : 1603991190784,
          "stop" : 1603991190784,
          "duration" : 0
        },
        "status" : "passed",
        "steps" : [ ],
        "attachments" : [ ],
        "parameters" : [ ],
        "shouldDisplayMessage" : false,
        "attachmentsCount" : 0,
        "stepsCount" : 0,
        "hasContent" : false
      }, {
        "name" : "Step.18 --> RAAS DB assertions --> Table: raas.transaction_log --> Validate event_type field exists",
        "time" : {
          "start" : 1603991191136,
          "stop" : 1603991191136,
          "duration" : 0
        },
        "status" : "passed",
        "steps" : [ ],
        "attachments" : [ ],
        "parameters" : [ ],
        "shouldDisplayMessage" : false,
        "attachmentsCount" : 0,
        "stepsCount" : 0,
        "hasContent" : false
      }, {
        "name" : "Step.19 --> RAAS DB assertions --> Table: raas.transaction_log --> Validate product_id field is correct",
        "time" : {
          "start" : 1603991191456,
          "stop" : 1603991191456,
          "duration" : 0
        },
        "status" : "passed",
        "steps" : [ ],
        "attachments" : [ ],
        "parameters" : [ ],
        "shouldDisplayMessage" : false,
        "attachmentsCount" : 0,
        "stepsCount" : 0,
        "hasContent" : false
      }, {
        "name" : "Step.20 --> RAAS DB assertions --> Table: raas.transaction_log --> Validate source_identifier field is correct",
        "time" : {
          "start" : 1603991191735,
          "stop" : 1603991191735,
          "duration" : 0
        },
        "status" : "passed",
        "steps" : [ ],
        "attachments" : [ ],
        "parameters" : [ ],
        "shouldDisplayMessage" : false,
        "attachmentsCount" : 0,
        "stepsCount" : 0,
        "hasContent" : false
      }, {
        "name" : "Step.21 --> RAAS DB assertions --> Table: raas.transaction_log --> Validate target_identifier field is correct",
        "time" : {
          "start" : 1603991192037,
          "stop" : 1603991192037,
          "duration" : 0
        },
        "status" : "passed",
        "steps" : [ ],
        "attachments" : [ ],
        "parameters" : [ ],
        "shouldDisplayMessage" : false,
        "attachmentsCount" : 0,
        "stepsCount" : 0,
        "hasContent" : false
      }, {
        "name" : "Step.22 --> RAAS DB assertions --> Table: raas.transaction_log --> Validate timestamp field exists",
        "time" : {
          "start" : 1603991192314,
          "stop" : 1603991192314,
          "duration" : 0
        },
        "status" : "passed",
        "steps" : [ ],
        "attachments" : [ ],
        "parameters" : [ ],
        "shouldDisplayMessage" : false,
        "attachmentsCount" : 0,
        "stepsCount" : 0,
        "hasContent" : false
      }, {
        "name" : "Step.23 --> RAAS DB assertions --> Table: raas.transaction_log --> Validate cdc_update_timestamp field exists",
        "time" : {
          "start" : 1603991192632,
          "stop" : 1603991192632,
          "duration" : 0
        },
        "status" : "passed",
        "steps" : [ ],
        "attachments" : [ ],
        "parameters" : [ ],
        "shouldDisplayMessage" : false,
        "attachmentsCount" : 0,
        "stepsCount" : 0,
        "hasContent" : false
      }, {
        "name" : "Step.24 --> RAAS DB assertions --> Table: raas.transaction_log --> Validate channel_name field is correct",
        "time" : {
          "start" : 1603991192953,
          "stop" : 1603991192953,
          "duration" : 0
        },
        "status" : "passed",
        "steps" : [ ],
        "attachments" : [ ],
        "parameters" : [ ],
        "shouldDisplayMessage" : false,
        "attachmentsCount" : 0,
        "stepsCount" : 0,
        "hasContent" : false
      }, {
        "name" : "Step.25 --> RAAS DB assertions --> Table: raas.transaction_log --> Validate channel_name field is correct",
        "time" : {
          "start" : 1603991193499,
          "stop" : 1603991193499,
          "duration" : 0
        },
        "status" : "passed",
        "steps" : [ ],
        "attachments" : [ ],
        "parameters" : [ ],
        "shouldDisplayMessage" : false,
        "attachmentsCount" : 0,
        "stepsCount" : 0,
        "hasContent" : false
      }, {
        "name" : "Step.26 --> RAAS DB assertions --> Table: raas.transaction_log --> Validate target_identifier field is correct",
        "time" : {
          "start" : 1603991193789,
          "stop" : 1603991193789,
          "duration" : 0
        },
        "status" : "passed",
        "steps" : [ ],
        "attachments" : [ ],
        "parameters" : [ ],
        "shouldDisplayMessage" : false,
        "attachmentsCount" : 0,
        "stepsCount" : 0,
        "hasContent" : false
      }, {
        "name" : "Step.27 --> RAAS DB assertions --> Table: raas.transaction_log --> Validate fee_amount field exists",
        "time" : {
          "start" : 1603991194070,
          "stop" : 1603991194070,
          "duration" : 0
        },
        "status" : "passed",
        "steps" : [ ],
        "attachments" : [ ],
        "parameters" : [ ],
        "shouldDisplayMessage" : false,
        "attachmentsCount" : 0,
        "stepsCount" : 0,
        "hasContent" : false
      }, {
        "name" : "Step.28 --> RAAS DB assertions --> Table: raas.transaction_log --> Validate fee_amount field exists",
        "time" : {
          "start" : 1603991194367,
          "stop" : 1603991194367,
          "duration" : 0
        },
        "status" : "passed",
        "steps" : [ ],
        "attachments" : [ ],
        "parameters" : [ ],
        "shouldDisplayMessage" : false,
        "attachmentsCount" : 0,
        "stepsCount" : 0,
        "hasContent" : false
      }, {
        "name" : "Step.29 --> RAAS DB assertions --> Table: raas.transaction_log --> Validate settlement_amount field exists",
        "time" : {
          "start" : 1603991194675,
          "stop" : 1603991194675,
          "duration" : 0
        },
        "status" : "passed",
        "steps" : [ ],
        "attachments" : [ ],
        "parameters" : [ ],
        "shouldDisplayMessage" : false,
        "attachmentsCount" : 0,
        "stepsCount" : 0,
        "hasContent" : false
      }, {
        "name" : "Step.30 --> RAAS DB assertions --> Table: raas.transaction_log --> Validate settlement_amount field exists",
        "time" : {
          "start" : 1603991194964,
          "stop" : 1603991194964,
          "duration" : 0
        },
        "status" : "passed",
        "steps" : [ ],
        "attachments" : [ ],
        "parameters" : [ ],
        "shouldDisplayMessage" : false,
        "attachmentsCount" : 0,
        "stepsCount" : 0,
        "hasContent" : false
      }, {
        "name" : "Step.31 --> RAAS DB assertions --> Table: raas.transaction_log --> Validate vendor_share_amount field exists",
        "time" : {
          "start" : 1603991195235,
          "stop" : 1603991195235,
          "duration" : 0
        },
        "status" : "passed",
        "steps" : [ ],
        "attachments" : [ ],
        "parameters" : [ ],
        "shouldDisplayMessage" : false,
        "attachmentsCount" : 0,
        "stepsCount" : 0,
        "hasContent" : false
      }, {
        "name" : "Step.32 --> RAAS DB assertions --> Table: raas.transaction_log --> Validate raas_request_created field exists",
        "time" : {
          "start" : 1603991195501,
          "stop" : 1603991195501,
          "duration" : 0
        },
        "status" : "passed",
        "steps" : [ ],
        "attachments" : [ ],
        "parameters" : [ ],
        "shouldDisplayMessage" : false,
        "attachmentsCount" : 0,
        "stepsCount" : 0,
        "hasContent" : false
      }, {
        "name" : "Step.33 --> RAAS DB assertions --> Table: raas.transaction_log --> Validate raas_response_created field exists",
        "time" : {
          "start" : 1603991195814,
          "stop" : 1603991195814,
          "duration" : 0
        },
        "status" : "passed",
        "steps" : [ ],
        "attachments" : [ ],
        "parameters" : [ ],
        "shouldDisplayMessage" : false,
        "attachmentsCount" : 0,
        "stepsCount" : 0,
        "hasContent" : false
      }, {
        "name" : "Step.34 --> RAAS DB assertions --> Table: raas.transaction_log --> Validate raas_response_response_code field is correct",
        "time" : {
          "start" : 1603991196070,
          "stop" : 1603991196070,
          "duration" : 0
        },
        "status" : "passed",
        "steps" : [ ],
        "attachments" : [ ],
        "parameters" : [ ],
        "shouldDisplayMessage" : false,
        "attachmentsCount" : 0,
        "stepsCount" : 0,
        "hasContent" : false
      }, {
        "name" : "Step.35 --> RAAS DB assertions --> Table: raas.transaction_log --> Validate raas_response_message field is correct",
        "time" : {
          "start" : 1603991196332,
          "stop" : 1603991196332,
          "duration" : 0
        },
        "status" : "passed",
        "steps" : [ ],
        "attachments" : [ ],
        "parameters" : [ ],
        "shouldDisplayMessage" : false,
        "attachmentsCount" : 0,
        "stepsCount" : 0,
        "hasContent" : false
      }, {
        "name" : "Step.36 --> RAAS DB assertions --> Table: raas.transaction_log --> Validate additional_data_financial_calculations field exists",
        "time" : {
          "start" : 1603991196586,
          "stop" : 1603991196586,
          "duration" : 0
        },
        "status" : "passed",
        "steps" : [ ],
        "attachments" : [ ],
        "parameters" : [ ],
        "shouldDisplayMessage" : false,
        "attachmentsCount" : 0,
        "stepsCount" : 0,
        "hasContent" : false
      }, {
        "name" : "Step.37 --> RAAS DB assertions --> Table: raas.transaction_log --> Validate raas_txn_ref field is correct",
        "time" : {
          "start" : 1603991196861,
          "stop" : 1603991196861,
          "duration" : 0
        },
        "status" : "passed",
        "steps" : [ ],
        "attachments" : [ ],
        "parameters" : [ ],
        "shouldDisplayMessage" : false,
        "attachmentsCount" : 0,
        "stepsCount" : 0,
        "hasContent" : false
      }, {
        "name" : "Step.38 --> RAAS DB assertions --> Table: raas.transaction_log --> Validate account_identifier field is correct",
        "time" : {
          "start" : 1603991197148,
          "stop" : 1603991197148,
          "duration" : 0
        },
        "status" : "passed",
        "steps" : [ ],
        "attachments" : [ ],
        "parameters" : [ ],
        "shouldDisplayMessage" : false,
        "attachmentsCount" : 0,
        "stepsCount" : 0,
        "hasContent" : false
      }, {
        "name" : "Step.39 --> RAAS DB assertions --> Table: raas.transaction_log --> Validate amount field is correct",
        "time" : {
          "start" : 1603991197423,
          "stop" : 1603991197423,
          "duration" : 0
        },
        "status" : "passed",
        "steps" : [ ],
        "attachments" : [ ],
        "parameters" : [ ],
        "shouldDisplayMessage" : false,
        "attachmentsCount" : 0,
        "stepsCount" : 0,
        "hasContent" : false
      }, {
        "name" : "Step.40 --> RAAS DB assertions --> Table: raas.transaction_log --> Validate channel_id field is correct",
        "time" : {
          "start" : 1603991197718,
          "stop" : 1603991197718,
          "duration" : 0
        },
        "status" : "passed",
        "steps" : [ ],
        "attachments" : [ ],
        "parameters" : [ ],
        "shouldDisplayMessage" : false,
        "attachmentsCount" : 0,
        "stepsCount" : 0,
        "hasContent" : false
      }, {
        "name" : "Step.41 --> RAAS DB assertions --> Table: raas.transaction_log --> Validate channel_session_id field is correct",
        "time" : {
          "start" : 1603991198026,
          "stop" : 1603991198026,
          "duration" : 0
        },
        "status" : "passed",
        "steps" : [ ],
        "attachments" : [ ],
        "parameters" : [ ],
        "shouldDisplayMessage" : false,
        "attachmentsCount" : 0,
        "stepsCount" : 0,
        "hasContent" : false
      }, {
        "name" : "Step.42 --> RAAS DB assertions --> Table: raas.transaction_log --> Validate client_id field is correct",
        "time" : {
          "start" : 1603991198295,
          "stop" : 1603991198295,
          "duration" : 0
        },
        "status" : "passed",
        "steps" : [ ],
        "attachments" : [ ],
        "parameters" : [ ],
        "shouldDisplayMessage" : false,
        "attachmentsCount" : 0,
        "stepsCount" : 0,
        "hasContent" : false
      }, {
        "name" : "Step.43 --> RAAS DB assertions --> Table: raas.transaction_log --> Validate client_txn_ref field is correct",
        "time" : {
          "start" : 1603991198579,
          "stop" : 1603991198579,
          "duration" : 0
        },
        "status" : "passed",
        "steps" : [ ],
        "attachments" : [ ],
        "parameters" : [ ],
        "shouldDisplayMessage" : false,
        "attachmentsCount" : 0,
        "stepsCount" : 0,
        "hasContent" : false
      }, {
        "name" : "Step.44 --> RAAS DB assertions --> Table: raas.transaction_log --> Validate created field exists",
        "time" : {
          "start" : 1603991198882,
          "stop" : 1603991198882,
          "duration" : 0
        },
        "status" : "passed",
        "steps" : [ ],
        "attachments" : [ ],
        "parameters" : [ ],
        "shouldDisplayMessage" : false,
        "attachmentsCount" : 0,
        "stepsCount" : 0,
        "hasContent" : false
      }, {
        "name" : "Step.45 --> RAAS DB assertions --> Table: raas.transaction_log --> Validate event_type field exists",
        "time" : {
          "start" : 1603991199183,
          "stop" : 1603991199183,
          "duration" : 0
        },
        "status" : "passed",
        "steps" : [ ],
        "attachments" : [ ],
        "parameters" : [ ],
        "shouldDisplayMessage" : false,
        "attachmentsCount" : 0,
        "stepsCount" : 0,
        "hasContent" : false
      }, {
        "name" : "Step.46 --> RAAS DB assertions --> Table: raas.transaction_log --> Validate created field exists",
        "time" : {
          "start" : 1603991199483,
          "stop" : 1603991199483,
          "duration" : 0
        },
        "status" : "passed",
        "steps" : [ ],
        "attachments" : [ ],
        "parameters" : [ ],
        "shouldDisplayMessage" : false,
        "attachmentsCount" : 0,
        "stepsCount" : 0,
        "hasContent" : false
      }, {
        "name" : "Step.47 --> RAAS DB assertions --> Table: raas.transaction_log --> Validate product_id field is correct",
        "time" : {
          "start" : 1603991199749,
          "stop" : 1603991199749,
          "duration" : 0
        },
        "status" : "passed",
        "steps" : [ ],
        "attachments" : [ ],
        "parameters" : [ ],
        "shouldDisplayMessage" : false,
        "attachmentsCount" : 0,
        "stepsCount" : 0,
        "hasContent" : false
      }, {
        "name" : "Step.48 --> RAAS DB assertions --> Table: raas.transaction_log --> Validate source_identifier field is correct",
        "time" : {
          "start" : 1603991200019,
          "stop" : 1603991200019,
          "duration" : 0
        },
        "status" : "passed",
        "steps" : [ ],
        "attachments" : [ ],
        "parameters" : [ ],
        "shouldDisplayMessage" : false,
        "attachmentsCount" : 0,
        "stepsCount" : 0,
        "hasContent" : false
      }, {
        "name" : "Step.49 --> RAAS DB assertions --> Table: raas.transaction_log --> Validate target_identifier field is correct",
        "time" : {
          "start" : 1603991200283,
          "stop" : 1603991200283,
          "duration" : 0
        },
        "status" : "passed",
        "steps" : [ ],
        "attachments" : [ ],
        "parameters" : [ ],
        "shouldDisplayMessage" : false,
        "attachmentsCount" : 0,
        "stepsCount" : 0,
        "hasContent" : false
      }, {
        "name" : "Step.50 --> RAAS DB assertions --> Table: raas.transaction_log --> Validate timestamp field exists",
        "time" : {
          "start" : 1603991200541,
          "stop" : 1603991200541,
          "duration" : 0
        },
        "status" : "passed",
        "steps" : [ ],
        "attachments" : [ ],
        "parameters" : [ ],
        "shouldDisplayMessage" : false,
        "attachmentsCount" : 0,
        "stepsCount" : 0,
        "hasContent" : false
      }, {
        "name" : "Step.51 --> RAAS DB assertions --> Table: raas.transaction_log --> Validate cdc_update_timestamp field exists",
        "time" : {
          "start" : 1603991200822,
          "stop" : 1603991200822,
          "duration" : 0
        },
        "status" : "passed",
        "steps" : [ ],
        "attachments" : [ ],
        "parameters" : [ ],
        "shouldDisplayMessage" : false,
        "attachmentsCount" : 0,
        "stepsCount" : 0,
        "hasContent" : false
      }, {
        "name" : "Step.52 --> RAAS DB assertions --> Table: raas.transaction_log --> Validate channel_name field exists",
        "time" : {
          "start" : 1603991201087,
          "stop" : 1603991201087,
          "duration" : 0
        },
        "status" : "passed",
        "steps" : [ ],
        "attachments" : [ ],
        "parameters" : [ ],
        "shouldDisplayMessage" : false,
        "attachmentsCount" : 0,
        "stepsCount" : 0,
        "hasContent" : false
      }, {
        "name" : "Step.53 --> RAAS DB assertions --> Table: raas.transaction_log --> Validate api_call field is correct",
        "time" : {
          "start" : 1603991201338,
          "stop" : 1603991201338,
          "duration" : 0
        },
        "status" : "passed",
        "steps" : [ ],
        "attachments" : [ ],
        "parameters" : [ ],
        "shouldDisplayMessage" : false,
        "attachmentsCount" : 0,
        "stepsCount" : 0,
        "hasContent" : false
      }, {
        "name" : "Step.54 --> RAAS DB assertions --> Table: raas.raas_response --> Validate raas_txn_ref field is correct",
        "time" : {
          "start" : 1603991201607,
          "stop" : 1603991201607,
          "duration" : 0
        },
        "status" : "passed",
        "steps" : [ ],
        "attachments" : [ ],
        "parameters" : [ ],
        "shouldDisplayMessage" : false,
        "attachmentsCount" : 0,
        "stepsCount" : 0,
        "hasContent" : false
      }, {
        "name" : "Step.55 --> RAAS DB assertions --> Table: raas.raas_response --> Validate created field exists",
        "time" : {
          "start" : 1603991201894,
          "stop" : 1603991201894,
          "duration" : 0
        },
        "status" : "passed",
        "steps" : [ ],
        "attachments" : [ ],
        "parameters" : [ ],
        "shouldDisplayMessage" : false,
        "attachmentsCount" : 0,
        "stepsCount" : 0,
        "hasContent" : false
      }, {
        "name" : "Step.56 --> RAAS DB assertions --> Table: raas.raas_response --> Validate event_type field exists",
        "time" : {
          "start" : 1603991202164,
          "stop" : 1603991202164,
          "duration" : 0
        },
        "status" : "passed",
        "steps" : [ ],
        "attachments" : [ ],
        "parameters" : [ ],
        "shouldDisplayMessage" : false,
        "attachmentsCount" : 0,
        "stepsCount" : 0,
        "hasContent" : false
      }, {
        "name" : "Step.57 --> CTX DB assertions --> Table: cpgtx.tran_log --> Validate transactionResponseCode field is correct",
        "time" : {
          "start" : 1603991202434,
          "stop" : 1603991202434,
          "duration" : 0
        },
        "status" : "passed",
        "steps" : [ ],
        "attachments" : [ ],
        "parameters" : [ ],
        "shouldDisplayMessage" : false,
        "attachmentsCount" : 0,
        "stepsCount" : 0,
        "hasContent" : false
      } ],
      "attachments" : [ ],
      "parameters" : [ {
        "name" : "accountIdentifier",
        "value" : "64ec8907-f41a-441a-b1b8-355ef"
      }, {
        "name" : "amount",
        "value" : "15000"
      }, {
        "name" : "channelId",
        "value" : "8"
      }, {
        "name" : "channelName",
        "value" : "test"
      }, {
        "name" : "channelSessionId",
        "value" : "ST-8556726170"
      }, {
        "name" : "clientId",
        "value" : "3"
      }, {
        "name" : "clientTxnRef",
        "value" : "193103796"
      }, {
        "name" : "productId",
        "value" : "100"
      }, {
        "name" : "sourceIdentifier",
        "value" : "2341111111111"
      }, {
        "name" : "targetIdentifier",
        "value" : "2341111111111"
      }, {
        "name" : "timeStamp",
        "value" : "2020-01-09T09:58:46.170+02:00"
      }, {
        "name" : "expectedRaasResponseCode",
        "value" : "0000"
      }, {
        "name" : "expectedMessage",
        "value" : "Processing request"
      }, {
        "name" : "expectedHTTPResponseCode",
        "value" : "200"
      }, {
        "name" : "expectedRaasResultRequestResponseCode",
        "value" : "2240"
      }, {
        "name" : "expectedRaasResultResponseResponseCode",
        "value" : "202"
      }, {
        "name" : "expectedCTXTransactionResponseCode",
        "value" : "2240"
      }, {
        "name" : "simulatorScenario",
        "value" : "MTNNG EXCEPTION"
      }, {
        "name" : "simulatorResetState",
        "value" : "MTNNG ERROR ERROR_INV_MSISDN"
      } ],
      "shouldDisplayMessage" : true,
      "attachmentsCount" : 0,
      "stepsCount" : 64,
      "hasContent" : true
    } ],
    "attachments" : [ {
      "uid" : "21140e22efa642e7",
      "name" : "request",
      "source" : "21140e22efa642e7.txt",
      "type" : "text/plain",
      "size" : 1272
    }, {
      "uid" : "78f3e8648048a1f3",
      "name" : "response",
      "source" : "78f3e8648048a1f3.txt",
      "type" : "text/plain",
      "size" : 1533
    } ],
    "parameters" : [ ],
    "shouldDisplayMessage" : false,
    "attachmentsCount" : 2,
    "stepsCount" : 65,
    "hasContent" : true
  },
  "afterStages" : [ ],
  "labels" : [ {
    "name" : "package",
    "value" : "API.dotCoreTests.regression_Raas_Reserve_and_Transact_V2"
  }, {
    "name" : "testClass",
    "value" : "API.dotCoreTests.regression_Raas_Reserve_and_Transact_V2"
  }, {
    "name" : "testMethod",
    "value" : "ReserveAndTransactV2PendingToRetryableDeclineToNonRetryableDeclineTests"
  }, {
    "name" : "parentSuite",
    "value" : "Reserve and Transact V2 Test Suite"
  }, {
    "name" : "suite",
    "value" : "regression_Raas_Reserve_and_Transact_V2.java"
  }, {
    "name" : "subSuite",
    "value" : "API.dotCoreTests.regression_Raas_Reserve_and_Transact_V2"
  }, {
    "name" : "host",
    "value" : "FANB0716"
  }, {
    "name" : "thread",
    "value" : "12740@FANB0716.main(1)"
  }, {
    "name" : "framework",
    "value" : "testng"
  }, {
    "name" : "language",
    "value" : "java"
  }, {
    "name" : "resultFormat",
    "value" : "allure2"
  } ],
  "parameters" : [ {
    "name" : "arg0",
    "value" : "64ec8907-f41a-441a-b1b8-355ef"
  }, {
    "name" : "arg1",
    "value" : "15000"
  }, {
    "name" : "arg10",
    "value" : "2020-01-09T09:58:46.170+02:00"
  }, {
    "name" : "arg11",
    "value" : "0000"
  }, {
    "name" : "arg12",
    "value" : "Processing request"
  }, {
    "name" : "arg13",
    "value" : "200"
  }, {
    "name" : "arg14",
    "value" : "2240"
  }, {
    "name" : "arg15",
    "value" : "202"
  }, {
    "name" : "arg16",
    "value" : "2240"
  }, {
    "name" : "arg17",
    "value" : "MTNNG EXCEPTION"
  }, {
    "name" : "arg18",
    "value" : "MTNNG ERROR ERROR_INV_MSISDN"
  }, {
    "name" : "arg2",
    "value" : "8"
  }, {
    "name" : "arg3",
    "value" : "test"
  }, {
    "name" : "arg4",
    "value" : "ST-8556726170"
  }, {
    "name" : "arg5",
    "value" : "3"
  }, {
    "name" : "arg6",
    "value" : "193103796"
  }, {
    "name" : "arg7",
    "value" : "100"
  }, {
    "name" : "arg8",
    "value" : "2341111111111"
  }, {
    "name" : "arg9",
    "value" : "2341111111111"
  } ],
  "links" : [ ],
  "hidden" : false,
  "retry" : false,
  "extra" : {
    "severity" : "normal",
    "retries" : [ ],
    "categories" : [ {
      "name" : "Product defects",
      "matchedStatuses" : [ ],
      "flaky" : false
    } ],
    "tags" : [ ]
  },
  "source" : "819e4a2e25f28b6a.json",
  "parameterValues" : [ "64ec8907-f41a-441a-b1b8-355ef", "15000", "2020-01-09T09:58:46.170+02:00", "0000", "Processing request", "200", "2240", "202", "2240", "MTNNG EXCEPTION", "MTNNG ERROR ERROR_INV_MSISDN", "8", "test", "ST-8556726170", "3", "193103796", "100", "2341111111111", "2341111111111" ]
}