{
  "uid" : "8ddfac10a2a3c600",
  "name" : "ReserveAndTransactV3NullFieldNegativeTests",
  "fullName" : "API.dotCoreTests.regression_Raas_Reserve_and_Transact_V3.ReserveAndTransactV3NullFieldNegativeTests",
  "historyId" : "aabcd5941389a285232e86075483e172",
  "time" : {
    "start" : 1603990040940,
    "stop" : 1603990041937,
    "duration" : 997
  },
  "status" : "failed",
  "statusMessage" : "expected [4000] but found [0000]",
  "statusTrace" : "java.lang.AssertionError: expected [4000] but found [0000]\r\n\tat org.testng.Assert.fail(Assert.java:97)\r\n\tat org.testng.Assert.assertEqualsImpl(Assert.java:136)\r\n\tat org.testng.Assert.assertEquals(Assert.java:118)\r\n\tat org.testng.Assert.assertEquals(Assert.java:575)\r\n\tat org.testng.Assert.assertEquals(Assert.java:585)\r\n\tat API.dotCoreTests.regression_Raas_Reserve_and_Transact_V3.ReserveAndTransactV3NullFieldNegativeTests(regression_Raas_Reserve_and_Transact_V3.java:789)\r\n\tat sun.reflect.NativeMethodAccessorImpl.invoke0(Native Method)\r\n\tat sun.reflect.NativeMethodAccessorImpl.invoke(NativeMethodAccessorImpl.java:62)\r\n\tat sun.reflect.DelegatingMethodAccessorImpl.invoke(DelegatingMethodAccessorImpl.java:43)\r\n\tat java.lang.reflect.Method.invoke(Method.java:498)\r\n\tat org.testng.internal.MethodInvocationHelper.invokeMethod(MethodInvocationHelper.java:131)\r\n\tat org.testng.internal.TestInvoker.invokeMethod(TestInvoker.java:570)\r\n\tat org.testng.internal.TestInvoker.invokeTestMethod(TestInvoker.java:170)\r\n\tat org.testng.internal.TestMethodWithDataProviderMethodWorker.call(TestMethodWithDataProviderMethodWorker.java:77)\r\n\tat org.testng.internal.TestMethodWithDataProviderMethodWorker.call(TestMethodWithDataProviderMethodWorker.java:15)\r\n\tat java.util.concurrent.FutureTask.run(FutureTask.java:266)\r\n\tat java.util.concurrent.Executors$RunnableAdapter.call(Executors.java:511)\r\n\tat java.util.concurrent.FutureTask.run(FutureTask.java:266)\r\n\tat java.util.concurrent.ThreadPoolExecutor.runWorker(ThreadPoolExecutor.java:1149)\r\n\tat java.util.concurrent.ThreadPoolExecutor$Worker.run(ThreadPoolExecutor.java:624)\r\n\tat java.lang.Thread.run(Thread.java:748)\r\n",
  "flaky" : false,
  "newFailed" : false,
  "beforeStages" : [ {
    "name" : "setUp",
    "time" : {
      "start" : 1603989939968,
      "stop" : 1603989939969,
      "duration" : 1
    },
    "description" : "",
    "status" : "passed",
    "steps" : [ ],
    "attachments" : [ ],
    "parameters" : [ ],
    "shouldDisplayMessage" : false,
    "attachmentsCount" : 0,
    "stepsCount" : 0,
    "hasContent" : false
  } ],
  "testStage" : {
    "status" : "failed",
    "statusMessage" : "expected [4000] but found [0000]",
    "statusTrace" : "java.lang.AssertionError: expected [4000] but found [0000]\r\n\tat org.testng.Assert.fail(Assert.java:97)\r\n\tat org.testng.Assert.assertEqualsImpl(Assert.java:136)\r\n\tat org.testng.Assert.assertEquals(Assert.java:118)\r\n\tat org.testng.Assert.assertEquals(Assert.java:575)\r\n\tat org.testng.Assert.assertEquals(Assert.java:585)\r\n\tat API.dotCoreTests.regression_Raas_Reserve_and_Transact_V3.ReserveAndTransactV3NullFieldNegativeTests(regression_Raas_Reserve_and_Transact_V3.java:789)\r\n\tat sun.reflect.NativeMethodAccessorImpl.invoke0(Native Method)\r\n\tat sun.reflect.NativeMethodAccessorImpl.invoke(NativeMethodAccessorImpl.java:62)\r\n\tat sun.reflect.DelegatingMethodAccessorImpl.invoke(DelegatingMethodAccessorImpl.java:43)\r\n\tat java.lang.reflect.Method.invoke(Method.java:498)\r\n\tat org.testng.internal.MethodInvocationHelper.invokeMethod(MethodInvocationHelper.java:131)\r\n\tat org.testng.internal.TestInvoker.invokeMethod(TestInvoker.java:570)\r\n\tat org.testng.internal.TestInvoker.invokeTestMethod(TestInvoker.java:170)\r\n\tat org.testng.internal.TestMethodWithDataProviderMethodWorker.call(TestMethodWithDataProviderMethodWorker.java:77)\r\n\tat org.testng.internal.TestMethodWithDataProviderMethodWorker.call(TestMethodWithDataProviderMethodWorker.java:15)\r\n\tat java.util.concurrent.FutureTask.run(FutureTask.java:266)\r\n\tat java.util.concurrent.Executors$RunnableAdapter.call(Executors.java:511)\r\n\tat java.util.concurrent.FutureTask.run(FutureTask.java:266)\r\n\tat java.util.concurrent.ThreadPoolExecutor.runWorker(ThreadPoolExecutor.java:1149)\r\n\tat java.util.concurrent.ThreadPoolExecutor$Worker.run(ThreadPoolExecutor.java:624)\r\n\tat java.lang.Thread.run(Thread.java:748)\r\n",
    "steps" : [ {
      "name" : "Reserve and Transact V3 null field negative tests",
      "time" : {
        "start" : 1603990040940,
        "stop" : 1603990041935,
        "duration" : 995
      },
      "status" : "failed",
      "statusMessage" : "expected [4000] but found [0000]",
      "statusTrace" : "java.lang.AssertionError: expected [4000] but found [0000]\r\n\tat org.testng.Assert.fail(Assert.java:97)\r\n\tat org.testng.Assert.assertEqualsImpl(Assert.java:136)\r\n\tat org.testng.Assert.assertEquals(Assert.java:118)\r\n\tat org.testng.Assert.assertEquals(Assert.java:575)\r\n\tat org.testng.Assert.assertEquals(Assert.java:585)\r\n\tat API.dotCoreTests.regression_Raas_Reserve_and_Transact_V3.ReserveAndTransactV3NullFieldNegativeTests(regression_Raas_Reserve_and_Transact_V3.java:789)\r\n\tat sun.reflect.NativeMethodAccessorImpl.invoke0(Native Method)\r\n\tat sun.reflect.NativeMethodAccessorImpl.invoke(NativeMethodAccessorImpl.java:62)\r\n\tat sun.reflect.DelegatingMethodAccessorImpl.invoke(DelegatingMethodAccessorImpl.java:43)\r\n\tat java.lang.reflect.Method.invoke(Method.java:498)\r\n\tat org.testng.internal.MethodInvocationHelper.invokeMethod(MethodInvocationHelper.java:131)\r\n\tat org.testng.internal.TestInvoker.invokeMethod(TestInvoker.java:570)\r\n\tat org.testng.internal.TestInvoker.invokeTestMethod(TestInvoker.java:170)\r\n\tat org.testng.internal.TestMethodWithDataProviderMethodWorker.call(TestMethodWithDataProviderMethodWorker.java:77)\r\n\tat org.testng.internal.TestMethodWithDataProviderMethodWorker.call(TestMethodWithDataProviderMethodWorker.java:15)\r\n\tat java.util.concurrent.FutureTask.run(FutureTask.java:266)\r\n\tat java.util.concurrent.Executors$RunnableAdapter.call(Executors.java:511)\r\n\tat java.util.concurrent.FutureTask.run(FutureTask.java:266)\r\n\tat java.util.concurrent.ThreadPoolExecutor.runWorker(ThreadPoolExecutor.java:1149)\r\n\tat java.util.concurrent.ThreadPoolExecutor$Worker.run(ThreadPoolExecutor.java:624)\r\n\tat java.lang.Thread.run(Thread.java:748)\r\n",
      "steps" : [ {
        "name" : "Action Test Step 1 : Execute Reserve and Transact V3 REST Request",
        "time" : {
          "start" : 1603990040940,
          "stop" : 1603990040940,
          "duration" : 0
        },
        "status" : "passed",
        "steps" : [ ],
        "attachments" : [ ],
        "parameters" : [ ],
        "shouldDisplayMessage" : false,
        "attachmentsCount" : 0,
        "stepsCount" : 0,
        "hasContent" : false
      }, {
        "name" : "Step.1 --> Reserve and Transact V3 REST response assertions --> Validate responseCode field is correct",
        "time" : {
          "start" : 1603990041928,
          "stop" : 1603990041928,
          "duration" : 0
        },
        "status" : "passed",
        "steps" : [ ],
        "attachments" : [ ],
        "parameters" : [ ],
        "shouldDisplayMessage" : false,
        "attachmentsCount" : 0,
        "stepsCount" : 0,
        "hasContent" : false
      } ],
      "attachments" : [ ],
      "parameters" : [ {
        "name" : "accountIdentifier",
        "value" : "64ec8907-f41a-441a-b1b8-355ef"
      }, {
        "name" : "purchaseAmount",
        "value" : "15000"
      }, {
        "name" : "channelId",
        "value" : "8"
      }, {
        "name" : "channelName",
        "value" : "test"
      }, {
        "name" : "channelSessionId",
        "value" : "ST-8556726170"
      }, {
        "name" : "clientId",
        "value" : "3"
      }, {
        "name" : "clientTxnRef",
        "value" : "193103796"
      }, {
        "name" : "productId",
        "value" : "100"
      }, {
        "name" : "sourceIdentifier",
        "value" : "2341111111111"
      }, {
        "name" : "targetIdentifier",
        "value" : "2341111111111"
      }, {
        "name" : "timeStamp",
        "value" : "2020-01-09T09:58:46.170+02:00"
      }, {
        "name" : "feeAmount",
        "value" : "0"
      }, {
        "name" : "currencyCode",
        "value" : "null"
      }, {
        "name" : "expectedRaasResponseCode",
        "value" : "4000"
      }, {
        "name" : "expectedMessage",
        "value" : "Currency Code is mandatory"
      }, {
        "name" : "expectedHTTPResponseCode",
        "value" : "500"
      } ],
      "shouldDisplayMessage" : true,
      "attachmentsCount" : 0,
      "stepsCount" : 2,
      "hasContent" : true
    } ],
    "attachments" : [ {
      "uid" : "306fa844ba1dfa15",
      "name" : "request",
      "source" : "306fa844ba1dfa15.bin",
      "type" : "application/octet-stream",
      "size" : 0
    }, {
      "uid" : "d88b0d9c9e8ea0d7",
      "name" : "response",
      "source" : "d88b0d9c9e8ea0d7.txt",
      "type" : "text/plain",
      "size" : 350
    } ],
    "parameters" : [ ],
    "shouldDisplayMessage" : false,
    "attachmentsCount" : 2,
    "stepsCount" : 3,
    "hasContent" : true
  },
  "afterStages" : [ ],
  "labels" : [ {
    "name" : "package",
    "value" : "API.dotCoreTests.regression_Raas_Reserve_and_Transact_V3"
  }, {
    "name" : "testClass",
    "value" : "API.dotCoreTests.regression_Raas_Reserve_and_Transact_V3"
  }, {
    "name" : "testMethod",
    "value" : "ReserveAndTransactV3NullFieldNegativeTests"
  }, {
    "name" : "parentSuite",
    "value" : "Reserve and Transact V3 Test Suite"
  }, {
    "name" : "suite",
    "value" : "regression_Raas_Reserve_and_Transact_V3.java"
  }, {
    "name" : "subSuite",
    "value" : "API.dotCoreTests.regression_Raas_Reserve_and_Transact_V3"
  }, {
    "name" : "host",
    "value" : "FANB0716"
  }, {
    "name" : "thread",
    "value" : "12740@FANB0716.TestNG-PoolService-4(138)"
  }, {
    "name" : "framework",
    "value" : "testng"
  }, {
    "name" : "language",
    "value" : "java"
  }, {
    "name" : "resultFormat",
    "value" : "allure2"
  } ],
  "parameters" : [ {
    "name" : "arg0",
    "value" : "64ec8907-f41a-441a-b1b8-355ef"
  }, {
    "name" : "arg1",
    "value" : "15000"
  }, {
    "name" : "arg10",
    "value" : "2020-01-09T09:58:46.170+02:00"
  }, {
    "name" : "arg11",
    "value" : "0"
  }, {
    "name" : "arg12",
    "value" : "null"
  }, {
    "name" : "arg13",
    "value" : "4000"
  }, {
    "name" : "arg14",
    "value" : "Currency Code is mandatory"
  }, {
    "name" : "arg15",
    "value" : "500"
  }, {
    "name" : "arg2",
    "value" : "8"
  }, {
    "name" : "arg3",
    "value" : "test"
  }, {
    "name" : "arg4",
    "value" : "ST-8556726170"
  }, {
    "name" : "arg5",
    "value" : "3"
  }, {
    "name" : "arg6",
    "value" : "193103796"
  }, {
    "name" : "arg7",
    "value" : "100"
  }, {
    "name" : "arg8",
    "value" : "2341111111111"
  }, {
    "name" : "arg9",
    "value" : "2341111111111"
  } ],
  "links" : [ ],
  "hidden" : false,
  "retry" : false,
  "extra" : {
    "severity" : "normal",
    "retries" : [ ],
    "categories" : [ {
      "name" : "Product defects",
      "matchedStatuses" : [ ],
      "flaky" : false
    } ],
    "tags" : [ ]
  },
  "source" : "8ddfac10a2a3c600.json",
  "parameterValues" : [ "64ec8907-f41a-441a-b1b8-355ef", "15000", "2020-01-09T09:58:46.170+02:00", "0", "null", "4000", "Currency Code is mandatory", "500", "8", "test", "ST-8556726170", "3", "193103796", "100", "2341111111111", "2341111111111" ]
}