{
  "uid" : "a468829319f404d",
  "name" : "basicReserveAndTransactV3",
  "fullName" : "API.dotCoreTests.regression_Raas_Reserve_and_Transact_V3.basicReserveAndTransactV3",
  "historyId" : "ea41d777cc929265ff1f8f5d3e2a9963",
  "time" : {
    "start" : 1584432043720,
    "stop" : 1584432049008,
    "duration" : 5288
  },
  "status" : "broken",
  "statusMessage" : "Cannot determine which path implementation to use because the content-type text/plain doesn't map to a path implementation.",
  "statusTrace" : "java.lang.IllegalStateException: Cannot determine which path implementation to use because the content-type text/plain doesn't map to a path implementation.\r\n\tat sun.reflect.NativeConstructorAccessorImpl.newInstance0(Native Method)\r\n\tat sun.reflect.NativeConstructorAccessorImpl.newInstance(NativeConstructorAccessorImpl.java:62)\r\n\tat sun.reflect.DelegatingConstructorAccessorImpl.newInstance(DelegatingConstructorAccessorImpl.java:45)\r\n\tat java.lang.reflect.Constructor.newInstance(Constructor.java:423)\r\n\tat org.codehaus.groovy.reflection.CachedConstructor.invoke(CachedConstructor.java:80)\r\n\tat org.codehaus.groovy.reflection.CachedConstructor.doConstructorInvoke(CachedConstructor.java:74)\r\n\tat org.codehaus.groovy.runtime.callsite.ConstructorSite$ConstructorSiteNoUnwrap.callConstructor(ConstructorSite.java:84)\r\n\tat org.codehaus.groovy.runtime.callsite.CallSiteArray.defaultCallConstructor(CallSiteArray.java:59)\r\n\tat org.codehaus.groovy.runtime.callsite.AbstractCallSite.callConstructor(AbstractCallSite.java:237)\r\n\tat org.codehaus.groovy.runtime.callsite.AbstractCallSite.callConstructor(AbstractCallSite.java:249)\r\n\tat io.restassured.internal.RestAssuredResponseOptionsGroovyImpl.path(RestAssuredResponseOptionsGroovyImpl.groovy:409)\r\n\tat io.restassured.internal.RestAssuredResponseOptionsImpl.path(RestAssuredResponseOptionsImpl.java:230)\r\n\tat API.dotCoreTests.regression_Raas_Reserve_and_Transact_V3.basicReserveAndTransactV3(regression_Raas_Reserve_and_Transact_V3.java:132)\r\n\tat sun.reflect.NativeMethodAccessorImpl.invoke0(Native Method)\r\n\tat sun.reflect.NativeMethodAccessorImpl.invoke(NativeMethodAccessorImpl.java:62)\r\n\tat sun.reflect.DelegatingMethodAccessorImpl.invoke(DelegatingMethodAccessorImpl.java:43)\r\n\tat java.lang.reflect.Method.invoke(Method.java:498)\r\n\tat org.testng.internal.MethodInvocationHelper.invokeMethod(MethodInvocationHelper.java:124)\r\n\tat org.testng.internal.Invoker.invokeMethod(Invoker.java:583)\r\n\tat org.testng.internal.Invoker.invokeTestMethod(Invoker.java:719)\r\n\tat org.testng.internal.TestMethodWithDataProviderMethodWorker.call(TestMethodWithDataProviderMethodWorker.java:71)\r\n\tat org.testng.internal.TestMethodWithDataProviderMethodWorker.call(TestMethodWithDataProviderMethodWorker.java:14)\r\n\tat java.util.concurrent.FutureTask.run(FutureTask.java:266)\r\n\tat java.util.concurrent.Executors$RunnableAdapter.call(Executors.java:511)\r\n\tat java.util.concurrent.FutureTask.run(FutureTask.java:266)\r\n\tat java.util.concurrent.ThreadPoolExecutor.runWorker(ThreadPoolExecutor.java:1149)\r\n\tat java.util.concurrent.ThreadPoolExecutor$Worker.run(ThreadPoolExecutor.java:624)\r\n\tat java.lang.Thread.run(Thread.java:748)\r\n",
  "flaky" : false,
  "newFailed" : false,
  "beforeStages" : [ ],
  "testStage" : {
    "status" : "broken",
    "statusMessage" : "Cannot determine which path implementation to use because the content-type text/plain doesn't map to a path implementation.",
    "statusTrace" : "java.lang.IllegalStateException: Cannot determine which path implementation to use because the content-type text/plain doesn't map to a path implementation.\r\n\tat sun.reflect.NativeConstructorAccessorImpl.newInstance0(Native Method)\r\n\tat sun.reflect.NativeConstructorAccessorImpl.newInstance(NativeConstructorAccessorImpl.java:62)\r\n\tat sun.reflect.DelegatingConstructorAccessorImpl.newInstance(DelegatingConstructorAccessorImpl.java:45)\r\n\tat java.lang.reflect.Constructor.newInstance(Constructor.java:423)\r\n\tat org.codehaus.groovy.reflection.CachedConstructor.invoke(CachedConstructor.java:80)\r\n\tat org.codehaus.groovy.reflection.CachedConstructor.doConstructorInvoke(CachedConstructor.java:74)\r\n\tat org.codehaus.groovy.runtime.callsite.ConstructorSite$ConstructorSiteNoUnwrap.callConstructor(ConstructorSite.java:84)\r\n\tat org.codehaus.groovy.runtime.callsite.CallSiteArray.defaultCallConstructor(CallSiteArray.java:59)\r\n\tat org.codehaus.groovy.runtime.callsite.AbstractCallSite.callConstructor(AbstractCallSite.java:237)\r\n\tat org.codehaus.groovy.runtime.callsite.AbstractCallSite.callConstructor(AbstractCallSite.java:249)\r\n\tat io.restassured.internal.RestAssuredResponseOptionsGroovyImpl.path(RestAssuredResponseOptionsGroovyImpl.groovy:409)\r\n\tat io.restassured.internal.RestAssuredResponseOptionsImpl.path(RestAssuredResponseOptionsImpl.java:230)\r\n\tat API.dotCoreTests.regression_Raas_Reserve_and_Transact_V3.basicReserveAndTransactV3(regression_Raas_Reserve_and_Transact_V3.java:132)\r\n\tat sun.reflect.NativeMethodAccessorImpl.invoke0(Native Method)\r\n\tat sun.reflect.NativeMethodAccessorImpl.invoke(NativeMethodAccessorImpl.java:62)\r\n\tat sun.reflect.DelegatingMethodAccessorImpl.invoke(DelegatingMethodAccessorImpl.java:43)\r\n\tat java.lang.reflect.Method.invoke(Method.java:498)\r\n\tat org.testng.internal.MethodInvocationHelper.invokeMethod(MethodInvocationHelper.java:124)\r\n\tat org.testng.internal.Invoker.invokeMethod(Invoker.java:583)\r\n\tat org.testng.internal.Invoker.invokeTestMethod(Invoker.java:719)\r\n\tat org.testng.internal.TestMethodWithDataProviderMethodWorker.call(TestMethodWithDataProviderMethodWorker.java:71)\r\n\tat org.testng.internal.TestMethodWithDataProviderMethodWorker.call(TestMethodWithDataProviderMethodWorker.java:14)\r\n\tat java.util.concurrent.FutureTask.run(FutureTask.java:266)\r\n\tat java.util.concurrent.Executors$RunnableAdapter.call(Executors.java:511)\r\n\tat java.util.concurrent.FutureTask.run(FutureTask.java:266)\r\n\tat java.util.concurrent.ThreadPoolExecutor.runWorker(ThreadPoolExecutor.java:1149)\r\n\tat java.util.concurrent.ThreadPoolExecutor$Worker.run(ThreadPoolExecutor.java:624)\r\n\tat java.lang.Thread.run(Thread.java:748)\r\n",
    "steps" : [ {
      "name" : "Reserve and Transact V3 Success",
      "time" : {
        "start" : 1584432043720,
        "stop" : 1584432049004,
        "duration" : 5284
      },
      "status" : "broken",
      "statusMessage" : "Cannot determine which path implementation to use because the content-type text/plain doesn't map to a path implementation.",
      "statusTrace" : "java.lang.IllegalStateException: Cannot determine which path implementation to use because the content-type text/plain doesn't map to a path implementation.\r\n\tat sun.reflect.NativeConstructorAccessorImpl.newInstance0(Native Method)\r\n\tat sun.reflect.NativeConstructorAccessorImpl.newInstance(NativeConstructorAccessorImpl.java:62)\r\n\tat sun.reflect.DelegatingConstructorAccessorImpl.newInstance(DelegatingConstructorAccessorImpl.java:45)\r\n\tat java.lang.reflect.Constructor.newInstance(Constructor.java:423)\r\n\tat org.codehaus.groovy.reflection.CachedConstructor.invoke(CachedConstructor.java:80)\r\n\tat org.codehaus.groovy.reflection.CachedConstructor.doConstructorInvoke(CachedConstructor.java:74)\r\n\tat org.codehaus.groovy.runtime.callsite.ConstructorSite$ConstructorSiteNoUnwrap.callConstructor(ConstructorSite.java:84)\r\n\tat org.codehaus.groovy.runtime.callsite.CallSiteArray.defaultCallConstructor(CallSiteArray.java:59)\r\n\tat org.codehaus.groovy.runtime.callsite.AbstractCallSite.callConstructor(AbstractCallSite.java:237)\r\n\tat org.codehaus.groovy.runtime.callsite.AbstractCallSite.callConstructor(AbstractCallSite.java:249)\r\n\tat io.restassured.internal.RestAssuredResponseOptionsGroovyImpl.path(RestAssuredResponseOptionsGroovyImpl.groovy:409)\r\n\tat io.restassured.internal.RestAssuredResponseOptionsImpl.path(RestAssuredResponseOptionsImpl.java:230)\r\n\tat API.dotCoreTests.regression_Raas_Reserve_and_Transact_V3.basicReserveAndTransactV3(regression_Raas_Reserve_and_Transact_V3.java:132)\r\n\tat sun.reflect.NativeMethodAccessorImpl.invoke0(Native Method)\r\n\tat sun.reflect.NativeMethodAccessorImpl.invoke(NativeMethodAccessorImpl.java:62)\r\n\tat sun.reflect.DelegatingMethodAccessorImpl.invoke(DelegatingMethodAccessorImpl.java:43)\r\n\tat java.lang.reflect.Method.invoke(Method.java:498)\r\n\tat org.testng.internal.MethodInvocationHelper.invokeMethod(MethodInvocationHelper.java:124)\r\n\tat org.testng.internal.Invoker.invokeMethod(Invoker.java:583)\r\n\tat org.testng.internal.Invoker.invokeTestMethod(Invoker.java:719)\r\n\tat org.testng.internal.TestMethodWithDataProviderMethodWorker.call(TestMethodWithDataProviderMethodWorker.java:71)\r\n\tat org.testng.internal.TestMethodWithDataProviderMethodWorker.call(TestMethodWithDataProviderMethodWorker.java:14)\r\n\tat java.util.concurrent.FutureTask.run(FutureTask.java:266)\r\n\tat java.util.concurrent.Executors$RunnableAdapter.call(Executors.java:511)\r\n\tat java.util.concurrent.FutureTask.run(FutureTask.java:266)\r\n\tat java.util.concurrent.ThreadPoolExecutor.runWorker(ThreadPoolExecutor.java:1149)\r\n\tat java.util.concurrent.ThreadPoolExecutor$Worker.run(ThreadPoolExecutor.java:624)\r\n\tat java.lang.Thread.run(Thread.java:748)\r\n",
      "steps" : [ ],
      "attachments" : [ ],
      "parameters" : [ {
        "name" : "accountIdentifier",
        "value" : "64ec8907-f41a-441a-b1b8-355ef"
      }, {
        "name" : "purchaseAmount",
        "value" : "49903"
      }, {
        "name" : "channelId",
        "value" : "7"
      }, {
        "name" : "channelName",
        "value" : "test"
      }, {
        "name" : "channelSessionId",
        "value" : "ST-8556726170"
      }, {
        "name" : "clientId",
        "value" : "3"
      }, {
        "name" : "clientTxnRef",
        "value" : "test123"
      }, {
        "name" : "productId",
        "value" : "921"
      }, {
        "name" : "sourceIdentifier",
        "value" : "2341122222221"
      }, {
        "name" : "targetIdentifier",
        "value" : "2341110000000"
      }, {
        "name" : "timeStamp",
        "value" : "2019-09-03T15:35:26.720+02:00"
      }, {
        "name" : "feeAmount",
        "value" : "0"
      }, {
        "name" : "expectedRaasResponseCode",
        "value" : "0000"
      }, {
        "name" : "expectedMessage",
        "value" : "Processing request (funds reserved)"
      }, {
        "name" : "expectedHTTPResponseCode",
        "value" : "200"
      }, {
        "name" : "expectedRaasResultRequestResponseCode",
        "value" : "0000"
      }, {
        "name" : "expectedRaasResultResponseResponseCode",
        "value" : "202"
      }, {
        "name" : "expectedCTXTransactionResponseCode",
        "value" : "0"
      } ],
      "attachmentsCount" : 0,
      "shouldDisplayMessage" : true,
      "hasContent" : true,
      "stepsCount" : 0
    } ],
    "attachments" : [ {
      "uid" : "fe0a1eefe098cf58",
      "name" : "request",
      "source" : "fe0a1eefe098cf58.txt",
      "type" : "text/plain",
      "size" : 1129
    }, {
      "uid" : "f3655620e7f9fe1d",
      "name" : "response",
      "source" : "f3655620e7f9fe1d.txt",
      "type" : "text/plain",
      "size" : 7189
    } ],
    "parameters" : [ ],
    "attachmentsCount" : 2,
    "shouldDisplayMessage" : false,
    "hasContent" : true,
    "stepsCount" : 1
  },
  "afterStages" : [ ],
  "labels" : [ {
    "name" : "package",
    "value" : "API.dotCoreTests.regression_Raas_Reserve_and_Transact_V3"
  }, {
    "name" : "testClass",
    "value" : "API.dotCoreTests.regression_Raas_Reserve_and_Transact_V3"
  }, {
    "name" : "testMethod",
    "value" : "basicReserveAndTransactV3"
  }, {
    "name" : "parentSuite",
    "value" : "Reserve and Transact V3 Test Suite"
  }, {
    "name" : "suite",
    "value" : "regression_Raas_Reserve_and_Transact_V3.java"
  }, {
    "name" : "subSuite",
    "value" : "API.dotCoreTests.regression_Raas_Reserve_and_Transact_V3"
  }, {
    "name" : "host",
    "value" : "FANB0610"
  }, {
    "name" : "thread",
    "value" : "32472@FANB0610.TestNG-PoolService-0(19)"
  }, {
    "name" : "framework",
    "value" : "testng"
  }, {
    "name" : "language",
    "value" : "java"
  }, {
    "name" : "resultFormat",
    "value" : "allure2"
  } ],
  "parameters" : [ {
    "name" : "arg0",
    "value" : "64ec8907-f41a-441a-b1b8-355ef"
  }, {
    "name" : "arg1",
    "value" : "49903"
  }, {
    "name" : "arg10",
    "value" : "2019-09-03T15:35:26.720+02:00"
  }, {
    "name" : "arg11",
    "value" : "0"
  }, {
    "name" : "arg12",
    "value" : "0000"
  }, {
    "name" : "arg13",
    "value" : "Processing request (funds reserved)"
  }, {
    "name" : "arg14",
    "value" : "200"
  }, {
    "name" : "arg15",
    "value" : "0000"
  }, {
    "name" : "arg16",
    "value" : "202"
  }, {
    "name" : "arg17",
    "value" : "0"
  }, {
    "name" : "arg2",
    "value" : "7"
  }, {
    "name" : "arg3",
    "value" : "test"
  }, {
    "name" : "arg4",
    "value" : "ST-8556726170"
  }, {
    "name" : "arg5",
    "value" : "3"
  }, {
    "name" : "arg6",
    "value" : "test123"
  }, {
    "name" : "arg7",
    "value" : "921"
  }, {
    "name" : "arg8",
    "value" : "2341122222221"
  }, {
    "name" : "arg9",
    "value" : "2341110000000"
  } ],
  "links" : [ ],
  "hidden" : false,
  "retry" : false,
  "extra" : {
    "severity" : "normal",
    "retries" : [ ],
    "categories" : [ {
      "name" : "Test defects",
      "matchedStatuses" : [ ],
      "flaky" : false
    } ],
    "tags" : [ ]
  },
  "source" : "a468829319f404d.json",
  "parameterValues" : [ "64ec8907-f41a-441a-b1b8-355ef", "49903", "2019-09-03T15:35:26.720+02:00", "0", "0000", "Processing request (funds reserved)", "200", "0000", "202", "0", "7", "test", "ST-8556726170", "3", "test123", "921", "2341122222221", "2341110000000" ]
}