{
  "uid" : "a90b8b87840d1f65",
  "name" : "ReserveAndTransactV4RetryableDeclineToNonRetryableDeclineTests",
  "fullName" : "API.dotCoreTests.regression_Raas_Reserve_and_Transact_V4.ReserveAndTransactV4RetryableDeclineToNonRetryableDeclineTests",
  "historyId" : "91036d8d925b703e5f7a1b062e81cf02",
  "time" : {
    "start" : 1603989483621,
    "stop" : 1603989536752,
    "duration" : 53131
  },
  "status" : "failed",
  "statusMessage" : "expected [2213] but found [2201]",
  "statusTrace" : "java.lang.AssertionError: expected [2213] but found [2201]\r\n\tat org.testng.Assert.fail(Assert.java:97)\r\n\tat org.testng.Assert.assertEqualsImpl(Assert.java:136)\r\n\tat org.testng.Assert.assertEquals(Assert.java:118)\r\n\tat org.testng.Assert.assertEquals(Assert.java:575)\r\n\tat org.testng.Assert.assertEquals(Assert.java:585)\r\n\tat API.dotCoreTests.regression_Raas_Reserve_and_Transact_V4.ReserveAndTransactV4RetryableDeclineToNonRetryableDeclineTests(regression_Raas_Reserve_and_Transact_V4.java:3679)\r\n\tat sun.reflect.NativeMethodAccessorImpl.invoke0(Native Method)\r\n\tat sun.reflect.NativeMethodAccessorImpl.invoke(NativeMethodAccessorImpl.java:62)\r\n\tat sun.reflect.DelegatingMethodAccessorImpl.invoke(DelegatingMethodAccessorImpl.java:43)\r\n\tat java.lang.reflect.Method.invoke(Method.java:498)\r\n\tat org.testng.internal.MethodInvocationHelper.invokeMethod(MethodInvocationHelper.java:131)\r\n\tat org.testng.internal.TestInvoker.invokeMethod(TestInvoker.java:570)\r\n\tat org.testng.internal.TestInvoker.invokeTestMethod(TestInvoker.java:170)\r\n\tat org.testng.internal.MethodRunner.runInSequence(MethodRunner.java:46)\r\n\tat org.testng.internal.TestInvoker$MethodInvocationAgent.invoke(TestInvoker.java:790)\r\n\tat org.testng.internal.TestInvoker.invokeTestMethods(TestInvoker.java:143)\r\n\tat org.testng.internal.TestMethodWorker.invokeTestMethods(TestMethodWorker.java:146)\r\n\tat org.testng.internal.TestMethodWorker.run(TestMethodWorker.java:128)\r\n\tat org.testng.TestRunner.privateRun(TestRunner.java:763)\r\n\tat org.testng.TestRunner.run(TestRunner.java:594)\r\n\tat org.testng.SuiteRunner.runTest(SuiteRunner.java:398)\r\n\tat org.testng.SuiteRunner.runSequentially(SuiteRunner.java:392)\r\n\tat org.testng.SuiteRunner.privateRun(SuiteRunner.java:355)\r\n\tat org.testng.SuiteRunner.run(SuiteRunner.java:304)\r\n\tat org.testng.SuiteRunnerWorker.runSuite(SuiteRunnerWorker.java:53)\r\n\tat org.testng.SuiteRunnerWorker.run(SuiteRunnerWorker.java:96)\r\n\tat org.testng.TestNG.runSuitesSequentially(TestNG.java:1146)\r\n\tat org.testng.TestNG.runSuitesSequentially(TestNG.java:1141)\r\n\tat org.testng.TestNG.runSuitesLocally(TestNG.java:1067)\r\n\tat org.testng.TestNG.runSuites(TestNG.java:997)\r\n\tat org.testng.TestNG.run(TestNG.java:965)\r\n\tat org.apache.maven.surefire.testng.TestNGExecutor.run(TestNGExecutor.java:283)\r\n\tat org.apache.maven.surefire.testng.TestNGXmlTestSuite.execute(TestNGXmlTestSuite.java:75)\r\n\tat org.apache.maven.surefire.testng.TestNGProvider.invoke(TestNGProvider.java:120)\r\n\tat org.apache.maven.surefire.booter.ForkedBooter.invokeProviderInSameClassLoader(ForkedBooter.java:384)\r\n\tat org.apache.maven.surefire.booter.ForkedBooter.runSuitesInProcess(ForkedBooter.java:345)\r\n\tat org.apache.maven.surefire.booter.ForkedBooter.execute(ForkedBooter.java:126)\r\n\tat org.apache.maven.surefire.booter.ForkedBooter.main(ForkedBooter.java:418)\r\n",
  "flaky" : false,
  "newFailed" : false,
  "beforeStages" : [ {
    "name" : "setUp",
    "time" : {
      "start" : 1603989082202,
      "stop" : 1603989082204,
      "duration" : 2
    },
    "description" : "",
    "status" : "passed",
    "steps" : [ ],
    "attachments" : [ ],
    "parameters" : [ ],
    "shouldDisplayMessage" : false,
    "attachmentsCount" : 0,
    "stepsCount" : 0,
    "hasContent" : false
  } ],
  "testStage" : {
    "status" : "failed",
    "statusMessage" : "expected [2213] but found [2201]",
    "statusTrace" : "java.lang.AssertionError: expected [2213] but found [2201]\r\n\tat org.testng.Assert.fail(Assert.java:97)\r\n\tat org.testng.Assert.assertEqualsImpl(Assert.java:136)\r\n\tat org.testng.Assert.assertEquals(Assert.java:118)\r\n\tat org.testng.Assert.assertEquals(Assert.java:575)\r\n\tat org.testng.Assert.assertEquals(Assert.java:585)\r\n\tat API.dotCoreTests.regression_Raas_Reserve_and_Transact_V4.ReserveAndTransactV4RetryableDeclineToNonRetryableDeclineTests(regression_Raas_Reserve_and_Transact_V4.java:3679)\r\n\tat sun.reflect.NativeMethodAccessorImpl.invoke0(Native Method)\r\n\tat sun.reflect.NativeMethodAccessorImpl.invoke(NativeMethodAccessorImpl.java:62)\r\n\tat sun.reflect.DelegatingMethodAccessorImpl.invoke(DelegatingMethodAccessorImpl.java:43)\r\n\tat java.lang.reflect.Method.invoke(Method.java:498)\r\n\tat org.testng.internal.MethodInvocationHelper.invokeMethod(MethodInvocationHelper.java:131)\r\n\tat org.testng.internal.TestInvoker.invokeMethod(TestInvoker.java:570)\r\n\tat org.testng.internal.TestInvoker.invokeTestMethod(TestInvoker.java:170)\r\n\tat org.testng.internal.MethodRunner.runInSequence(MethodRunner.java:46)\r\n\tat org.testng.internal.TestInvoker$MethodInvocationAgent.invoke(TestInvoker.java:790)\r\n\tat org.testng.internal.TestInvoker.invokeTestMethods(TestInvoker.java:143)\r\n\tat org.testng.internal.TestMethodWorker.invokeTestMethods(TestMethodWorker.java:146)\r\n\tat org.testng.internal.TestMethodWorker.run(TestMethodWorker.java:128)\r\n\tat org.testng.TestRunner.privateRun(TestRunner.java:763)\r\n\tat org.testng.TestRunner.run(TestRunner.java:594)\r\n\tat org.testng.SuiteRunner.runTest(SuiteRunner.java:398)\r\n\tat org.testng.SuiteRunner.runSequentially(SuiteRunner.java:392)\r\n\tat org.testng.SuiteRunner.privateRun(SuiteRunner.java:355)\r\n\tat org.testng.SuiteRunner.run(SuiteRunner.java:304)\r\n\tat org.testng.SuiteRunnerWorker.runSuite(SuiteRunnerWorker.java:53)\r\n\tat org.testng.SuiteRunnerWorker.run(SuiteRunnerWorker.java:96)\r\n\tat org.testng.TestNG.runSuitesSequentially(TestNG.java:1146)\r\n\tat org.testng.TestNG.runSuitesSequentially(TestNG.java:1141)\r\n\tat org.testng.TestNG.runSuitesLocally(TestNG.java:1067)\r\n\tat org.testng.TestNG.runSuites(TestNG.java:997)\r\n\tat org.testng.TestNG.run(TestNG.java:965)\r\n\tat org.apache.maven.surefire.testng.TestNGExecutor.run(TestNGExecutor.java:283)\r\n\tat org.apache.maven.surefire.testng.TestNGXmlTestSuite.execute(TestNGXmlTestSuite.java:75)\r\n\tat org.apache.maven.surefire.testng.TestNGProvider.invoke(TestNGProvider.java:120)\r\n\tat org.apache.maven.surefire.booter.ForkedBooter.invokeProviderInSameClassLoader(ForkedBooter.java:384)\r\n\tat org.apache.maven.surefire.booter.ForkedBooter.runSuitesInProcess(ForkedBooter.java:345)\r\n\tat org.apache.maven.surefire.booter.ForkedBooter.execute(ForkedBooter.java:126)\r\n\tat org.apache.maven.surefire.booter.ForkedBooter.main(ForkedBooter.java:418)\r\n",
    "steps" : [ {
      "name" : "Reserve and Transact V4 Retryable Decline To Non Retryable Decline test cases",
      "time" : {
        "start" : 1603989483621,
        "stop" : 1603989536746,
        "duration" : 53125
      },
      "status" : "failed",
      "statusMessage" : "expected [2213] but found [2201]",
      "statusTrace" : "java.lang.AssertionError: expected [2213] but found [2201]\r\n\tat org.testng.Assert.fail(Assert.java:97)\r\n\tat org.testng.Assert.assertEqualsImpl(Assert.java:136)\r\n\tat org.testng.Assert.assertEquals(Assert.java:118)\r\n\tat org.testng.Assert.assertEquals(Assert.java:575)\r\n\tat org.testng.Assert.assertEquals(Assert.java:585)\r\n\tat API.dotCoreTests.regression_Raas_Reserve_and_Transact_V4.ReserveAndTransactV4RetryableDeclineToNonRetryableDeclineTests(regression_Raas_Reserve_and_Transact_V4.java:3679)\r\n\tat sun.reflect.NativeMethodAccessorImpl.invoke0(Native Method)\r\n\tat sun.reflect.NativeMethodAccessorImpl.invoke(NativeMethodAccessorImpl.java:62)\r\n\tat sun.reflect.DelegatingMethodAccessorImpl.invoke(DelegatingMethodAccessorImpl.java:43)\r\n\tat java.lang.reflect.Method.invoke(Method.java:498)\r\n\tat org.testng.internal.MethodInvocationHelper.invokeMethod(MethodInvocationHelper.java:131)\r\n\tat org.testng.internal.TestInvoker.invokeMethod(TestInvoker.java:570)\r\n\tat org.testng.internal.TestInvoker.invokeTestMethod(TestInvoker.java:170)\r\n\tat org.testng.internal.MethodRunner.runInSequence(MethodRunner.java:46)\r\n\tat org.testng.internal.TestInvoker$MethodInvocationAgent.invoke(TestInvoker.java:790)\r\n\tat org.testng.internal.TestInvoker.invokeTestMethods(TestInvoker.java:143)\r\n\tat org.testng.internal.TestMethodWorker.invokeTestMethods(TestMethodWorker.java:146)\r\n\tat org.testng.internal.TestMethodWorker.run(TestMethodWorker.java:128)\r\n\tat org.testng.TestRunner.privateRun(TestRunner.java:763)\r\n\tat org.testng.TestRunner.run(TestRunner.java:594)\r\n\tat org.testng.SuiteRunner.runTest(SuiteRunner.java:398)\r\n\tat org.testng.SuiteRunner.runSequentially(SuiteRunner.java:392)\r\n\tat org.testng.SuiteRunner.privateRun(SuiteRunner.java:355)\r\n\tat org.testng.SuiteRunner.run(SuiteRunner.java:304)\r\n\tat org.testng.SuiteRunnerWorker.runSuite(SuiteRunnerWorker.java:53)\r\n\tat org.testng.SuiteRunnerWorker.run(SuiteRunnerWorker.java:96)\r\n\tat org.testng.TestNG.runSuitesSequentially(TestNG.java:1146)\r\n\tat org.testng.TestNG.runSuitesSequentially(TestNG.java:1141)\r\n\tat org.testng.TestNG.runSuitesLocally(TestNG.java:1067)\r\n\tat org.testng.TestNG.runSuites(TestNG.java:997)\r\n\tat org.testng.TestNG.run(TestNG.java:965)\r\n\tat org.apache.maven.surefire.testng.TestNGExecutor.run(TestNGExecutor.java:283)\r\n\tat org.apache.maven.surefire.testng.TestNGXmlTestSuite.execute(TestNGXmlTestSuite.java:75)\r\n\tat org.apache.maven.surefire.testng.TestNGProvider.invoke(TestNGProvider.java:120)\r\n\tat org.apache.maven.surefire.booter.ForkedBooter.invokeProviderInSameClassLoader(ForkedBooter.java:384)\r\n\tat org.apache.maven.surefire.booter.ForkedBooter.runSuitesInProcess(ForkedBooter.java:345)\r\n\tat org.apache.maven.surefire.booter.ForkedBooter.execute(ForkedBooter.java:126)\r\n\tat org.apache.maven.surefire.booter.ForkedBooter.main(ForkedBooter.java:418)\r\n",
      "steps" : [ {
        "name" : "Action Test Step 1 : Set Vendor simulator to fail (MTNNG ERROR ERROR_VENDOR_SYSTEM)",
        "time" : {
          "start" : 1603989483621,
          "stop" : 1603989483621,
          "duration" : 0
        },
        "status" : "passed",
        "steps" : [ ],
        "attachments" : [ ],
        "parameters" : [ ],
        "shouldDisplayMessage" : false,
        "attachmentsCount" : 0,
        "stepsCount" : 0,
        "hasContent" : false
      }, {
        "name" : "Action Test Step 2 : Wait 5 seconds for simulator to run",
        "time" : {
          "start" : 1603989484963,
          "stop" : 1603989484963,
          "duration" : 0
        },
        "status" : "passed",
        "steps" : [ ],
        "attachments" : [ ],
        "parameters" : [ ],
        "shouldDisplayMessage" : false,
        "attachmentsCount" : 0,
        "stepsCount" : 0,
        "hasContent" : false
      }, {
        "name" : "Action Test Step 3 : Execute Fin Terms Calculate REST Request",
        "time" : {
          "start" : 1603989489975,
          "stop" : 1603989489975,
          "duration" : 0
        },
        "status" : "passed",
        "steps" : [ ],
        "attachments" : [ ],
        "parameters" : [ ],
        "shouldDisplayMessage" : false,
        "attachmentsCount" : 0,
        "stepsCount" : 0,
        "hasContent" : false
      }, {
        "name" : "Action Test Step 4 : Execute Reserve and Transact V4 REST Request",
        "time" : {
          "start" : 1603989490083,
          "stop" : 1603989490083,
          "duration" : 0
        },
        "status" : "passed",
        "steps" : [ ],
        "attachments" : [ ],
        "parameters" : [ ],
        "shouldDisplayMessage" : false,
        "attachmentsCount" : 0,
        "stepsCount" : 0,
        "hasContent" : false
      }, {
        "name" : "Action Test Step 5 : Set Vendor simulator to fail (MTNNG ERROR ERROR_INV_MSISDN)",
        "time" : {
          "start" : 1603989490693,
          "stop" : 1603989490693,
          "duration" : 0
        },
        "status" : "passed",
        "steps" : [ ],
        "attachments" : [ ],
        "parameters" : [ ],
        "shouldDisplayMessage" : false,
        "attachmentsCount" : 0,
        "stepsCount" : 0,
        "hasContent" : false
      }, {
        "name" : "Action Test Step 6 : Wait 5 seconds for simulator to run and transaction data to process",
        "time" : {
          "start" : 1603989492015,
          "stop" : 1603989492015,
          "duration" : 0
        },
        "status" : "passed",
        "steps" : [ ],
        "attachments" : [ ],
        "parameters" : [ ],
        "shouldDisplayMessage" : false,
        "attachmentsCount" : 0,
        "stepsCount" : 0,
        "hasContent" : false
      }, {
        "name" : "Step.1 --> Financial Terms Calculate response assertions --> Validate clientId field exists (not empty)",
        "time" : {
          "start" : 1603989497015,
          "stop" : 1603989497015,
          "duration" : 0
        },
        "status" : "passed",
        "steps" : [ ],
        "attachments" : [ ],
        "parameters" : [ ],
        "shouldDisplayMessage" : false,
        "attachmentsCount" : 0,
        "stepsCount" : 0,
        "hasContent" : false
      }, {
        "name" : "Step.2 --> Financial Terms Calculate response assertions --> Validate clientId field exists (not null)",
        "time" : {
          "start" : 1603989497022,
          "stop" : 1603989497022,
          "duration" : 0
        },
        "status" : "passed",
        "steps" : [ ],
        "attachments" : [ ],
        "parameters" : [ ],
        "shouldDisplayMessage" : false,
        "attachmentsCount" : 0,
        "stepsCount" : 0,
        "hasContent" : false
      }, {
        "name" : "Step.3 --> Financial Terms Calculate response assertions --> Validate clientId field is correct",
        "time" : {
          "start" : 1603989497027,
          "stop" : 1603989497027,
          "duration" : 0
        },
        "status" : "passed",
        "steps" : [ ],
        "attachments" : [ ],
        "parameters" : [ ],
        "shouldDisplayMessage" : false,
        "attachmentsCount" : 0,
        "stepsCount" : 0,
        "hasContent" : false
      }, {
        "name" : "Step.4 --> Financial Terms Calculate response assertions --> Validate productId field is correct",
        "time" : {
          "start" : 1603989497033,
          "stop" : 1603989497033,
          "duration" : 0
        },
        "status" : "passed",
        "steps" : [ ],
        "attachments" : [ ],
        "parameters" : [ ],
        "shouldDisplayMessage" : false,
        "attachmentsCount" : 0,
        "stepsCount" : 0,
        "hasContent" : false
      }, {
        "name" : "Step.5 --> Financial Terms Calculate response assertions --> Validate purchaseAmount field is correct",
        "time" : {
          "start" : 1603989497038,
          "stop" : 1603989497038,
          "duration" : 0
        },
        "status" : "passed",
        "steps" : [ ],
        "attachments" : [ ],
        "parameters" : [ ],
        "shouldDisplayMessage" : false,
        "attachmentsCount" : 0,
        "stepsCount" : 0,
        "hasContent" : false
      }, {
        "name" : "Step.6 --> Reserve and Transact V4 REST response assertions --> Validate responseCode field is correct",
        "time" : {
          "start" : 1603989497043,
          "stop" : 1603989497043,
          "duration" : 0
        },
        "status" : "passed",
        "steps" : [ ],
        "attachments" : [ ],
        "parameters" : [ ],
        "shouldDisplayMessage" : false,
        "attachmentsCount" : 0,
        "stepsCount" : 0,
        "hasContent" : false
      }, {
        "name" : "Step.7 --> Reserve and Transact V4 REST response assertions --> Validate responseMessage field is correct",
        "time" : {
          "start" : 1603989497048,
          "stop" : 1603989497048,
          "duration" : 0
        },
        "status" : "passed",
        "steps" : [ ],
        "attachments" : [ ],
        "parameters" : [ ],
        "shouldDisplayMessage" : false,
        "attachmentsCount" : 0,
        "stepsCount" : 0,
        "hasContent" : false
      }, {
        "name" : "Step.8 --> Reserve and Transact V4 REST response assertions --> Validate raasTxnRef field exists",
        "time" : {
          "start" : 1603989497053,
          "stop" : 1603989497053,
          "duration" : 0
        },
        "status" : "passed",
        "steps" : [ ],
        "attachments" : [ ],
        "parameters" : [ ],
        "shouldDisplayMessage" : false,
        "attachmentsCount" : 0,
        "stepsCount" : 0,
        "hasContent" : false
      }, {
        "name" : "Step.9 --> Reserve and Transact V4 REST response assertions --> Validate HTTPResponseCode field exists",
        "time" : {
          "start" : 1603989497057,
          "stop" : 1603989497057,
          "duration" : 0
        },
        "status" : "passed",
        "steps" : [ ],
        "attachments" : [ ],
        "parameters" : [ ],
        "shouldDisplayMessage" : false,
        "attachmentsCount" : 0,
        "stepsCount" : 0,
        "hasContent" : false
      }, {
        "name" : "Action Test Step 7 : Wait 10 seconds before executing RAAS DB Transaction_Log Assertions",
        "time" : {
          "start" : 1603989497057,
          "stop" : 1603989497057,
          "duration" : 0
        },
        "status" : "passed",
        "steps" : [ ],
        "attachments" : [ ],
        "parameters" : [ ],
        "shouldDisplayMessage" : false,
        "attachmentsCount" : 0,
        "stepsCount" : 0,
        "hasContent" : false
      }, {
        "name" : "Step.10 --> RAAS DB assertions --> Table: raas.transaction_log --> Validate raas_txn_ref field is correct",
        "time" : {
          "start" : 1603989507058,
          "stop" : 1603989507058,
          "duration" : 0
        },
        "status" : "passed",
        "steps" : [ ],
        "attachments" : [ ],
        "parameters" : [ ],
        "shouldDisplayMessage" : false,
        "attachmentsCount" : 0,
        "stepsCount" : 0,
        "hasContent" : false
      }, {
        "name" : "Step.11 --> RAAS DB assertions --> Table: raas.transaction_log --> Validate account_identifier field is correct",
        "time" : {
          "start" : 1603989507343,
          "stop" : 1603989507343,
          "duration" : 0
        },
        "status" : "passed",
        "steps" : [ ],
        "attachments" : [ ],
        "parameters" : [ ],
        "shouldDisplayMessage" : false,
        "attachmentsCount" : 0,
        "stepsCount" : 0,
        "hasContent" : false
      }, {
        "name" : "Step.12 --> RAAS DB assertions --> Table: raas.transaction_log --> Validate amount field is correct",
        "time" : {
          "start" : 1603989507613,
          "stop" : 1603989507613,
          "duration" : 0
        },
        "status" : "passed",
        "steps" : [ ],
        "attachments" : [ ],
        "parameters" : [ ],
        "shouldDisplayMessage" : false,
        "attachmentsCount" : 0,
        "stepsCount" : 0,
        "hasContent" : false
      }, {
        "name" : "Step.13 --> RAAS DB assertions --> Table: raas.transaction_log --> Validate channel_id field is correct",
        "time" : {
          "start" : 1603989507885,
          "stop" : 1603989507885,
          "duration" : 0
        },
        "status" : "passed",
        "steps" : [ ],
        "attachments" : [ ],
        "parameters" : [ ],
        "shouldDisplayMessage" : false,
        "attachmentsCount" : 0,
        "stepsCount" : 0,
        "hasContent" : false
      }, {
        "name" : "Step.14 --> RAAS DB assertions --> Table: raas.transaction_log --> Validate channel_session_id field is correct",
        "time" : {
          "start" : 1603989508158,
          "stop" : 1603989508158,
          "duration" : 0
        },
        "status" : "passed",
        "steps" : [ ],
        "attachments" : [ ],
        "parameters" : [ ],
        "shouldDisplayMessage" : false,
        "attachmentsCount" : 0,
        "stepsCount" : 0,
        "hasContent" : false
      }, {
        "name" : "Step.15 --> RAAS DB assertions --> Table: raas.transaction_log --> Validate client_id field is correct",
        "time" : {
          "start" : 1603989508413,
          "stop" : 1603989508413,
          "duration" : 0
        },
        "status" : "passed",
        "steps" : [ ],
        "attachments" : [ ],
        "parameters" : [ ],
        "shouldDisplayMessage" : false,
        "attachmentsCount" : 0,
        "stepsCount" : 0,
        "hasContent" : false
      }, {
        "name" : "Step.16 --> RAAS DB assertions --> Table: raas.transaction_log --> Validate client_txn_ref field is correct",
        "time" : {
          "start" : 1603989508679,
          "stop" : 1603989508679,
          "duration" : 0
        },
        "status" : "passed",
        "steps" : [ ],
        "attachments" : [ ],
        "parameters" : [ ],
        "shouldDisplayMessage" : false,
        "attachmentsCount" : 0,
        "stepsCount" : 0,
        "hasContent" : false
      }, {
        "name" : "Step.17 --> RAAS DB assertions --> Table: raas.transaction_log --> Validate created field exists",
        "time" : {
          "start" : 1603989508963,
          "stop" : 1603989508963,
          "duration" : 0
        },
        "status" : "passed",
        "steps" : [ ],
        "attachments" : [ ],
        "parameters" : [ ],
        "shouldDisplayMessage" : false,
        "attachmentsCount" : 0,
        "stepsCount" : 0,
        "hasContent" : false
      }, {
        "name" : "Step.18 --> RAAS DB assertions --> Table: raas.transaction_log --> Validate event_type field exists",
        "time" : {
          "start" : 1603989509262,
          "stop" : 1603989509262,
          "duration" : 0
        },
        "status" : "passed",
        "steps" : [ ],
        "attachments" : [ ],
        "parameters" : [ ],
        "shouldDisplayMessage" : false,
        "attachmentsCount" : 0,
        "stepsCount" : 0,
        "hasContent" : false
      }, {
        "name" : "Step.19 --> RAAS DB assertions --> Table: raas.transaction_log --> Validate product_id field is correct",
        "time" : {
          "start" : 1603989509531,
          "stop" : 1603989509531,
          "duration" : 0
        },
        "status" : "passed",
        "steps" : [ ],
        "attachments" : [ ],
        "parameters" : [ ],
        "shouldDisplayMessage" : false,
        "attachmentsCount" : 0,
        "stepsCount" : 0,
        "hasContent" : false
      }, {
        "name" : "Step.20 --> RAAS DB assertions --> Table: raas.transaction_log --> Validate source_identifier field is correct",
        "time" : {
          "start" : 1603989509798,
          "stop" : 1603989509798,
          "duration" : 0
        },
        "status" : "passed",
        "steps" : [ ],
        "attachments" : [ ],
        "parameters" : [ ],
        "shouldDisplayMessage" : false,
        "attachmentsCount" : 0,
        "stepsCount" : 0,
        "hasContent" : false
      }, {
        "name" : "Step.21 --> RAAS DB assertions --> Table: raas.transaction_log --> Validate target_identifier field is correct",
        "time" : {
          "start" : 1603989510054,
          "stop" : 1603989510054,
          "duration" : 0
        },
        "status" : "passed",
        "steps" : [ ],
        "attachments" : [ ],
        "parameters" : [ ],
        "shouldDisplayMessage" : false,
        "attachmentsCount" : 0,
        "stepsCount" : 0,
        "hasContent" : false
      }, {
        "name" : "Step.22 --> RAAS DB assertions --> Table: raas.transaction_log --> Validate timestamp field exists",
        "time" : {
          "start" : 1603989510320,
          "stop" : 1603989510320,
          "duration" : 0
        },
        "status" : "passed",
        "steps" : [ ],
        "attachments" : [ ],
        "parameters" : [ ],
        "shouldDisplayMessage" : false,
        "attachmentsCount" : 0,
        "stepsCount" : 0,
        "hasContent" : false
      }, {
        "name" : "Step.23 --> RAAS DB assertions --> Table: raas.transaction_log --> Validate cdc_update_timestamp field exists",
        "time" : {
          "start" : 1603989510583,
          "stop" : 1603989510583,
          "duration" : 0
        },
        "status" : "passed",
        "steps" : [ ],
        "attachments" : [ ],
        "parameters" : [ ],
        "shouldDisplayMessage" : false,
        "attachmentsCount" : 0,
        "stepsCount" : 0,
        "hasContent" : false
      }, {
        "name" : "Step.24 --> RAAS DB assertions --> Table: raas.transaction_log --> Validate channel_name field is correct",
        "time" : {
          "start" : 1603989510863,
          "stop" : 1603989510863,
          "duration" : 0
        },
        "status" : "passed",
        "steps" : [ ],
        "attachments" : [ ],
        "parameters" : [ ],
        "shouldDisplayMessage" : false,
        "attachmentsCount" : 0,
        "stepsCount" : 0,
        "hasContent" : false
      }, {
        "name" : "Step.25 --> RAAS DB assertions --> Table: raas.transaction_log --> Validate reserve_amount field is correct",
        "time" : {
          "start" : 1603989511117,
          "stop" : 1603989511117,
          "duration" : 0
        },
        "status" : "passed",
        "steps" : [ ],
        "attachments" : [ ],
        "parameters" : [ ],
        "shouldDisplayMessage" : false,
        "attachmentsCount" : 0,
        "stepsCount" : 0,
        "hasContent" : false
      }, {
        "name" : "Step.26 --> RAAS DB assertions --> Table: raas.transaction_log --> Validate target_identifier field is correct",
        "time" : {
          "start" : 1603989511386,
          "stop" : 1603989511386,
          "duration" : 0
        },
        "status" : "passed",
        "steps" : [ ],
        "attachments" : [ ],
        "parameters" : [ ],
        "shouldDisplayMessage" : false,
        "attachmentsCount" : 0,
        "stepsCount" : 0,
        "hasContent" : false
      }, {
        "name" : "Step.27 --> RAAS DB assertions --> Table: raas.transaction_log --> Validate fee_amount field exists",
        "time" : {
          "start" : 1603989511640,
          "stop" : 1603989511640,
          "duration" : 0
        },
        "status" : "passed",
        "steps" : [ ],
        "attachments" : [ ],
        "parameters" : [ ],
        "shouldDisplayMessage" : false,
        "attachmentsCount" : 0,
        "stepsCount" : 0,
        "hasContent" : false
      }, {
        "name" : "Step.28 --> RAAS DB assertions --> Table: raas.transaction_log --> Validate client_share_amount field exists",
        "time" : {
          "start" : 1603989511914,
          "stop" : 1603989511914,
          "duration" : 0
        },
        "status" : "passed",
        "steps" : [ ],
        "attachments" : [ ],
        "parameters" : [ ],
        "shouldDisplayMessage" : false,
        "attachmentsCount" : 0,
        "stepsCount" : 0,
        "hasContent" : false
      }, {
        "name" : "Step.29 --> RAAS DB assertions --> Table: raas.transaction_log --> Validate settlement_amount field exists",
        "time" : {
          "start" : 1603989512173,
          "stop" : 1603989512173,
          "duration" : 0
        },
        "status" : "passed",
        "steps" : [ ],
        "attachments" : [ ],
        "parameters" : [ ],
        "shouldDisplayMessage" : false,
        "attachmentsCount" : 0,
        "stepsCount" : 0,
        "hasContent" : false
      }, {
        "name" : "Step.30 --> RAAS DB assertions --> Table: raas.transaction_log --> Validate vend_amount field is correct",
        "time" : {
          "start" : 1603989512425,
          "stop" : 1603989512425,
          "duration" : 0
        },
        "status" : "passed",
        "steps" : [ ],
        "attachments" : [ ],
        "parameters" : [ ],
        "shouldDisplayMessage" : false,
        "attachmentsCount" : 0,
        "stepsCount" : 0,
        "hasContent" : false
      }, {
        "name" : "Step.31 --> RAAS DB assertions --> Table: raas.transaction_log --> Validate vendor_share_amount field exists",
        "time" : {
          "start" : 1603989512705,
          "stop" : 1603989512705,
          "duration" : 0
        },
        "status" : "passed",
        "steps" : [ ],
        "attachments" : [ ],
        "parameters" : [ ],
        "shouldDisplayMessage" : false,
        "attachmentsCount" : 0,
        "stepsCount" : 0,
        "hasContent" : false
      }, {
        "name" : "Step.32 --> RAAS DB assertions --> Table: raas.transaction_log --> Validate raas_request_created field exists",
        "time" : {
          "start" : 1603989512971,
          "stop" : 1603989512971,
          "duration" : 0
        },
        "status" : "passed",
        "steps" : [ ],
        "attachments" : [ ],
        "parameters" : [ ],
        "shouldDisplayMessage" : false,
        "attachmentsCount" : 0,
        "stepsCount" : 0,
        "hasContent" : false
      }, {
        "name" : "Step.33 --> RAAS DB assertions --> Table: raas.transaction_log --> Validate raas_response_created field exists",
        "time" : {
          "start" : 1603989513229,
          "stop" : 1603989513229,
          "duration" : 0
        },
        "status" : "passed",
        "steps" : [ ],
        "attachments" : [ ],
        "parameters" : [ ],
        "shouldDisplayMessage" : false,
        "attachmentsCount" : 0,
        "stepsCount" : 0,
        "hasContent" : false
      }, {
        "name" : "Step.34 --> RAAS DB assertions --> Table: raas.transaction_log --> Validate transaction_result_request_created field exists",
        "time" : {
          "start" : 1603989513485,
          "stop" : 1603989513485,
          "duration" : 0
        },
        "status" : "passed",
        "steps" : [ ],
        "attachments" : [ ],
        "parameters" : [ ],
        "shouldDisplayMessage" : false,
        "attachmentsCount" : 0,
        "stepsCount" : 0,
        "hasContent" : false
      }, {
        "name" : "Step.35 --> RAAS DB assertions --> Table: raas.transaction_log --> Validate transaction_result_response_created field exists",
        "time" : {
          "start" : 1603989513746,
          "stop" : 1603989513746,
          "duration" : 0
        },
        "status" : "passed",
        "steps" : [ ],
        "attachments" : [ ],
        "parameters" : [ ],
        "shouldDisplayMessage" : false,
        "attachmentsCount" : 0,
        "stepsCount" : 0,
        "hasContent" : false
      }, {
        "name" : "Step.36 --> RAAS DB assertions --> Table: raas.transaction_log --> Validate raas_response_response_code field is correct",
        "time" : {
          "start" : 1603989514005,
          "stop" : 1603989514005,
          "duration" : 0
        },
        "status" : "passed",
        "steps" : [ ],
        "attachments" : [ ],
        "parameters" : [ ],
        "shouldDisplayMessage" : false,
        "attachmentsCount" : 0,
        "stepsCount" : 0,
        "hasContent" : false
      }, {
        "name" : "Step.37 --> RAAS DB assertions --> Table: raas.transaction_log --> Validate raas_response_message field is correct",
        "time" : {
          "start" : 1603989514310,
          "stop" : 1603989514310,
          "duration" : 0
        },
        "status" : "passed",
        "steps" : [ ],
        "attachments" : [ ],
        "parameters" : [ ],
        "shouldDisplayMessage" : false,
        "attachmentsCount" : 0,
        "stepsCount" : 0,
        "hasContent" : false
      }, {
        "name" : "Step.38 --> RAAS DB assertions --> Table: raas.transaction_log --> Validate transaction_result_request_response_code field is correct",
        "time" : {
          "start" : 1603989514577,
          "stop" : 1603989514577,
          "duration" : 0
        },
        "status" : "passed",
        "steps" : [ ],
        "attachments" : [ ],
        "parameters" : [ ],
        "shouldDisplayMessage" : false,
        "attachmentsCount" : 0,
        "stepsCount" : 0,
        "hasContent" : false
      }, {
        "name" : "Step.39 --> RAAS DB assertions --> Table: raas.transaction_log --> Validate transaction_result_response_response_code field is correct",
        "time" : {
          "start" : 1603989514837,
          "stop" : 1603989514837,
          "duration" : 0
        },
        "status" : "passed",
        "steps" : [ ],
        "attachments" : [ ],
        "parameters" : [ ],
        "shouldDisplayMessage" : false,
        "attachmentsCount" : 0,
        "stepsCount" : 0,
        "hasContent" : false
      }, {
        "name" : "Step.40 --> RAAS DB assertions --> Table: raas.transaction_log --> Validate currency_code field is correct",
        "time" : {
          "start" : 1603989515109,
          "stop" : 1603989515109,
          "duration" : 0
        },
        "status" : "passed",
        "steps" : [ ],
        "attachments" : [ ],
        "parameters" : [ ],
        "shouldDisplayMessage" : false,
        "attachmentsCount" : 0,
        "stepsCount" : 0,
        "hasContent" : false
      }, {
        "name" : "Step.41 --> RAAS DB assertions --> Table: raas.transaction_log --> Validate funding_source_id field is correct",
        "time" : {
          "start" : 1603989515366,
          "stop" : 1603989515366,
          "duration" : 0
        },
        "status" : "passed",
        "steps" : [ ],
        "attachments" : [ ],
        "parameters" : [ ],
        "shouldDisplayMessage" : false,
        "attachmentsCount" : 0,
        "stepsCount" : 0,
        "hasContent" : false
      }, {
        "name" : "Step.42 --> RAAS DB assertions --> Table: raas.transaction_log --> Validate additional_data_financial_calculations field exists",
        "time" : {
          "start" : 1603989515621,
          "stop" : 1603989515621,
          "duration" : 0
        },
        "status" : "passed",
        "steps" : [ ],
        "attachments" : [ ],
        "parameters" : [ ],
        "shouldDisplayMessage" : false,
        "attachmentsCount" : 0,
        "stepsCount" : 0,
        "hasContent" : false
      }, {
        "name" : "Step.43 --> RAAS DB assertions --> Table: raas.raas_request --> Validate raas_txn_ref field is correct",
        "time" : {
          "start" : 1603989515890,
          "stop" : 1603989515890,
          "duration" : 0
        },
        "status" : "passed",
        "steps" : [ ],
        "attachments" : [ ],
        "parameters" : [ ],
        "shouldDisplayMessage" : false,
        "attachmentsCount" : 0,
        "stepsCount" : 0,
        "hasContent" : false
      }, {
        "name" : "Step.44 --> RAAS DB assertions --> Table: raas.raas_request --> Validate account_identifier field is correct",
        "time" : {
          "start" : 1603989516154,
          "stop" : 1603989516154,
          "duration" : 0
        },
        "status" : "passed",
        "steps" : [ ],
        "attachments" : [ ],
        "parameters" : [ ],
        "shouldDisplayMessage" : false,
        "attachmentsCount" : 0,
        "stepsCount" : 0,
        "hasContent" : false
      }, {
        "name" : "Step.45 --> RAAS DB assertions --> Table: raas.raas_request --> Validate amount field is correct",
        "time" : {
          "start" : 1603989516452,
          "stop" : 1603989516452,
          "duration" : 0
        },
        "status" : "passed",
        "steps" : [ ],
        "attachments" : [ ],
        "parameters" : [ ],
        "shouldDisplayMessage" : false,
        "attachmentsCount" : 0,
        "stepsCount" : 0,
        "hasContent" : false
      }, {
        "name" : "Step.46 --> RAAS DB assertions --> Table: raas.raas_request --> Validate channel_id field is correct",
        "time" : {
          "start" : 1603989516730,
          "stop" : 1603989516730,
          "duration" : 0
        },
        "status" : "passed",
        "steps" : [ ],
        "attachments" : [ ],
        "parameters" : [ ],
        "shouldDisplayMessage" : false,
        "attachmentsCount" : 0,
        "stepsCount" : 0,
        "hasContent" : false
      }, {
        "name" : "Step.47 --> RAAS DB assertions --> Table: raas.raas_request --> Validate channel_session_id field is correct",
        "time" : {
          "start" : 1603989517005,
          "stop" : 1603989517005,
          "duration" : 0
        },
        "status" : "passed",
        "steps" : [ ],
        "attachments" : [ ],
        "parameters" : [ ],
        "shouldDisplayMessage" : false,
        "attachmentsCount" : 0,
        "stepsCount" : 0,
        "hasContent" : false
      }, {
        "name" : "Step.48 --> RAAS DB assertions --> Table: raas.raas_request --> Validate client_id field is correct",
        "time" : {
          "start" : 1603989517252,
          "stop" : 1603989517252,
          "duration" : 0
        },
        "status" : "passed",
        "steps" : [ ],
        "attachments" : [ ],
        "parameters" : [ ],
        "shouldDisplayMessage" : false,
        "attachmentsCount" : 0,
        "stepsCount" : 0,
        "hasContent" : false
      }, {
        "name" : "Step.49 --> RAAS DB assertions --> Table: raas.raas_request --> Validate client_txn_ref field is correct",
        "time" : {
          "start" : 1603989517508,
          "stop" : 1603989517508,
          "duration" : 0
        },
        "status" : "passed",
        "steps" : [ ],
        "attachments" : [ ],
        "parameters" : [ ],
        "shouldDisplayMessage" : false,
        "attachmentsCount" : 0,
        "stepsCount" : 0,
        "hasContent" : false
      }, {
        "name" : "Step.50 --> RAAS DB assertions --> Table: raas.raas_request --> Validate created field exists",
        "time" : {
          "start" : 1603989517758,
          "stop" : 1603989517758,
          "duration" : 0
        },
        "status" : "passed",
        "steps" : [ ],
        "attachments" : [ ],
        "parameters" : [ ],
        "shouldDisplayMessage" : false,
        "attachmentsCount" : 0,
        "stepsCount" : 0,
        "hasContent" : false
      }, {
        "name" : "Step.51 --> RAAS DB assertions --> Table: raas.raas_request --> Validate event_type field exists",
        "time" : {
          "start" : 1603989518019,
          "stop" : 1603989518019,
          "duration" : 0
        },
        "status" : "passed",
        "steps" : [ ],
        "attachments" : [ ],
        "parameters" : [ ],
        "shouldDisplayMessage" : false,
        "attachmentsCount" : 0,
        "stepsCount" : 0,
        "hasContent" : false
      }, {
        "name" : "Step.52 --> RAAS DB assertions --> Table: raas.raas_request --> Validate created field exists",
        "time" : {
          "start" : 1603989518269,
          "stop" : 1603989518269,
          "duration" : 0
        },
        "status" : "passed",
        "steps" : [ ],
        "attachments" : [ ],
        "parameters" : [ ],
        "shouldDisplayMessage" : false,
        "attachmentsCount" : 0,
        "stepsCount" : 0,
        "hasContent" : false
      }, {
        "name" : "Step.53 --> RAAS DB assertions --> Table: raas.raas_request --> Validate product_id field is correct",
        "time" : {
          "start" : 1603989518529,
          "stop" : 1603989518529,
          "duration" : 0
        },
        "status" : "passed",
        "steps" : [ ],
        "attachments" : [ ],
        "parameters" : [ ],
        "shouldDisplayMessage" : false,
        "attachmentsCount" : 0,
        "stepsCount" : 0,
        "hasContent" : false
      }, {
        "name" : "Step.54 --> RAAS DB assertions --> Table: raas.raas_request --> Validate source_identifier field is correct",
        "time" : {
          "start" : 1603989518784,
          "stop" : 1603989518784,
          "duration" : 0
        },
        "status" : "passed",
        "steps" : [ ],
        "attachments" : [ ],
        "parameters" : [ ],
        "shouldDisplayMessage" : false,
        "attachmentsCount" : 0,
        "stepsCount" : 0,
        "hasContent" : false
      }, {
        "name" : "Step.55 --> RAAS DB assertions --> Table: raas.raas_request --> Validate target_identifier field is correct",
        "time" : {
          "start" : 1603989519048,
          "stop" : 1603989519048,
          "duration" : 0
        },
        "status" : "passed",
        "steps" : [ ],
        "attachments" : [ ],
        "parameters" : [ ],
        "shouldDisplayMessage" : false,
        "attachmentsCount" : 0,
        "stepsCount" : 0,
        "hasContent" : false
      }, {
        "name" : "Step.56 --> RAAS DB assertions --> Table: raas.raas_request --> Validate timestamp field exists",
        "time" : {
          "start" : 1603989519296,
          "stop" : 1603989519296,
          "duration" : 0
        },
        "status" : "passed",
        "steps" : [ ],
        "attachments" : [ ],
        "parameters" : [ ],
        "shouldDisplayMessage" : false,
        "attachmentsCount" : 0,
        "stepsCount" : 0,
        "hasContent" : false
      }, {
        "name" : "Step.57 --> RAAS DB assertions --> Table: raas.raas_request --> Validate cdc_update_timestamp field exists",
        "time" : {
          "start" : 1603989519554,
          "stop" : 1603989519554,
          "duration" : 0
        },
        "status" : "passed",
        "steps" : [ ],
        "attachments" : [ ],
        "parameters" : [ ],
        "shouldDisplayMessage" : false,
        "attachmentsCount" : 0,
        "stepsCount" : 0,
        "hasContent" : false
      }, {
        "name" : "Step.58 --> RAAS DB assertions --> Table: raas.raas_request --> Validate channel_name field is correct",
        "time" : {
          "start" : 1603989519833,
          "stop" : 1603989519833,
          "duration" : 0
        },
        "status" : "passed",
        "steps" : [ ],
        "attachments" : [ ],
        "parameters" : [ ],
        "shouldDisplayMessage" : false,
        "attachmentsCount" : 0,
        "stepsCount" : 0,
        "hasContent" : false
      }, {
        "name" : "Step.59 --> RAAS DB assertions --> Table: raas.raas_request --> Validate fee_amount field exists",
        "time" : {
          "start" : 1603989520096,
          "stop" : 1603989520096,
          "duration" : 0
        },
        "status" : "passed",
        "steps" : [ ],
        "attachments" : [ ],
        "parameters" : [ ],
        "shouldDisplayMessage" : false,
        "attachmentsCount" : 0,
        "stepsCount" : 0,
        "hasContent" : false
      }, {
        "name" : "Step.60 --> RAAS DB assertions --> Table: raas.raas_request --> Validate api_call field is correct",
        "time" : {
          "start" : 1603989520353,
          "stop" : 1603989520353,
          "duration" : 0
        },
        "status" : "passed",
        "steps" : [ ],
        "attachments" : [ ],
        "parameters" : [ ],
        "shouldDisplayMessage" : false,
        "attachmentsCount" : 0,
        "stepsCount" : 0,
        "hasContent" : false
      }, {
        "name" : "Step.61 --> RAAS DB assertions --> Table: raas.raas_response --> Validate raas_txn_ref field is correct",
        "time" : {
          "start" : 1603989520626,
          "stop" : 1603989520626,
          "duration" : 0
        },
        "status" : "passed",
        "steps" : [ ],
        "attachments" : [ ],
        "parameters" : [ ],
        "shouldDisplayMessage" : false,
        "attachmentsCount" : 0,
        "stepsCount" : 0,
        "hasContent" : false
      }, {
        "name" : "Step.62 --> RAAS DB assertions --> Table: raas.raas_response --> Validate created field exists",
        "time" : {
          "start" : 1603989520914,
          "stop" : 1603989520914,
          "duration" : 0
        },
        "status" : "passed",
        "steps" : [ ],
        "attachments" : [ ],
        "parameters" : [ ],
        "shouldDisplayMessage" : false,
        "attachmentsCount" : 0,
        "stepsCount" : 0,
        "hasContent" : false
      }, {
        "name" : "Step.63 --> RAAS DB assertions --> Table: raas.raas_response --> Validate event_type field exists",
        "time" : {
          "start" : 1603989521164,
          "stop" : 1603989521164,
          "duration" : 0
        },
        "status" : "passed",
        "steps" : [ ],
        "attachments" : [ ],
        "parameters" : [ ],
        "shouldDisplayMessage" : false,
        "attachmentsCount" : 0,
        "stepsCount" : 0,
        "hasContent" : false
      }, {
        "name" : "Action Test Step 8 : Wait 15 seconds before executing CTX DB Assertions",
        "time" : {
          "start" : 1603989521428,
          "stop" : 1603989521428,
          "duration" : 0
        },
        "status" : "passed",
        "steps" : [ ],
        "attachments" : [ ],
        "parameters" : [ ],
        "shouldDisplayMessage" : false,
        "attachmentsCount" : 0,
        "stepsCount" : 0,
        "hasContent" : false
      }, {
        "name" : "Step.64 --> CTX DB assertions --> Table: cpgtx.tran_log --> Validate transactionResponseCode field is correct",
        "time" : {
          "start" : 1603989536434,
          "stop" : 1603989536434,
          "duration" : 0
        },
        "status" : "passed",
        "steps" : [ ],
        "attachments" : [ ],
        "parameters" : [ ],
        "shouldDisplayMessage" : false,
        "attachmentsCount" : 0,
        "stepsCount" : 0,
        "hasContent" : false
      } ],
      "attachments" : [ ],
      "parameters" : [ {
        "name" : "accountIdentifier",
        "value" : "64ec8907-f41a-441a-b1b8-355ef"
      }, {
        "name" : "purchaseAmount",
        "value" : "15000"
      }, {
        "name" : "channelId",
        "value" : "8"
      }, {
        "name" : "channelName",
        "value" : "test"
      }, {
        "name" : "channelSessionId",
        "value" : "ST-8556726170"
      }, {
        "name" : "clientId",
        "value" : "3"
      }, {
        "name" : "clientTxnRef",
        "value" : "193103796"
      }, {
        "name" : "productId",
        "value" : "100"
      }, {
        "name" : "sourceIdentifier",
        "value" : "2341111111111"
      }, {
        "name" : "targetIdentifier",
        "value" : "2341111111111"
      }, {
        "name" : "timeStamp",
        "value" : "2020-01-09T09:58:46.170+02:00"
      }, {
        "name" : "feeAmount",
        "value" : "0"
      }, {
        "name" : "currencyCode",
        "value" : "NGN"
      }, {
        "name" : "fundingSourceId",
        "value" : "3"
      }, {
        "name" : "expectedRaasResponseCode",
        "value" : "0000"
      }, {
        "name" : "expectedMessage",
        "value" : "Processing request (funds reserved)"
      }, {
        "name" : "expectedHTTPResponseCode",
        "value" : "200"
      }, {
        "name" : "expectedRaasResultRequestResponseCode",
        "value" : "2201"
      }, {
        "name" : "expectedRaasResultResponseResponseCode",
        "value" : "202"
      }, {
        "name" : "expectedCTXTransactionResponseCode",
        "value" : "2213"
      }, {
        "name" : "simulatorScenario",
        "value" : "MTNNG ERROR ERROR_VENDOR_SYSTEM"
      }, {
        "name" : "simulatorResetState",
        "value" : "MTNNG ERROR ERROR_INV_MSISDN"
      } ],
      "shouldDisplayMessage" : true,
      "attachmentsCount" : 0,
      "stepsCount" : 72,
      "hasContent" : true
    } ],
    "attachments" : [ {
      "uid" : "5ed60b77da2a6faf",
      "name" : "request",
      "source" : "5ed60b77da2a6faf.txt",
      "type" : "text/plain",
      "size" : 1333
    }, {
      "uid" : "c0d647f5e14dd47e",
      "name" : "response",
      "source" : "c0d647f5e14dd47e.txt",
      "type" : "text/plain",
      "size" : 1554
    } ],
    "parameters" : [ ],
    "shouldDisplayMessage" : false,
    "attachmentsCount" : 2,
    "stepsCount" : 73,
    "hasContent" : true
  },
  "afterStages" : [ ],
  "labels" : [ {
    "name" : "package",
    "value" : "API.dotCoreTests.regression_Raas_Reserve_and_Transact_V4"
  }, {
    "name" : "testClass",
    "value" : "API.dotCoreTests.regression_Raas_Reserve_and_Transact_V4"
  }, {
    "name" : "testMethod",
    "value" : "ReserveAndTransactV4RetryableDeclineToNonRetryableDeclineTests"
  }, {
    "name" : "parentSuite",
    "value" : "Reserve and Transact V4 Test Suite"
  }, {
    "name" : "suite",
    "value" : "regression_Raas_Reserve_and_Transact_V4.java"
  }, {
    "name" : "subSuite",
    "value" : "API.dotCoreTests.regression_Raas_Reserve_and_Transact_V4"
  }, {
    "name" : "host",
    "value" : "FANB0716"
  }, {
    "name" : "thread",
    "value" : "12740@FANB0716.main(1)"
  }, {
    "name" : "framework",
    "value" : "testng"
  }, {
    "name" : "language",
    "value" : "java"
  }, {
    "name" : "resultFormat",
    "value" : "allure2"
  } ],
  "parameters" : [ {
    "name" : "arg0",
    "value" : "64ec8907-f41a-441a-b1b8-355ef"
  }, {
    "name" : "arg1",
    "value" : "15000"
  }, {
    "name" : "arg10",
    "value" : "2020-01-09T09:58:46.170+02:00"
  }, {
    "name" : "arg11",
    "value" : "0"
  }, {
    "name" : "arg12",
    "value" : "NGN"
  }, {
    "name" : "arg13",
    "value" : "3"
  }, {
    "name" : "arg14",
    "value" : "0000"
  }, {
    "name" : "arg15",
    "value" : "Processing request (funds reserved)"
  }, {
    "name" : "arg16",
    "value" : "200"
  }, {
    "name" : "arg17",
    "value" : "2201"
  }, {
    "name" : "arg18",
    "value" : "202"
  }, {
    "name" : "arg19",
    "value" : "2213"
  }, {
    "name" : "arg2",
    "value" : "8"
  }, {
    "name" : "arg20",
    "value" : "MTNNG ERROR ERROR_VENDOR_SYSTEM"
  }, {
    "name" : "arg21",
    "value" : "MTNNG ERROR ERROR_INV_MSISDN"
  }, {
    "name" : "arg3",
    "value" : "test"
  }, {
    "name" : "arg4",
    "value" : "ST-8556726170"
  }, {
    "name" : "arg5",
    "value" : "3"
  }, {
    "name" : "arg6",
    "value" : "193103796"
  }, {
    "name" : "arg7",
    "value" : "100"
  }, {
    "name" : "arg8",
    "value" : "2341111111111"
  }, {
    "name" : "arg9",
    "value" : "2341111111111"
  } ],
  "links" : [ ],
  "hidden" : false,
  "retry" : false,
  "extra" : {
    "severity" : "normal",
    "retries" : [ ],
    "categories" : [ {
      "name" : "Product defects",
      "matchedStatuses" : [ ],
      "flaky" : false
    } ],
    "tags" : [ ]
  },
  "source" : "a90b8b87840d1f65.json",
  "parameterValues" : [ "64ec8907-f41a-441a-b1b8-355ef", "15000", "2020-01-09T09:58:46.170+02:00", "0", "NGN", "3", "0000", "Processing request (funds reserved)", "200", "2201", "202", "2213", "8", "MTNNG ERROR ERROR_VENDOR_SYSTEM", "MTNNG ERROR ERROR_INV_MSISDN", "test", "ST-8556726170", "3", "193103796", "100", "2341111111111", "2341111111111" ]
}