{
  "uid" : "d5b1cb0a4151437",
  "name" : "transactV3VendorPendingToRetryableDeclineToNonRetryableDeclineTests",
  "fullName" : "API.dotCoreTests.regression_Raas_Transact_V3.transactV3VendorPendingToRetryableDeclineToNonRetryableDeclineTests",
  "historyId" : "f0b60a153638a7a51b170e6ff922c5d4",
  "time" : {
    "start" : 1603988995167,
    "stop" : 1603989036635,
    "duration" : 41468
  },
  "status" : "failed",
  "statusMessage" : "expected [2213] but found [2240]",
  "statusTrace" : "java.lang.AssertionError: expected [2213] but found [2240]\r\n\tat org.testng.Assert.fail(Assert.java:97)\r\n\tat org.testng.Assert.assertEqualsImpl(Assert.java:136)\r\n\tat org.testng.Assert.assertEquals(Assert.java:118)\r\n\tat org.testng.Assert.assertEquals(Assert.java:575)\r\n\tat org.testng.Assert.assertEquals(Assert.java:585)\r\n\tat API.dotCoreTests.regression_Raas_Transact_V3.transactV3VendorPendingToRetryableDeclineToNonRetryableDeclineTests(regression_Raas_Transact_V3.java:2672)\r\n\tat sun.reflect.NativeMethodAccessorImpl.invoke0(Native Method)\r\n\tat sun.reflect.NativeMethodAccessorImpl.invoke(NativeMethodAccessorImpl.java:62)\r\n\tat sun.reflect.DelegatingMethodAccessorImpl.invoke(DelegatingMethodAccessorImpl.java:43)\r\n\tat java.lang.reflect.Method.invoke(Method.java:498)\r\n\tat org.testng.internal.MethodInvocationHelper.invokeMethod(MethodInvocationHelper.java:131)\r\n\tat org.testng.internal.TestInvoker.invokeMethod(TestInvoker.java:570)\r\n\tat org.testng.internal.TestInvoker.invokeTestMethod(TestInvoker.java:170)\r\n\tat org.testng.internal.MethodRunner.runInSequence(MethodRunner.java:46)\r\n\tat org.testng.internal.TestInvoker$MethodInvocationAgent.invoke(TestInvoker.java:790)\r\n\tat org.testng.internal.TestInvoker.invokeTestMethods(TestInvoker.java:143)\r\n\tat org.testng.internal.TestMethodWorker.invokeTestMethods(TestMethodWorker.java:146)\r\n\tat org.testng.internal.TestMethodWorker.run(TestMethodWorker.java:128)\r\n\tat java.util.concurrent.ThreadPoolExecutor.runWorker(ThreadPoolExecutor.java:1149)\r\n\tat java.util.concurrent.ThreadPoolExecutor$Worker.run(ThreadPoolExecutor.java:624)\r\n\tat java.lang.Thread.run(Thread.java:748)\r\n",
  "flaky" : false,
  "newFailed" : false,
  "beforeStages" : [ {
    "name" : "setUp",
    "time" : {
      "start" : 1603988993799,
      "stop" : 1603988993803,
      "duration" : 4
    },
    "description" : "",
    "status" : "passed",
    "steps" : [ ],
    "attachments" : [ ],
    "parameters" : [ ],
    "shouldDisplayMessage" : false,
    "attachmentsCount" : 0,
    "stepsCount" : 0,
    "hasContent" : false
  } ],
  "testStage" : {
    "status" : "failed",
    "statusMessage" : "expected [2213] but found [2240]",
    "statusTrace" : "java.lang.AssertionError: expected [2213] but found [2240]\r\n\tat org.testng.Assert.fail(Assert.java:97)\r\n\tat org.testng.Assert.assertEqualsImpl(Assert.java:136)\r\n\tat org.testng.Assert.assertEquals(Assert.java:118)\r\n\tat org.testng.Assert.assertEquals(Assert.java:575)\r\n\tat org.testng.Assert.assertEquals(Assert.java:585)\r\n\tat API.dotCoreTests.regression_Raas_Transact_V3.transactV3VendorPendingToRetryableDeclineToNonRetryableDeclineTests(regression_Raas_Transact_V3.java:2672)\r\n\tat sun.reflect.NativeMethodAccessorImpl.invoke0(Native Method)\r\n\tat sun.reflect.NativeMethodAccessorImpl.invoke(NativeMethodAccessorImpl.java:62)\r\n\tat sun.reflect.DelegatingMethodAccessorImpl.invoke(DelegatingMethodAccessorImpl.java:43)\r\n\tat java.lang.reflect.Method.invoke(Method.java:498)\r\n\tat org.testng.internal.MethodInvocationHelper.invokeMethod(MethodInvocationHelper.java:131)\r\n\tat org.testng.internal.TestInvoker.invokeMethod(TestInvoker.java:570)\r\n\tat org.testng.internal.TestInvoker.invokeTestMethod(TestInvoker.java:170)\r\n\tat org.testng.internal.MethodRunner.runInSequence(MethodRunner.java:46)\r\n\tat org.testng.internal.TestInvoker$MethodInvocationAgent.invoke(TestInvoker.java:790)\r\n\tat org.testng.internal.TestInvoker.invokeTestMethods(TestInvoker.java:143)\r\n\tat org.testng.internal.TestMethodWorker.invokeTestMethods(TestMethodWorker.java:146)\r\n\tat org.testng.internal.TestMethodWorker.run(TestMethodWorker.java:128)\r\n\tat java.util.concurrent.ThreadPoolExecutor.runWorker(ThreadPoolExecutor.java:1149)\r\n\tat java.util.concurrent.ThreadPoolExecutor$Worker.run(ThreadPoolExecutor.java:624)\r\n\tat java.lang.Thread.run(Thread.java:748)\r\n",
    "steps" : [ {
      "name" : "POST Vendor Simulator, Pending to Retryable Decline To Non Retryable Decline scenarios",
      "time" : {
        "start" : 1603988995167,
        "stop" : 1603989036632,
        "duration" : 41465
      },
      "status" : "failed",
      "statusMessage" : "expected [2213] but found [2240]",
      "statusTrace" : "java.lang.AssertionError: expected [2213] but found [2240]\r\n\tat org.testng.Assert.fail(Assert.java:97)\r\n\tat org.testng.Assert.assertEqualsImpl(Assert.java:136)\r\n\tat org.testng.Assert.assertEquals(Assert.java:118)\r\n\tat org.testng.Assert.assertEquals(Assert.java:575)\r\n\tat org.testng.Assert.assertEquals(Assert.java:585)\r\n\tat API.dotCoreTests.regression_Raas_Transact_V3.transactV3VendorPendingToRetryableDeclineToNonRetryableDeclineTests(regression_Raas_Transact_V3.java:2672)\r\n\tat sun.reflect.NativeMethodAccessorImpl.invoke0(Native Method)\r\n\tat sun.reflect.NativeMethodAccessorImpl.invoke(NativeMethodAccessorImpl.java:62)\r\n\tat sun.reflect.DelegatingMethodAccessorImpl.invoke(DelegatingMethodAccessorImpl.java:43)\r\n\tat java.lang.reflect.Method.invoke(Method.java:498)\r\n\tat org.testng.internal.MethodInvocationHelper.invokeMethod(MethodInvocationHelper.java:131)\r\n\tat org.testng.internal.TestInvoker.invokeMethod(TestInvoker.java:570)\r\n\tat org.testng.internal.TestInvoker.invokeTestMethod(TestInvoker.java:170)\r\n\tat org.testng.internal.MethodRunner.runInSequence(MethodRunner.java:46)\r\n\tat org.testng.internal.TestInvoker$MethodInvocationAgent.invoke(TestInvoker.java:790)\r\n\tat org.testng.internal.TestInvoker.invokeTestMethods(TestInvoker.java:143)\r\n\tat org.testng.internal.TestMethodWorker.invokeTestMethods(TestMethodWorker.java:146)\r\n\tat org.testng.internal.TestMethodWorker.run(TestMethodWorker.java:128)\r\n\tat java.util.concurrent.ThreadPoolExecutor.runWorker(ThreadPoolExecutor.java:1149)\r\n\tat java.util.concurrent.ThreadPoolExecutor$Worker.run(ThreadPoolExecutor.java:624)\r\n\tat java.lang.Thread.run(Thread.java:748)\r\n",
      "steps" : [ {
        "name" : "Action Test Step 1 : Set Vendor simulator to fail (MTNNG EXCEPTION)",
        "time" : {
          "start" : 1603988995167,
          "stop" : 1603988995167,
          "duration" : 0
        },
        "status" : "passed",
        "steps" : [ ],
        "attachments" : [ ],
        "parameters" : [ ],
        "shouldDisplayMessage" : false,
        "attachmentsCount" : 0,
        "stepsCount" : 0,
        "hasContent" : false
      }, {
        "name" : "Action Test Step 2 : Wait 5 seconds for simulator to run",
        "time" : {
          "start" : 1603988996507,
          "stop" : 1603988996507,
          "duration" : 0
        },
        "status" : "passed",
        "steps" : [ ],
        "attachments" : [ ],
        "parameters" : [ ],
        "shouldDisplayMessage" : false,
        "attachmentsCount" : 0,
        "stepsCount" : 0,
        "hasContent" : false
      }, {
        "name" : "Action Test Step 3 : Execute Financial Terms Calculate REST Request",
        "time" : {
          "start" : 1603989001507,
          "stop" : 1603989001507,
          "duration" : 0
        },
        "status" : "passed",
        "steps" : [ ],
        "attachments" : [ ],
        "parameters" : [ ],
        "shouldDisplayMessage" : false,
        "attachmentsCount" : 0,
        "stepsCount" : 0,
        "hasContent" : false
      }, {
        "name" : "Action Test Step 4 : Execute Transact V3 REST Request",
        "time" : {
          "start" : 1603989001584,
          "stop" : 1603989001584,
          "duration" : 0
        },
        "status" : "passed",
        "steps" : [ ],
        "attachments" : [ ],
        "parameters" : [ ],
        "shouldDisplayMessage" : false,
        "attachmentsCount" : 0,
        "stepsCount" : 0,
        "hasContent" : false
      }, {
        "name" : "Action Test Step 5 : Set Vendor simulator to fail (MTNNG ERROR ERROR_INV_MSISDN)",
        "time" : {
          "start" : 1603989001849,
          "stop" : 1603989001849,
          "duration" : 0
        },
        "status" : "passed",
        "steps" : [ ],
        "attachments" : [ ],
        "parameters" : [ ],
        "shouldDisplayMessage" : false,
        "attachmentsCount" : 0,
        "stepsCount" : 0,
        "hasContent" : false
      }, {
        "name" : "Action Test Step 6 : Wait 15 seconds for simulator to run and data processing to finish",
        "time" : {
          "start" : 1603989004195,
          "stop" : 1603989004195,
          "duration" : 0
        },
        "status" : "passed",
        "steps" : [ ],
        "attachments" : [ ],
        "parameters" : [ ],
        "shouldDisplayMessage" : false,
        "attachmentsCount" : 0,
        "stepsCount" : 0,
        "hasContent" : false
      }, {
        "name" : "Step.1 --> Financial Terms Calculate response assertions --> Validate clientId field exists (not empty)",
        "time" : {
          "start" : 1603989019197,
          "stop" : 1603989019197,
          "duration" : 0
        },
        "status" : "passed",
        "steps" : [ ],
        "attachments" : [ ],
        "parameters" : [ ],
        "shouldDisplayMessage" : false,
        "attachmentsCount" : 0,
        "stepsCount" : 0,
        "hasContent" : false
      }, {
        "name" : "Step.2 --> Financial Terms Calculate response assertions --> Validate clientId field exists (not null)",
        "time" : {
          "start" : 1603989019209,
          "stop" : 1603989019209,
          "duration" : 0
        },
        "status" : "passed",
        "steps" : [ ],
        "attachments" : [ ],
        "parameters" : [ ],
        "shouldDisplayMessage" : false,
        "attachmentsCount" : 0,
        "stepsCount" : 0,
        "hasContent" : false
      }, {
        "name" : "Step.3 --> Financial Terms Calculate response assertions --> Validate clientId field is correct",
        "time" : {
          "start" : 1603989019218,
          "stop" : 1603989019218,
          "duration" : 0
        },
        "status" : "passed",
        "steps" : [ ],
        "attachments" : [ ],
        "parameters" : [ ],
        "shouldDisplayMessage" : false,
        "attachmentsCount" : 0,
        "stepsCount" : 0,
        "hasContent" : false
      }, {
        "name" : "Step.4 --> Financial Terms Calculate response assertions --> Validate productId field is correct",
        "time" : {
          "start" : 1603989019225,
          "stop" : 1603989019225,
          "duration" : 0
        },
        "status" : "passed",
        "steps" : [ ],
        "attachments" : [ ],
        "parameters" : [ ],
        "shouldDisplayMessage" : false,
        "attachmentsCount" : 0,
        "stepsCount" : 0,
        "hasContent" : false
      }, {
        "name" : "Step.5 --> Financial Terms Calculate response assertions --> Validate purchaseAmount field is correct",
        "time" : {
          "start" : 1603989019234,
          "stop" : 1603989019234,
          "duration" : 0
        },
        "status" : "passed",
        "steps" : [ ],
        "attachments" : [ ],
        "parameters" : [ ],
        "shouldDisplayMessage" : false,
        "attachmentsCount" : 0,
        "stepsCount" : 0,
        "hasContent" : false
      }, {
        "name" : "Step.6 --> Transact V3 REST response assertions --> Validate responseCode field is correct",
        "time" : {
          "start" : 1603989019241,
          "stop" : 1603989019241,
          "duration" : 0
        },
        "status" : "passed",
        "steps" : [ ],
        "attachments" : [ ],
        "parameters" : [ ],
        "shouldDisplayMessage" : false,
        "attachmentsCount" : 0,
        "stepsCount" : 0,
        "hasContent" : false
      }, {
        "name" : "Step.7 --> Transact V3 REST response assertions --> Validate responseMessage field is correct",
        "time" : {
          "start" : 1603989019249,
          "stop" : 1603989019249,
          "duration" : 0
        },
        "status" : "passed",
        "steps" : [ ],
        "attachments" : [ ],
        "parameters" : [ ],
        "shouldDisplayMessage" : false,
        "attachmentsCount" : 0,
        "stepsCount" : 0,
        "hasContent" : false
      }, {
        "name" : "Step.8 --> Transact V3 REST response assertions --> Validate raasTxnRef field exists",
        "time" : {
          "start" : 1603989019256,
          "stop" : 1603989019256,
          "duration" : 0
        },
        "status" : "passed",
        "steps" : [ ],
        "attachments" : [ ],
        "parameters" : [ ],
        "shouldDisplayMessage" : false,
        "attachmentsCount" : 0,
        "stepsCount" : 0,
        "hasContent" : false
      }, {
        "name" : "Step.9 --> Transact V3 REST response assertions --> Validate HTTPResponseCode field exists",
        "time" : {
          "start" : 1603989019262,
          "stop" : 1603989019262,
          "duration" : 0
        },
        "status" : "passed",
        "steps" : [ ],
        "attachments" : [ ],
        "parameters" : [ ],
        "shouldDisplayMessage" : false,
        "attachmentsCount" : 0,
        "stepsCount" : 0,
        "hasContent" : false
      }, {
        "name" : "Step.10 --> RAAS DB assertions --> Table: raas.raas_request --> Validate raas_txn_ref field is correct",
        "time" : {
          "start" : 1603989019262,
          "stop" : 1603989019262,
          "duration" : 0
        },
        "status" : "passed",
        "steps" : [ ],
        "attachments" : [ ],
        "parameters" : [ ],
        "shouldDisplayMessage" : false,
        "attachmentsCount" : 0,
        "stepsCount" : 0,
        "hasContent" : false
      }, {
        "name" : "Step.11 --> RAAS DB assertions --> Table: raas.raas_request --> Validate account_identifier field is correct",
        "time" : {
          "start" : 1603989019523,
          "stop" : 1603989019523,
          "duration" : 0
        },
        "status" : "passed",
        "steps" : [ ],
        "attachments" : [ ],
        "parameters" : [ ],
        "shouldDisplayMessage" : false,
        "attachmentsCount" : 0,
        "stepsCount" : 0,
        "hasContent" : false
      }, {
        "name" : "Step.12 --> RAAS DB assertions --> Table: raas.raas_request --> Validate amount field is correct",
        "time" : {
          "start" : 1603989019913,
          "stop" : 1603989019913,
          "duration" : 0
        },
        "status" : "passed",
        "steps" : [ ],
        "attachments" : [ ],
        "parameters" : [ ],
        "shouldDisplayMessage" : false,
        "attachmentsCount" : 0,
        "stepsCount" : 0,
        "hasContent" : false
      }, {
        "name" : "Step.13 --> RAAS DB assertions --> Table: raas.raas_request --> Validate channel_id field is correct",
        "time" : {
          "start" : 1603989020168,
          "stop" : 1603989020168,
          "duration" : 0
        },
        "status" : "passed",
        "steps" : [ ],
        "attachments" : [ ],
        "parameters" : [ ],
        "shouldDisplayMessage" : false,
        "attachmentsCount" : 0,
        "stepsCount" : 0,
        "hasContent" : false
      }, {
        "name" : "Step.14 --> RAAS DB assertions --> Table: raas.raas_request --> Validate channel_session_id field is correct",
        "time" : {
          "start" : 1603989020428,
          "stop" : 1603989020428,
          "duration" : 0
        },
        "status" : "passed",
        "steps" : [ ],
        "attachments" : [ ],
        "parameters" : [ ],
        "shouldDisplayMessage" : false,
        "attachmentsCount" : 0,
        "stepsCount" : 0,
        "hasContent" : false
      }, {
        "name" : "Step.15 --> RAAS DB assertions --> Table: raas.raas_request --> Validate client_id field is correct",
        "time" : {
          "start" : 1603989020692,
          "stop" : 1603989020692,
          "duration" : 0
        },
        "status" : "passed",
        "steps" : [ ],
        "attachments" : [ ],
        "parameters" : [ ],
        "shouldDisplayMessage" : false,
        "attachmentsCount" : 0,
        "stepsCount" : 0,
        "hasContent" : false
      }, {
        "name" : "Step.16 --> RAAS DB assertions --> Table: raas.raas_request --> Validate client_txn_ref field is correct",
        "time" : {
          "start" : 1603989020947,
          "stop" : 1603989020947,
          "duration" : 0
        },
        "status" : "passed",
        "steps" : [ ],
        "attachments" : [ ],
        "parameters" : [ ],
        "shouldDisplayMessage" : false,
        "attachmentsCount" : 0,
        "stepsCount" : 0,
        "hasContent" : false
      }, {
        "name" : "Step.17 --> RAAS DB assertions --> Table: raas.raas_request --> Validate created field exists",
        "time" : {
          "start" : 1603989021205,
          "stop" : 1603989021205,
          "duration" : 0
        },
        "status" : "passed",
        "steps" : [ ],
        "attachments" : [ ],
        "parameters" : [ ],
        "shouldDisplayMessage" : false,
        "attachmentsCount" : 0,
        "stepsCount" : 0,
        "hasContent" : false
      }, {
        "name" : "Step.18 --> RAAS DB assertions --> Table: raas.raas_request --> Validate event_type field exists",
        "time" : {
          "start" : 1603989021501,
          "stop" : 1603989021501,
          "duration" : 0
        },
        "status" : "passed",
        "steps" : [ ],
        "attachments" : [ ],
        "parameters" : [ ],
        "shouldDisplayMessage" : false,
        "attachmentsCount" : 0,
        "stepsCount" : 0,
        "hasContent" : false
      }, {
        "name" : "Step.19 --> RAAS DB assertions --> Table: raas.raas_request --> Validate created field exists",
        "time" : {
          "start" : 1603989022090,
          "stop" : 1603989022090,
          "duration" : 0
        },
        "status" : "passed",
        "steps" : [ ],
        "attachments" : [ ],
        "parameters" : [ ],
        "shouldDisplayMessage" : false,
        "attachmentsCount" : 0,
        "stepsCount" : 0,
        "hasContent" : false
      }, {
        "name" : "Step.20 --> RAAS DB assertions --> Table: raas.raas_request --> Validate product_id field is correct",
        "time" : {
          "start" : 1603989022534,
          "stop" : 1603989022534,
          "duration" : 0
        },
        "status" : "passed",
        "steps" : [ ],
        "attachments" : [ ],
        "parameters" : [ ],
        "shouldDisplayMessage" : false,
        "attachmentsCount" : 0,
        "stepsCount" : 0,
        "hasContent" : false
      }, {
        "name" : "Step.21 --> RAAS DB assertions --> Table: raas.raas_request --> Validate source_identifier field is correct",
        "time" : {
          "start" : 1603989023066,
          "stop" : 1603989023066,
          "duration" : 0
        },
        "status" : "passed",
        "steps" : [ ],
        "attachments" : [ ],
        "parameters" : [ ],
        "shouldDisplayMessage" : false,
        "attachmentsCount" : 0,
        "stepsCount" : 0,
        "hasContent" : false
      }, {
        "name" : "Step.22 --> RAAS DB assertions --> Table: raas.raas_request --> Validate target_identifier field is correct",
        "time" : {
          "start" : 1603989023391,
          "stop" : 1603989023391,
          "duration" : 0
        },
        "status" : "passed",
        "steps" : [ ],
        "attachments" : [ ],
        "parameters" : [ ],
        "shouldDisplayMessage" : false,
        "attachmentsCount" : 0,
        "stepsCount" : 0,
        "hasContent" : false
      }, {
        "name" : "Step.23 --> RAAS DB assertions --> Table: raas.raas_request --> Validate timestamp field exists",
        "time" : {
          "start" : 1603989023673,
          "stop" : 1603989023673,
          "duration" : 0
        },
        "status" : "passed",
        "steps" : [ ],
        "attachments" : [ ],
        "parameters" : [ ],
        "shouldDisplayMessage" : false,
        "attachmentsCount" : 0,
        "stepsCount" : 0,
        "hasContent" : false
      }, {
        "name" : "Step.24 --> RAAS DB assertions --> Table: raas.raas_request --> Validate reserve_funds_txn_ref field is correct",
        "time" : {
          "start" : 1603989023933,
          "stop" : 1603989023933,
          "duration" : 0
        },
        "status" : "passed",
        "steps" : [ ],
        "attachments" : [ ],
        "parameters" : [ ],
        "shouldDisplayMessage" : false,
        "attachmentsCount" : 0,
        "stepsCount" : 0,
        "hasContent" : false
      }, {
        "name" : "Step.25 --> RAAS DB assertions --> Table: raas.raas_request --> Validate cdc_update_timestamp field exists",
        "time" : {
          "start" : 1603989024183,
          "stop" : 1603989024183,
          "duration" : 0
        },
        "status" : "passed",
        "steps" : [ ],
        "attachments" : [ ],
        "parameters" : [ ],
        "shouldDisplayMessage" : false,
        "attachmentsCount" : 0,
        "stepsCount" : 0,
        "hasContent" : false
      }, {
        "name" : "Step.26 --> RAAS DB assertions --> Table: raas.raas_request --> Validate channel_name field is correct",
        "time" : {
          "start" : 1603989024496,
          "stop" : 1603989024496,
          "duration" : 0
        },
        "status" : "passed",
        "steps" : [ ],
        "attachments" : [ ],
        "parameters" : [ ],
        "shouldDisplayMessage" : false,
        "attachmentsCount" : 0,
        "stepsCount" : 0,
        "hasContent" : false
      }, {
        "name" : "Step.27 --> RAAS DB assertions --> Table: raas.raas_request --> Validate fee_amount field exists",
        "time" : {
          "start" : 1603989024768,
          "stop" : 1603989024768,
          "duration" : 0
        },
        "status" : "passed",
        "steps" : [ ],
        "attachments" : [ ],
        "parameters" : [ ],
        "shouldDisplayMessage" : false,
        "attachmentsCount" : 0,
        "stepsCount" : 0,
        "hasContent" : false
      }, {
        "name" : "Step.28 --> RAAS DB assertions --> Table: raas.raas_request --> Validate api_call field is correct",
        "time" : {
          "start" : 1603989025031,
          "stop" : 1603989025031,
          "duration" : 0
        },
        "status" : "passed",
        "steps" : [ ],
        "attachments" : [ ],
        "parameters" : [ ],
        "shouldDisplayMessage" : false,
        "attachmentsCount" : 0,
        "stepsCount" : 0,
        "hasContent" : false
      }, {
        "name" : "Step.29 --> RAAS DB assertions --> Table: raas.raas_response --> Validate raas_txn_ref field is correct",
        "time" : {
          "start" : 1603989025296,
          "stop" : 1603989025296,
          "duration" : 0
        },
        "status" : "passed",
        "steps" : [ ],
        "attachments" : [ ],
        "parameters" : [ ],
        "shouldDisplayMessage" : false,
        "attachmentsCount" : 0,
        "stepsCount" : 0,
        "hasContent" : false
      }, {
        "name" : "Step.30 --> RAAS DB assertions --> Table: raas.raas_response --> Validate created field exists",
        "time" : {
          "start" : 1603989025599,
          "stop" : 1603989025599,
          "duration" : 0
        },
        "status" : "passed",
        "steps" : [ ],
        "attachments" : [ ],
        "parameters" : [ ],
        "shouldDisplayMessage" : false,
        "attachmentsCount" : 0,
        "stepsCount" : 0,
        "hasContent" : false
      }, {
        "name" : "Step.31 --> RAAS DB assertions --> Table: raas.raas_response --> Validate event_type field exists",
        "time" : {
          "start" : 1603989025851,
          "stop" : 1603989025851,
          "duration" : 0
        },
        "status" : "passed",
        "steps" : [ ],
        "attachments" : [ ],
        "parameters" : [ ],
        "shouldDisplayMessage" : false,
        "attachmentsCount" : 0,
        "stepsCount" : 0,
        "hasContent" : false
      }, {
        "name" : "Action Test Step 7 : update cpgtx.tran_log set transactionResponseCode = 2201, transactionType = 'PCH' where transactionResponseCode in (2236, 2240, 2213) and clientTransactionId = 'gyaj2i4jczx2miou6a2qai3s",
        "time" : {
          "start" : 1603989026114,
          "stop" : 1603989026114,
          "duration" : 0
        },
        "status" : "passed",
        "steps" : [ ],
        "attachments" : [ ],
        "parameters" : [ ],
        "shouldDisplayMessage" : false,
        "attachmentsCount" : 0,
        "stepsCount" : 0,
        "hasContent" : false
      }, {
        "name" : "Action Test Step 8 : Wait 10 seconds for the pending transaction to process then continue with CTX DB assertion steps",
        "time" : {
          "start" : 1603989026377,
          "stop" : 1603989026377,
          "duration" : 0
        },
        "status" : "passed",
        "steps" : [ ],
        "attachments" : [ ],
        "parameters" : [ ],
        "shouldDisplayMessage" : false,
        "attachmentsCount" : 0,
        "stepsCount" : 0,
        "hasContent" : false
      }, {
        "name" : "Step.32 --> CTX DB assertions --> Table: cpgtx.tran_log --> Validate transactionResponseCode field is correct",
        "time" : {
          "start" : 1603989036392,
          "stop" : 1603989036392,
          "duration" : 0
        },
        "status" : "passed",
        "steps" : [ ],
        "attachments" : [ ],
        "parameters" : [ ],
        "shouldDisplayMessage" : false,
        "attachmentsCount" : 0,
        "stepsCount" : 0,
        "hasContent" : false
      } ],
      "attachments" : [ ],
      "parameters" : [ {
        "name" : "accountIdentifier",
        "value" : "d3d4ce83-b6b0-4558-a455-fceb1"
      }, {
        "name" : "purchaseAmount",
        "value" : "15000"
      }, {
        "name" : "channelId",
        "value" : "7"
      }, {
        "name" : "channelName",
        "value" : "test"
      }, {
        "name" : "channelSessionId",
        "value" : "2022564675"
      }, {
        "name" : "clientId",
        "value" : "3"
      }, {
        "name" : "clientTxnRef",
        "value" : "test123"
      }, {
        "name" : "productId",
        "value" : "100"
      }, {
        "name" : "sourceIdentifier",
        "value" : "2341111111111"
      }, {
        "name" : "targetIdentifier",
        "value" : "2341111111111"
      }, {
        "name" : "timeStamp",
        "value" : "2019-09-03T15:35:26.720+02:00"
      }, {
        "name" : "reserveFundsTxnRef",
        "value" : "54840679064361690040001"
      }, {
        "name" : "feeAmount",
        "value" : "0"
      }, {
        "name" : "currencyCode",
        "value" : "NGN"
      }, {
        "name" : "fundingSourceId",
        "value" : "3"
      }, {
        "name" : "expectedRaasResponseCode",
        "value" : "0000"
      }, {
        "name" : "expectedMessage",
        "value" : "Processing request (funds reserved)"
      }, {
        "name" : "expectedHTTPResponseCode",
        "value" : "200"
      }, {
        "name" : "expectedRaasResultRequestResponseCode",
        "value" : "0000"
      }, {
        "name" : "expectedRaasResultResponseResponseCode",
        "value" : "202"
      }, {
        "name" : "expectedCTXTransactionResponseCode",
        "value" : "2213"
      }, {
        "name" : "simulatorScenario",
        "value" : "MTNNG EXCEPTION"
      }, {
        "name" : "simulatorResetState",
        "value" : "MTNNG ERROR ERROR_INV_MSISDN"
      } ],
      "shouldDisplayMessage" : true,
      "attachmentsCount" : 0,
      "stepsCount" : 40,
      "hasContent" : true
    } ],
    "attachments" : [ {
      "uid" : "9aca60df6142c338",
      "name" : "request",
      "source" : "9aca60df6142c338.txt",
      "type" : "text/plain",
      "size" : 1379
    }, {
      "uid" : "33f78c6271618d9a",
      "name" : "response",
      "source" : "33f78c6271618d9a.txt",
      "type" : "text/plain",
      "size" : 1575
    } ],
    "parameters" : [ ],
    "shouldDisplayMessage" : false,
    "attachmentsCount" : 2,
    "stepsCount" : 41,
    "hasContent" : true
  },
  "afterStages" : [ ],
  "labels" : [ {
    "name" : "package",
    "value" : "API.dotCoreTests.regression_Raas_Transact_V3"
  }, {
    "name" : "testClass",
    "value" : "API.dotCoreTests.regression_Raas_Transact_V3"
  }, {
    "name" : "testMethod",
    "value" : "transactV3VendorPendingToRetryableDeclineToNonRetryableDeclineTests"
  }, {
    "name" : "parentSuite",
    "value" : "Transact V3 Test Suite"
  }, {
    "name" : "suite",
    "value" : "regression_Raas_Transact_V3.java"
  }, {
    "name" : "subSuite",
    "value" : "API.dotCoreTests.regression_Raas_Transact_V3"
  }, {
    "name" : "host",
    "value" : "FANB0716"
  }, {
    "name" : "thread",
    "value" : "12740@FANB0716.TestNG-test=regression_Raas_Transact_V3.java-2(77)"
  }, {
    "name" : "framework",
    "value" : "testng"
  }, {
    "name" : "language",
    "value" : "java"
  }, {
    "name" : "resultFormat",
    "value" : "allure2"
  } ],
  "parameters" : [ {
    "name" : "arg0",
    "value" : "d3d4ce83-b6b0-4558-a455-fceb1"
  }, {
    "name" : "arg1",
    "value" : "15000"
  }, {
    "name" : "arg10",
    "value" : "2019-09-03T15:35:26.720+02:00"
  }, {
    "name" : "arg11",
    "value" : "54840679064361690040001"
  }, {
    "name" : "arg12",
    "value" : "0"
  }, {
    "name" : "arg13",
    "value" : "NGN"
  }, {
    "name" : "arg14",
    "value" : "3"
  }, {
    "name" : "arg15",
    "value" : "0000"
  }, {
    "name" : "arg16",
    "value" : "Processing request (funds reserved)"
  }, {
    "name" : "arg17",
    "value" : "200"
  }, {
    "name" : "arg18",
    "value" : "0000"
  }, {
    "name" : "arg19",
    "value" : "202"
  }, {
    "name" : "arg2",
    "value" : "7"
  }, {
    "name" : "arg20",
    "value" : "2213"
  }, {
    "name" : "arg21",
    "value" : "MTNNG EXCEPTION"
  }, {
    "name" : "arg22",
    "value" : "MTNNG ERROR ERROR_INV_MSISDN"
  }, {
    "name" : "arg3",
    "value" : "test"
  }, {
    "name" : "arg4",
    "value" : "2022564675"
  }, {
    "name" : "arg5",
    "value" : "3"
  }, {
    "name" : "arg6",
    "value" : "test123"
  }, {
    "name" : "arg7",
    "value" : "100"
  }, {
    "name" : "arg8",
    "value" : "2341111111111"
  }, {
    "name" : "arg9",
    "value" : "2341111111111"
  } ],
  "links" : [ ],
  "hidden" : false,
  "retry" : false,
  "extra" : {
    "severity" : "normal",
    "retries" : [ ],
    "categories" : [ {
      "name" : "Product defects",
      "matchedStatuses" : [ ],
      "flaky" : false
    } ],
    "tags" : [ ]
  },
  "source" : "d5b1cb0a4151437.json",
  "parameterValues" : [ "d3d4ce83-b6b0-4558-a455-fceb1", "15000", "2019-09-03T15:35:26.720+02:00", "54840679064361690040001", "0", "NGN", "3", "0000", "Processing request (funds reserved)", "200", "0000", "202", "7", "2213", "MTNNG EXCEPTION", "MTNNG ERROR ERROR_INV_MSISDN", "test", "2022564675", "3", "test123", "100", "2341111111111", "2341111111111" ]
}